11:05:02 **** Incremental Build of configuration Nios II for project assembly_demo ****
make all 
Info: Building ../assembly_demo_bsp/
C:/intelFPGA_lite/18.1/nios2eds/bin/gnu/H-x86_64-mingw32/bin/make --no-print-directory -C ../assembly_demo_bsp/
[BSP build complete]
Info: Assembling lights.s to obj/default/lights.o
nios2-elf-gcc -MP -MMD -c -I../assembly_demo_bsp//HAL/inc -I../assembly_demo_bsp/ -I../assembly_demo_bsp//drivers/inc  -pipe -D__hal__ -DALT_NO_INSTRUCTION_EMULATION -DALT_SINGLE_THREADED    -O0 -g -Wall   -mno-hw-div -mno-hw-mul -mno-hw-mulx -mgpopt=global  -Wa,-I../assembly_demo_bsp//HAL/inc -Wa,-I../assembly_demo_bsp/ -Wa,-I../assembly_demo_bsp//drivers/inc -Wa,-gdwarf2 -o obj/default/lights.o lights.s
Info: Linking assembly_demo.elf
nios2-elf-g++  -T'../assembly_demo_bsp//linker.x' -msys-crt0='../assembly_demo_bsp//obj/HAL/src/crt0.o' -msys-lib=hal_bsp -L../assembly_demo_bsp/   -Wl,-Map=assembly_demo.map   -O0 -g -Wall   -mno-hw-div -mno-hw-mul -mno-hw-mulx -mgpopt=global  -o assembly_demo.elf obj/default/lights.o -lm -msys-lib=m
nios2-elf-insert assembly_demo.elf --thread_model hal --cpu_name nios2_gen2_0 --qsys true --simulation_enabled false --id 2 --sidp 0x11020 --timestamp 1737418878 --stderr_dev jtag_uart_0 --stdin_dev jtag_uart_0 --stdout_dev jtag_uart_0 --sopc_system_name nios_system --quartus_project_dir "D:/Documents/CPET_561/Assembly_Demo" --jdi ../..//output_files/assembly_demo.jdi --sopcinfo D:/Documents/CPET_561/Assembly_Demo/software/assembly_demo_bsp/../../nios_system.sopcinfo
Info: (assembly_demo.elf) 15 KBytes program size (code + initialized data).
Info:                     11 KBytes free for stack + heap.
Info: Creating assembly_demo.objdump
nios2-elf-objdump --disassemble --syms --all-header --source assembly_demo.elf >assembly_demo.objdump
[assembly_demo build complete]
11:05:10 **** Incremental Build of configuration Nios II for project assembly_demo ****
make all 
Info: Building ../assembly_demo_bsp/
C:/intelFPGA_lite/18.1/nios2eds/bin/gnu/H-x86_64-mingw32/bin/make --no-print-directory -C ../assembly_demo_bsp/
[BSP build complete]
[assembly_demo build complete]
11:06:05 **** Incremental Build of configuration Nios II for project assembly_demo ****
make all 
Info: Building ../assembly_demo_bsp/
C:/intelFPGA_lite/18.1/nios2eds/bin/gnu/H-x86_64-mingw32/bin/make --no-print-directory -C ../assembly_demo_bsp/
[BSP build complete]
[assembly_demo build complete]
11:06:15 **** Incremental Build of configuration Nios II for project assembly_demo ****
make all 
Info: Building ../assembly_demo_bsp/
C:/intelFPGA_lite/18.1/nios2eds/bin/gnu/H-x86_64-mingw32/bin/make --no-print-directory -C ../assembly_demo_bsp/
[BSP build complete]
[assembly_demo build complete]
11:06:42 **** Incremental Build of configuration Nios II for project assembly_demo ****
make all 
Info: Building ../assembly_demo_bsp/
C:/intelFPGA_lite/18.1/nios2eds/bin/gnu/H-x86_64-mingw32/bin/make --no-print-directory -C ../assembly_demo_bsp/
[BSP build complete]
[assembly_demo build complete]
11:06:56 **** Incremental Build of configuration Nios II for project assembly_demo ****
make all 
Info: Building ../assembly_demo_bsp/
C:/intelFPGA_lite/18.1/nios2eds/bin/gnu/H-x86_64-mingw32/bin/make --no-print-directory -C ../assembly_demo_bsp/
[BSP build complete]
[assembly_demo build complete]
11:08:25 **** Incremental Build of configuration Nios II for project assembly_demo ****
make all 
Info: Building ../assembly_demo_bsp/
C:/intelFPGA_lite/18.1/nios2eds/bin/gnu/H-x86_64-mingw32/bin/make --no-print-directory -C ../assembly_demo_bsp/
[BSP build complete]
[assembly_demo build complete]
11:08:25 **** Incremental Build of configuration Nios II for project assembly_demo_bsp ****
make all 
[BSP build complete]
11:08:35 **** Incremental Build of configuration Nios II for project assembly_demo ****
make all 
Info: Building ../assembly_demo_bsp/
C:/intelFPGA_lite/18.1/nios2eds/bin/gnu/H-x86_64-mingw32/bin/make --no-print-directory -C ../assembly_demo_bsp/
[BSP build complete]
[assembly_demo build complete]
11:15:02 **** Incremental Build of configuration Nios II for project assembly_demo ****
make all 
Info: Building ../assembly_demo_bsp/
C:/intelFPGA_lite/18.1/nios2eds/bin/gnu/H-x86_64-mingw32/bin/make --no-print-directory -C ../assembly_demo_bsp/
[BSP build complete]
[assembly_demo build complete]
