18:01:21 **** Clean-only build of configuration Nios II for project lab3_bsp ****
make clean 
[BSP clean complete]
18:01:25 **** Clean-only build of configuration Nios II for project lab3 ****
make clean 
[lab3 clean complete]
18:02:49 **** Build of configuration Nios II for project lab3 ****
make all 
Info: Building ../lab3_bsp/
C:/intelFPGA_lite/18.1/nios2eds/bin/gnu/H-x86_64-mingw32/bin/make --no-print-directory -C ../lab3_bsp/
Compiling alt_alarm_start.c...
nios2-elf-gcc -xc -MP -MMD -c  -I./HAL/inc -I. -I./drivers/inc -pipe -D__hal__ -DALT_NO_INSTRUCTION_EMULATION -DALT_SINGLE_THREADED    -O0 -g -Wall  -mno-hw-div -mno-hw-mul -mno-hw-mulx -mgpopt=global   -o obj/HAL/src/alt_alarm_start.o HAL/src/alt_alarm_start.c
Compiling alt_busy_sleep.c...
nios2-elf-gcc -xc -MP -MMD -c  -I./HAL/inc -I. -I./drivers/inc -pipe -D__hal__ -DALT_NO_INSTRUCTION_EMULATION -DALT_SINGLE_THREADED    -O0 -g -Wall  -mno-hw-div -mno-hw-mul -mno-hw-mulx -mgpopt=global   -o obj/HAL/src/alt_busy_sleep.o HAL/src/alt_busy_sleep.c
Compiling alt_close.c...
nios2-elf-gcc -xc -MP -MMD -c  -I./HAL/inc -I. -I./drivers/inc -pipe -D__hal__ -DALT_NO_INSTRUCTION_EMULATION -DALT_SINGLE_THREADED    -O0 -g -Wall  -mno-hw-div -mno-hw-mul -mno-hw-mulx -mgpopt=global   -o obj/HAL/src/alt_close.o HAL/src/alt_close.c
Compiling alt_dcache_flush.c...
nios2-elf-gcc -xc -MP -MMD -c  -I./HAL/inc -I. -I./drivers/inc -pipe -D__hal__ -DALT_NO_INSTRUCTION_EMULATION -DALT_SINGLE_THREADED    -O0 -g -Wall  -mno-hw-div -mno-hw-mul -mno-hw-mulx -mgpopt=global   -o obj/HAL/src/alt_dcache_flush.o HAL/src/alt_dcache_flush.c
Compiling alt_dcache_flush_all.c...
nios2-elf-gcc -xc -MP -MMD -c  -I./HAL/inc -I. -I./drivers/inc -pipe -D__hal__ -DALT_NO_INSTRUCTION_EMULATION -DALT_SINGLE_THREADED    -O0 -g -Wall  -mno-hw-div -mno-hw-mul -mno-hw-mulx -mgpopt=global   -o obj/HAL/src/alt_dcache_flush_all.o HAL/src/alt_dcache_flush_all.c
Compiling alt_dcache_flush_no_writeback.c...
nios2-elf-gcc -xc -MP -MMD -c  -I./HAL/inc -I. -I./drivers/inc -pipe -D__hal__ -DALT_NO_INSTRUCTION_EMULATION -DALT_SINGLE_THREADED    -O0 -g -Wall  -mno-hw-div -mno-hw-mul -mno-hw-mulx -mgpopt=global   -o obj/HAL/src/alt_dcache_flush_no_writeback.o HAL/src/alt_dcache_flush_no_writeback.c
Compiling alt_dev.c...
nios2-elf-gcc -xc -MP -MMD -c  -I./HAL/inc -I. -I./drivers/inc -pipe -D__hal__ -DALT_NO_INSTRUCTION_EMULATION -DALT_SINGLE_THREADED    -O0 -g -Wall  -mno-hw-div -mno-hw-mul -mno-hw-mulx -mgpopt=global   -o obj/HAL/src/alt_dev.o HAL/src/alt_dev.c
Compiling alt_dev_llist_insert.c...
nios2-elf-gcc -xc -MP -MMD -c  -I./HAL/inc -I. -I./drivers/inc -pipe -D__hal__ -DALT_NO_INSTRUCTION_EMULATION -DALT_SINGLE_THREADED    -O0 -g -Wall  -mno-hw-div -mno-hw-mul -mno-hw-mulx -mgpopt=global   -o obj/HAL/src/alt_dev_llist_insert.o HAL/src/alt_dev_llist_insert.c
Compiling alt_dma_rxchan_open.c...
nios2-elf-gcc -xc -MP -MMD -c  -I./HAL/inc -I. -I./drivers/inc -pipe -D__hal__ -DALT_NO_INSTRUCTION_EMULATION -DALT_SINGLE_THREADED    -O0 -g -Wall  -mno-hw-div -mno-hw-mul -mno-hw-mulx -mgpopt=global   -o obj/HAL/src/alt_dma_rxchan_open.o HAL/src/alt_dma_rxchan_open.c
Compiling alt_dma_txchan_open.c...
nios2-elf-gcc -xc -MP -MMD -c  -I./HAL/inc -I. -I./drivers/inc -pipe -D__hal__ -DALT_NO_INSTRUCTION_EMULATION -DALT_SINGLE_THREADED    -O0 -g -Wall  -mno-hw-div -mno-hw-mul -mno-hw-mulx -mgpopt=global   -o obj/HAL/src/alt_dma_txchan_open.o HAL/src/alt_dma_txchan_open.c
Compiling alt_do_ctors.c...
nios2-elf-gcc -xc -MP -MMD -c  -I./HAL/inc -I. -I./drivers/inc -pipe -D__hal__ -DALT_NO_INSTRUCTION_EMULATION -DALT_SINGLE_THREADED    -O0 -g -Wall  -mno-hw-div -mno-hw-mul -mno-hw-mulx -mgpopt=global   -o obj/HAL/src/alt_do_ctors.o HAL/src/alt_do_ctors.c
Compiling alt_do_dtors.c...
nios2-elf-gcc -xc -MP -MMD -c  -I./HAL/inc -I. -I./drivers/inc -pipe -D__hal__ -DALT_NO_INSTRUCTION_EMULATION -DALT_SINGLE_THREADED    -O0 -g -Wall  -mno-hw-div -mno-hw-mul -mno-hw-mulx -mgpopt=global   -o obj/HAL/src/alt_do_dtors.o HAL/src/alt_do_dtors.c
Compiling alt_ecc_fatal_entry.S...
nios2-elf-gcc -MP -MMD -c   -O0 -g -Wall  -mno-hw-div -mno-hw-mul -mno-hw-mulx -mgpopt=global    -I./HAL/inc -I. -I./drivers/inc -pipe -D__hal__ -DALT_NO_INSTRUCTION_EMULATION -DALT_SINGLE_THREADED  -Wa,-gdwarf2  -o obj/HAL/src/alt_ecc_fatal_entry.o HAL/src/alt_ecc_fatal_entry.S
Compiling alt_ecc_fatal_exception.c...
nios2-elf-gcc -xc -MP -MMD -c  -I./HAL/inc -I. -I./drivers/inc -pipe -D__hal__ -DALT_NO_INSTRUCTION_EMULATION -DALT_SINGLE_THREADED    -O0 -g -Wall  -mno-hw-div -mno-hw-mul -mno-hw-mulx -mgpopt=global   -o obj/HAL/src/alt_ecc_fatal_exception.o HAL/src/alt_ecc_fatal_exception.c
Compiling alt_env_lock.c...
nios2-elf-gcc -xc -MP -MMD -c  -I./HAL/inc -I. -I./drivers/inc -pipe -D__hal__ -DALT_NO_INSTRUCTION_EMULATION -DALT_SINGLE_THREADED    -O0 -g -Wall  -mno-hw-div -mno-hw-mul -mno-hw-mulx -mgpopt=global   -o obj/HAL/src/alt_env_lock.o HAL/src/alt_env_lock.c
Compiling alt_environ.c...
nios2-elf-gcc -xc -MP -MMD -c  -I./HAL/inc -I. -I./drivers/inc -pipe -D__hal__ -DALT_NO_INSTRUCTION_EMULATION -DALT_SINGLE_THREADED    -O0 -g -Wall  -mno-hw-div -mno-hw-mul -mno-hw-mulx -mgpopt=global   -o obj/HAL/src/alt_environ.o HAL/src/alt_environ.c
Compiling alt_errno.c...
nios2-elf-gcc -xc -MP -MMD -c  -I./HAL/inc -I. -I./drivers/inc -pipe -D__hal__ -DALT_NO_INSTRUCTION_EMULATION -DALT_SINGLE_THREADED    -O0 -g -Wall  -mno-hw-div -mno-hw-mul -mno-hw-mulx -mgpopt=global   -o obj/HAL/src/alt_errno.o HAL/src/alt_errno.c
Compiling alt_exception_entry.S...
nios2-elf-gcc -MP -MMD -c   -O0 -g -Wall  -mno-hw-div -mno-hw-mul -mno-hw-mulx -mgpopt=global    -I./HAL/inc -I. -I./drivers/inc -pipe -D__hal__ -DALT_NO_INSTRUCTION_EMULATION -DALT_SINGLE_THREADED  -Wa,-gdwarf2  -o obj/HAL/src/alt_exception_entry.o HAL/src/alt_exception_entry.S
Compiling alt_exception_muldiv.S...
nios2-elf-gcc -MP -MMD -c   -O0 -g -Wall  -mno-hw-div -mno-hw-mul -mno-hw-mulx -mgpopt=global    -I./HAL/inc -I. -I./drivers/inc -pipe -D__hal__ -DALT_NO_INSTRUCTION_EMULATION -DALT_SINGLE_THREADED  -Wa,-gdwarf2  -o obj/HAL/src/alt_exception_muldiv.o HAL/src/alt_exception_muldiv.S
Compiling alt_exception_trap.S...
nios2-elf-gcc -MP -MMD -c   -O0 -g -Wall  -mno-hw-div -mno-hw-mul -mno-hw-mulx -mgpopt=global    -I./HAL/inc -I. -I./drivers/inc -pipe -D__hal__ -DALT_NO_INSTRUCTION_EMULATION -DALT_SINGLE_THREADED  -Wa,-gdwarf2  -o obj/HAL/src/alt_exception_trap.o HAL/src/alt_exception_trap.S
Compiling alt_execve.c...
nios2-elf-gcc -xc -MP -MMD -c  -I./HAL/inc -I. -I./drivers/inc -pipe -D__hal__ -DALT_NO_INSTRUCTION_EMULATION -DALT_SINGLE_THREADED    -O0 -g -Wall  -mno-hw-div -mno-hw-mul -mno-hw-mulx -mgpopt=global   -o obj/HAL/src/alt_execve.o HAL/src/alt_execve.c
Compiling alt_exit.c...
nios2-elf-gcc -xc -MP -MMD -c  -I./HAL/inc -I. -I./drivers/inc -pipe -D__hal__ -DALT_NO_INSTRUCTION_EMULATION -DALT_SINGLE_THREADED    -O0 -g -Wall  -mno-hw-div -mno-hw-mul -mno-hw-mulx -mgpopt=global   -o obj/HAL/src/alt_exit.o HAL/src/alt_exit.c
Compiling alt_fcntl.c...
nios2-elf-gcc -xc -MP -MMD -c  -I./HAL/inc -I. -I./drivers/inc -pipe -D__hal__ -DALT_NO_INSTRUCTION_EMULATION -DALT_SINGLE_THREADED    -O0 -g -Wall  -mno-hw-div -mno-hw-mul -mno-hw-mulx -mgpopt=global   -o obj/HAL/src/alt_fcntl.o HAL/src/alt_fcntl.c
Compiling alt_fd_lock.c...
nios2-elf-gcc -xc -MP -MMD -c  -I./HAL/inc -I. -I./drivers/inc -pipe -D__hal__ -DALT_NO_INSTRUCTION_EMULATION -DALT_SINGLE_THREADED    -O0 -g -Wall  -mno-hw-div -mno-hw-mul -mno-hw-mulx -mgpopt=global   -o obj/HAL/src/alt_fd_lock.o HAL/src/alt_fd_lock.c
Compiling alt_fd_unlock.c...
nios2-elf-gcc -xc -MP -MMD -c  -I./HAL/inc -I. -I./drivers/inc -pipe -D__hal__ -DALT_NO_INSTRUCTION_EMULATION -DALT_SINGLE_THREADED    -O0 -g -Wall  -mno-hw-div -mno-hw-mul -mno-hw-mulx -mgpopt=global   -o obj/HAL/src/alt_fd_unlock.o HAL/src/alt_fd_unlock.c
Compiling alt_find_dev.c...
nios2-elf-gcc -xc -MP -MMD -c  -I./HAL/inc -I. -I./drivers/inc -pipe -D__hal__ -DALT_NO_INSTRUCTION_EMULATION -DALT_SINGLE_THREADED    -O0 -g -Wall  -mno-hw-div -mno-hw-mul -mno-hw-mulx -mgpopt=global   -o obj/HAL/src/alt_find_dev.o HAL/src/alt_find_dev.c
Compiling alt_find_file.c...
nios2-elf-gcc -xc -MP -MMD -c  -I./HAL/inc -I. -I./drivers/inc -pipe -D__hal__ -DALT_NO_INSTRUCTION_EMULATION -DALT_SINGLE_THREADED    -O0 -g -Wall  -mno-hw-div -mno-hw-mul -mno-hw-mulx -mgpopt=global   -o obj/HAL/src/alt_find_file.o HAL/src/alt_find_file.c
Compiling alt_flash_dev.c...
nios2-elf-gcc -xc -MP -MMD -c  -I./HAL/inc -I. -I./drivers/inc -pipe -D__hal__ -DALT_NO_INSTRUCTION_EMULATION -DALT_SINGLE_THREADED    -O0 -g -Wall  -mno-hw-div -mno-hw-mul -mno-hw-mulx -mgpopt=global   -o obj/HAL/src/alt_flash_dev.o HAL/src/alt_flash_dev.c
Compiling alt_fork.c...
nios2-elf-gcc -xc -MP -MMD -c  -I./HAL/inc -I. -I./drivers/inc -pipe -D__hal__ -DALT_NO_INSTRUCTION_EMULATION -DALT_SINGLE_THREADED    -O0 -g -Wall  -mno-hw-div -mno-hw-mul -mno-hw-mulx -mgpopt=global   -o obj/HAL/src/alt_fork.o HAL/src/alt_fork.c
Compiling alt_fs_reg.c...
nios2-elf-gcc -xc -MP -MMD -c  -I./HAL/inc -I. -I./drivers/inc -pipe -D__hal__ -DALT_NO_INSTRUCTION_EMULATION -DALT_SINGLE_THREADED    -O0 -g -Wall  -mno-hw-div -mno-hw-mul -mno-hw-mulx -mgpopt=global   -o obj/HAL/src/alt_fs_reg.o HAL/src/alt_fs_reg.c
Compiling alt_fstat.c...
nios2-elf-gcc -xc -MP -MMD -c  -I./HAL/inc -I. -I./drivers/inc -pipe -D__hal__ -DALT_NO_INSTRUCTION_EMULATION -DALT_SINGLE_THREADED    -O0 -g -Wall  -mno-hw-div -mno-hw-mul -mno-hw-mulx -mgpopt=global   -o obj/HAL/src/alt_fstat.o HAL/src/alt_fstat.c
Compiling alt_get_fd.c...
nios2-elf-gcc -xc -MP -MMD -c  -I./HAL/inc -I. -I./drivers/inc -pipe -D__hal__ -DALT_NO_INSTRUCTION_EMULATION -DALT_SINGLE_THREADED    -O0 -g -Wall  -mno-hw-div -mno-hw-mul -mno-hw-mulx -mgpopt=global   -o obj/HAL/src/alt_get_fd.o HAL/src/alt_get_fd.c
Compiling alt_getchar.c...
nios2-elf-gcc -xc -MP -MMD -c  -I./HAL/inc -I. -I./drivers/inc -pipe -D__hal__ -DALT_NO_INSTRUCTION_EMULATION -DALT_SINGLE_THREADED    -O0 -g -Wall  -mno-hw-div -mno-hw-mul -mno-hw-mulx -mgpopt=global   -o obj/HAL/src/alt_getchar.o HAL/src/alt_getchar.c
Compiling alt_getpid.c...
nios2-elf-gcc -xc -MP -MMD -c  -I./HAL/inc -I. -I./drivers/inc -pipe -D__hal__ -DALT_NO_INSTRUCTION_EMULATION -DALT_SINGLE_THREADED    -O0 -g -Wall  -mno-hw-div -mno-hw-mul -mno-hw-mulx -mgpopt=global   -o obj/HAL/src/alt_getpid.o HAL/src/alt_getpid.c
Compiling alt_gettod.c...
nios2-elf-gcc -xc -MP -MMD -c  -I./HAL/inc -I. -I./drivers/inc -pipe -D__hal__ -DALT_NO_INSTRUCTION_EMULATION -DALT_SINGLE_THREADED    -O0 -g -Wall  -mno-hw-div -mno-hw-mul -mno-hw-mulx -mgpopt=global   -o obj/HAL/src/alt_gettod.o HAL/src/alt_gettod.c
Compiling alt_gmon.c...
nios2-elf-gcc -xc -MP -MMD -c  -I./HAL/inc -I. -I./drivers/inc -pipe -D__hal__ -DALT_NO_INSTRUCTION_EMULATION -DALT_SINGLE_THREADED    -O0 -g -Wall  -mno-hw-div -mno-hw-mul -mno-hw-mulx -mgpopt=global   -o obj/HAL/src/alt_gmon.o HAL/src/alt_gmon.c
Compiling alt_icache_flush.c...
nios2-elf-gcc -xc -MP -MMD -c  -I./HAL/inc -I. -I./drivers/inc -pipe -D__hal__ -DALT_NO_INSTRUCTION_EMULATION -DALT_SINGLE_THREADED    -O0 -g -Wall  -mno-hw-div -mno-hw-mul -mno-hw-mulx -mgpopt=global   -o obj/HAL/src/alt_icache_flush.o HAL/src/alt_icache_flush.c
Compiling alt_icache_flush_all.c...
nios2-elf-gcc -xc -MP -MMD -c  -I./HAL/inc -I. -I./drivers/inc -pipe -D__hal__ -DALT_NO_INSTRUCTION_EMULATION -DALT_SINGLE_THREADED    -O0 -g -Wall  -mno-hw-div -mno-hw-mul -mno-hw-mulx -mgpopt=global   -o obj/HAL/src/alt_icache_flush_all.o HAL/src/alt_icache_flush_all.c
Compiling alt_iic.c...
nios2-elf-gcc -xc -MP -MMD -c  -I./HAL/inc -I. -I./drivers/inc -pipe -D__hal__ -DALT_NO_INSTRUCTION_EMULATION -DALT_SINGLE_THREADED    -O0 -g -Wall  -mno-hw-div -mno-hw-mul -mno-hw-mulx -mgpopt=global   -o obj/HAL/src/alt_iic.o HAL/src/alt_iic.c
Compiling alt_iic_isr_register.c...
nios2-elf-gcc -xc -MP -MMD -c  -I./HAL/inc -I. -I./drivers/inc -pipe -D__hal__ -DALT_NO_INSTRUCTION_EMULATION -DALT_SINGLE_THREADED    -O0 -g -Wall  -mno-hw-div -mno-hw-mul -mno-hw-mulx -mgpopt=global   -o obj/HAL/src/alt_iic_isr_register.o HAL/src/alt_iic_isr_register.c
Compiling alt_instruction_exception_entry.c...
nios2-elf-gcc -xc -MP -MMD -c  -I./HAL/inc -I. -I./drivers/inc -pipe -D__hal__ -DALT_NO_INSTRUCTION_EMULATION -DALT_SINGLE_THREADED    -O0 -g -Wall  -mno-hw-div -mno-hw-mul -mno-hw-mulx -mgpopt=global   -o obj/HAL/src/alt_instruction_exception_entry.o HAL/src/alt_instruction_exception_entry.c
Compiling alt_instruction_exception_register.c...
nios2-elf-gcc -xc -MP -MMD -c  -I./HAL/inc -I. -I./drivers/inc -pipe -D__hal__ -DALT_NO_INSTRUCTION_EMULATION -DALT_SINGLE_THREADED    -O0 -g -Wall  -mno-hw-div -mno-hw-mul -mno-hw-mulx -mgpopt=global   -o obj/HAL/src/alt_instruction_exception_register.o HAL/src/alt_instruction_exception_register.c
Compiling alt_io_redirect.c...
nios2-elf-gcc -xc -MP -MMD -c  -I./HAL/inc -I. -I./drivers/inc -pipe -D__hal__ -DALT_NO_INSTRUCTION_EMULATION -DALT_SINGLE_THREADED    -O0 -g -Wall  -mno-hw-div -mno-hw-mul -mno-hw-mulx -mgpopt=global   -o obj/HAL/src/alt_io_redirect.o HAL/src/alt_io_redirect.c
Compiling alt_ioctl.c...
nios2-elf-gcc -xc -MP -MMD -c  -I./HAL/inc -I. -I./drivers/inc -pipe -D__hal__ -DALT_NO_INSTRUCTION_EMULATION -DALT_SINGLE_THREADED    -O0 -g -Wall  -mno-hw-div -mno-hw-mul -mno-hw-mulx -mgpopt=global   -o obj/HAL/src/alt_ioctl.o HAL/src/alt_ioctl.c
Compiling alt_irq_entry.S...
nios2-elf-gcc -MP -MMD -c   -O0 -g -Wall  -mno-hw-div -mno-hw-mul -mno-hw-mulx -mgpopt=global    -I./HAL/inc -I. -I./drivers/inc -pipe -D__hal__ -DALT_NO_INSTRUCTION_EMULATION -DALT_SINGLE_THREADED  -Wa,-gdwarf2  -o obj/HAL/src/alt_irq_entry.o HAL/src/alt_irq_entry.S
Compiling alt_irq_handler.c...
nios2-elf-gcc -xc -MP -MMD -c  -I./HAL/inc -I. -I./drivers/inc -pipe -D__hal__ -DALT_NO_INSTRUCTION_EMULATION -DALT_SINGLE_THREADED    -O0 -g -Wall  -mno-hw-div -mno-hw-mul -mno-hw-mulx -mgpopt=global   -o obj/HAL/src/alt_irq_handler.o HAL/src/alt_irq_handler.c
Compiling alt_irq_register.c...
nios2-elf-gcc -xc -MP -MMD -c  -I./HAL/inc -I. -I./drivers/inc -pipe -D__hal__ -DALT_NO_INSTRUCTION_EMULATION -DALT_SINGLE_THREADED    -O0 -g -Wall  -mno-hw-div -mno-hw-mul -mno-hw-mulx -mgpopt=global   -o obj/HAL/src/alt_irq_register.o HAL/src/alt_irq_register.c
Compiling alt_irq_vars.c...
nios2-elf-gcc -xc -MP -MMD -c  -I./HAL/inc -I. -I./drivers/inc -pipe -D__hal__ -DALT_NO_INSTRUCTION_EMULATION -DALT_SINGLE_THREADED    -O0 -g -Wall  -mno-hw-div -mno-hw-mul -mno-hw-mulx -mgpopt=global   -o obj/HAL/src/alt_irq_vars.o HAL/src/alt_irq_vars.c
Compiling alt_isatty.c...
nios2-elf-gcc -xc -MP -MMD -c  -I./HAL/inc -I. -I./drivers/inc -pipe -D__hal__ -DALT_NO_INSTRUCTION_EMULATION -DALT_SINGLE_THREADED    -O0 -g -Wall  -mno-hw-div -mno-hw-mul -mno-hw-mulx -mgpopt=global   -o obj/HAL/src/alt_isatty.o HAL/src/alt_isatty.c
Compiling alt_kill.c...
nios2-elf-gcc -xc -MP -MMD -c  -I./HAL/inc -I. -I./drivers/inc -pipe -D__hal__ -DALT_NO_INSTRUCTION_EMULATION -DALT_SINGLE_THREADED    -O0 -g -Wall  -mno-hw-div -mno-hw-mul -mno-hw-mulx -mgpopt=global   -o obj/HAL/src/alt_kill.o HAL/src/alt_kill.c
Compiling alt_link.c...
nios2-elf-gcc -xc -MP -MMD -c  -I./HAL/inc -I. -I./drivers/inc -pipe -D__hal__ -DALT_NO_INSTRUCTION_EMULATION -DALT_SINGLE_THREADED    -O0 -g -Wall  -mno-hw-div -mno-hw-mul -mno-hw-mulx -mgpopt=global   -o obj/HAL/src/alt_link.o HAL/src/alt_link.c
Compiling alt_load.c...
nios2-elf-gcc -xc -MP -MMD -c  -I./HAL/inc -I. -I./drivers/inc -pipe -D__hal__ -DALT_NO_INSTRUCTION_EMULATION -DALT_SINGLE_THREADED    -O0 -g -Wall  -mno-hw-div -mno-hw-mul -mno-hw-mulx -mgpopt=global   -o obj/HAL/src/alt_load.o HAL/src/alt_load.c
Compiling alt_log_macro.S...
nios2-elf-gcc -MP -MMD -c   -O0 -g -Wall  -mno-hw-div -mno-hw-mul -mno-hw-mulx -mgpopt=global    -I./HAL/inc -I. -I./drivers/inc -pipe -D__hal__ -DALT_NO_INSTRUCTION_EMULATION -DALT_SINGLE_THREADED  -Wa,-gdwarf2  -o obj/HAL/src/alt_log_macro.o HAL/src/alt_log_macro.S
Compiling alt_log_printf.c...
nios2-elf-gcc -xc -MP -MMD -c  -I./HAL/inc -I. -I./drivers/inc -pipe -D__hal__ -DALT_NO_INSTRUCTION_EMULATION -DALT_SINGLE_THREADED    -O0 -g -Wall  -mno-hw-div -mno-hw-mul -mno-hw-mulx -mgpopt=global   -o obj/HAL/src/alt_log_printf.o HAL/src/alt_log_printf.c
Compiling alt_lseek.c...
nios2-elf-gcc -xc -MP -MMD -c  -I./HAL/inc -I. -I./drivers/inc -pipe -D__hal__ -DALT_NO_INSTRUCTION_EMULATION -DALT_SINGLE_THREADED    -O0 -g -Wall  -mno-hw-div -mno-hw-mul -mno-hw-mulx -mgpopt=global   -o obj/HAL/src/alt_lseek.o HAL/src/alt_lseek.c
Compiling alt_main.c...
nios2-elf-gcc -xc -MP -MMD -c  -I./HAL/inc -I. -I./drivers/inc -pipe -D__hal__ -DALT_NO_INSTRUCTION_EMULATION -DALT_SINGLE_THREADED    -O0 -g -Wall  -mno-hw-div -mno-hw-mul -mno-hw-mulx -mgpopt=global   -o obj/HAL/src/alt_main.o HAL/src/alt_main.c
Compiling alt_malloc_lock.c...
nios2-elf-gcc -xc -MP -MMD -c  -I./HAL/inc -I. -I./drivers/inc -pipe -D__hal__ -DALT_NO_INSTRUCTION_EMULATION -DALT_SINGLE_THREADED    -O0 -g -Wall  -mno-hw-div -mno-hw-mul -mno-hw-mulx -mgpopt=global   -o obj/HAL/src/alt_malloc_lock.o HAL/src/alt_malloc_lock.c
Compiling alt_mcount.S...
nios2-elf-gcc -MP -MMD -c   -O0 -g -Wall  -mno-hw-div -mno-hw-mul -mno-hw-mulx -mgpopt=global    -I./HAL/inc -I. -I./drivers/inc -pipe -D__hal__ -DALT_NO_INSTRUCTION_EMULATION -DALT_SINGLE_THREADED  -Wa,-gdwarf2  -o obj/HAL/src/alt_mcount.o HAL/src/alt_mcount.S
Compiling alt_open.c...
nios2-elf-gcc -xc -MP -MMD -c  -I./HAL/inc -I. -I./drivers/inc -pipe -D__hal__ -DALT_NO_INSTRUCTION_EMULATION -DALT_SINGLE_THREADED    -O0 -g -Wall  -mno-hw-div -mno-hw-mul -mno-hw-mulx -mgpopt=global   -o obj/HAL/src/alt_open.o HAL/src/alt_open.c
Compiling alt_printf.c...
nios2-elf-gcc -xc -MP -MMD -c  -I./HAL/inc -I. -I./drivers/inc -pipe -D__hal__ -DALT_NO_INSTRUCTION_EMULATION -DALT_SINGLE_THREADED    -O0 -g -Wall  -mno-hw-div -mno-hw-mul -mno-hw-mulx -mgpopt=global   -o obj/HAL/src/alt_printf.o HAL/src/alt_printf.c
Compiling alt_putchar.c...
nios2-elf-gcc -xc -MP -MMD -c  -I./HAL/inc -I. -I./drivers/inc -pipe -D__hal__ -DALT_NO_INSTRUCTION_EMULATION -DALT_SINGLE_THREADED    -O0 -g -Wall  -mno-hw-div -mno-hw-mul -mno-hw-mulx -mgpopt=global   -o obj/HAL/src/alt_putchar.o HAL/src/alt_putchar.c
Compiling alt_putcharbuf.c...
nios2-elf-gcc -xc -MP -MMD -c  -I./HAL/inc -I. -I./drivers/inc -pipe -D__hal__ -DALT_NO_INSTRUCTION_EMULATION -DALT_SINGLE_THREADED    -O0 -g -Wall  -mno-hw-div -mno-hw-mul -mno-hw-mulx -mgpopt=global   -o obj/HAL/src/alt_putcharbuf.o HAL/src/alt_putcharbuf.c
Compiling alt_putstr.c...
nios2-elf-gcc -xc -MP -MMD -c  -I./HAL/inc -I. -I./drivers/inc -pipe -D__hal__ -DALT_NO_INSTRUCTION_EMULATION -DALT_SINGLE_THREADED    -O0 -g -Wall  -mno-hw-div -mno-hw-mul -mno-hw-mulx -mgpopt=global   -o obj/HAL/src/alt_putstr.o HAL/src/alt_putstr.c
Compiling alt_read.c...
nios2-elf-gcc -xc -MP -MMD -c  -I./HAL/inc -I. -I./drivers/inc -pipe -D__hal__ -DALT_NO_INSTRUCTION_EMULATION -DALT_SINGLE_THREADED    -O0 -g -Wall  -mno-hw-div -mno-hw-mul -mno-hw-mulx -mgpopt=global   -o obj/HAL/src/alt_read.o HAL/src/alt_read.c
Compiling alt_release_fd.c...
nios2-elf-gcc -xc -MP -MMD -c  -I./HAL/inc -I. -I./drivers/inc -pipe -D__hal__ -DALT_NO_INSTRUCTION_EMULATION -DALT_SINGLE_THREADED    -O0 -g -Wall  -mno-hw-div -mno-hw-mul -mno-hw-mulx -mgpopt=global   -o obj/HAL/src/alt_release_fd.o HAL/src/alt_release_fd.c
Compiling alt_remap_cached.c...
nios2-elf-gcc -xc -MP -MMD -c  -I./HAL/inc -I. -I./drivers/inc -pipe -D__hal__ -DALT_NO_INSTRUCTION_EMULATION -DALT_SINGLE_THREADED    -O0 -g -Wall  -mno-hw-div -mno-hw-mul -mno-hw-mulx -mgpopt=global   -o obj/HAL/src/alt_remap_cached.o HAL/src/alt_remap_cached.c
Compiling alt_remap_uncached.c...
nios2-elf-gcc -xc -MP -MMD -c  -I./HAL/inc -I. -I./drivers/inc -pipe -D__hal__ -DALT_NO_INSTRUCTION_EMULATION -DALT_SINGLE_THREADED    -O0 -g -Wall  -mno-hw-div -mno-hw-mul -mno-hw-mulx -mgpopt=global   -o obj/HAL/src/alt_remap_uncached.o HAL/src/alt_remap_uncached.c
Compiling alt_rename.c...
nios2-elf-gcc -xc -MP -MMD -c  -I./HAL/inc -I. -I./drivers/inc -pipe -D__hal__ -DALT_NO_INSTRUCTION_EMULATION -DALT_SINGLE_THREADED    -O0 -g -Wall  -mno-hw-div -mno-hw-mul -mno-hw-mulx -mgpopt=global   -o obj/HAL/src/alt_rename.o HAL/src/alt_rename.c
Compiling alt_sbrk.c...
nios2-elf-gcc -xc -MP -MMD -c  -I./HAL/inc -I. -I./drivers/inc -pipe -D__hal__ -DALT_NO_INSTRUCTION_EMULATION -DALT_SINGLE_THREADED    -O0 -g -Wall  -mno-hw-div -mno-hw-mul -mno-hw-mulx -mgpopt=global   -o obj/HAL/src/alt_sbrk.o HAL/src/alt_sbrk.c
Compiling alt_settod.c...
nios2-elf-gcc -xc -MP -MMD -c  -I./HAL/inc -I. -I./drivers/inc -pipe -D__hal__ -DALT_NO_INSTRUCTION_EMULATION -DALT_SINGLE_THREADED    -O0 -g -Wall  -mno-hw-div -mno-hw-mul -mno-hw-mulx -mgpopt=global   -o obj/HAL/src/alt_settod.o HAL/src/alt_settod.c
Compiling alt_software_exception.S...
nios2-elf-gcc -MP -MMD -c   -O0 -g -Wall  -mno-hw-div -mno-hw-mul -mno-hw-mulx -mgpopt=global    -I./HAL/inc -I. -I./drivers/inc -pipe -D__hal__ -DALT_NO_INSTRUCTION_EMULATION -DALT_SINGLE_THREADED  -Wa,-gdwarf2  -o obj/HAL/src/alt_software_exception.o HAL/src/alt_software_exception.S
Compiling alt_stat.c...
nios2-elf-gcc -xc -MP -MMD -c  -I./HAL/inc -I. -I./drivers/inc -pipe -D__hal__ -DALT_NO_INSTRUCTION_EMULATION -DALT_SINGLE_THREADED    -O0 -g -Wall  -mno-hw-div -mno-hw-mul -mno-hw-mulx -mgpopt=global   -o obj/HAL/src/alt_stat.o HAL/src/alt_stat.c
Compiling alt_tick.c...
nios2-elf-gcc -xc -MP -MMD -c  -I./HAL/inc -I. -I./drivers/inc -pipe -D__hal__ -DALT_NO_INSTRUCTION_EMULATION -DALT_SINGLE_THREADED    -O0 -g -Wall  -mno-hw-div -mno-hw-mul -mno-hw-mulx -mgpopt=global   -o obj/HAL/src/alt_tick.o HAL/src/alt_tick.c
Compiling alt_times.c...
nios2-elf-gcc -xc -MP -MMD -c  -I./HAL/inc -I. -I./drivers/inc -pipe -D__hal__ -DALT_NO_INSTRUCTION_EMULATION -DALT_SINGLE_THREADED    -O0 -g -Wall  -mno-hw-div -mno-hw-mul -mno-hw-mulx -mgpopt=global   -o obj/HAL/src/alt_times.o HAL/src/alt_times.c
Compiling alt_uncached_free.c...
nios2-elf-gcc -xc -MP -MMD -c  -I./HAL/inc -I. -I./drivers/inc -pipe -D__hal__ -DALT_NO_INSTRUCTION_EMULATION -DALT_SINGLE_THREADED    -O0 -g -Wall  -mno-hw-div -mno-hw-mul -mno-hw-mulx -mgpopt=global   -o obj/HAL/src/alt_uncached_free.o HAL/src/alt_uncached_free.c
Compiling alt_uncached_malloc.c...
nios2-elf-gcc -xc -MP -MMD -c  -I./HAL/inc -I. -I./drivers/inc -pipe -D__hal__ -DALT_NO_INSTRUCTION_EMULATION -DALT_SINGLE_THREADED    -O0 -g -Wall  -mno-hw-div -mno-hw-mul -mno-hw-mulx -mgpopt=global   -o obj/HAL/src/alt_uncached_malloc.o HAL/src/alt_uncached_malloc.c
Compiling alt_unlink.c...
nios2-elf-gcc -xc -MP -MMD -c  -I./HAL/inc -I. -I./drivers/inc -pipe -D__hal__ -DALT_NO_INSTRUCTION_EMULATION -DALT_SINGLE_THREADED    -O0 -g -Wall  -mno-hw-div -mno-hw-mul -mno-hw-mulx -mgpopt=global   -o obj/HAL/src/alt_unlink.o HAL/src/alt_unlink.c
Compiling alt_usleep.c...
nios2-elf-gcc -xc -MP -MMD -c  -I./HAL/inc -I. -I./drivers/inc -pipe -D__hal__ -DALT_NO_INSTRUCTION_EMULATION -DALT_SINGLE_THREADED    -O0 -g -Wall  -mno-hw-div -mno-hw-mul -mno-hw-mulx -mgpopt=global   -o obj/HAL/src/alt_usleep.o HAL/src/alt_usleep.c
Compiling alt_wait.c...
nios2-elf-gcc -xc -MP -MMD -c  -I./HAL/inc -I. -I./drivers/inc -pipe -D__hal__ -DALT_NO_INSTRUCTION_EMULATION -DALT_SINGLE_THREADED    -O0 -g -Wall  -mno-hw-div -mno-hw-mul -mno-hw-mulx -mgpopt=global   -o obj/HAL/src/alt_wait.o HAL/src/alt_wait.c
Compiling alt_write.c...
nios2-elf-gcc -xc -MP -MMD -c  -I./HAL/inc -I. -I./drivers/inc -pipe -D__hal__ -DALT_NO_INSTRUCTION_EMULATION -DALT_SINGLE_THREADED    -O0 -g -Wall  -mno-hw-div -mno-hw-mul -mno-hw-mulx -mgpopt=global   -o obj/HAL/src/alt_write.o HAL/src/alt_write.c
Compiling altera_nios2_gen2_irq.c...
nios2-elf-gcc -xc -MP -MMD -c  -I./HAL/inc -I. -I./drivers/inc -pipe -D__hal__ -DALT_NO_INSTRUCTION_EMULATION -DALT_SINGLE_THREADED    -O0 -g -Wall  -mno-hw-div -mno-hw-mul -mno-hw-mulx -mgpopt=global   -o obj/HAL/src/altera_nios2_gen2_irq.o HAL/src/altera_nios2_gen2_irq.c
Compiling crt0.S...
nios2-elf-gcc -MP -MMD -c   -O0 -g -Wall  -mno-hw-div -mno-hw-mul -mno-hw-mulx -mgpopt=global    -I./HAL/inc -I. -I./drivers/inc -pipe -D__hal__ -DALT_NO_INSTRUCTION_EMULATION -DALT_SINGLE_THREADED  -Wa,-gdwarf2  -o obj/HAL/src/crt0.o HAL/src/crt0.S
Compiling alt_sys_init.c...
nios2-elf-gcc -xc -MP -MMD -c  -I./HAL/inc -I. -I./drivers/inc -pipe -D__hal__ -DALT_NO_INSTRUCTION_EMULATION -DALT_SINGLE_THREADED    -O0 -g -Wall  -mno-hw-div -mno-hw-mul -mno-hw-mulx -mgpopt=global   -o obj/alt_sys_init.o alt_sys_init.c
Compiling altera_avalon_jtag_uart_fd.c...
nios2-elf-gcc -xc -MP -MMD -c  -I./HAL/inc -I. -I./drivers/inc -pipe -D__hal__ -DALT_NO_INSTRUCTION_EMULATION -DALT_SINGLE_THREADED    -O0 -g -Wall  -mno-hw-div -mno-hw-mul -mno-hw-mulx -mgpopt=global   -o obj/drivers/src/altera_avalon_jtag_uart_fd.o drivers/src/altera_avalon_jtag_uart_fd.c
Compiling altera_avalon_jtag_uart_init.c...
nios2-elf-gcc -xc -MP -MMD -c  -I./HAL/inc -I. -I./drivers/inc -pipe -D__hal__ -DALT_NO_INSTRUCTION_EMULATION -DALT_SINGLE_THREADED    -O0 -g -Wall  -mno-hw-div -mno-hw-mul -mno-hw-mulx -mgpopt=global   -o obj/drivers/src/altera_avalon_jtag_uart_init.o drivers/src/altera_avalon_jtag_uart_init.c
Compiling altera_avalon_jtag_uart_ioctl.c...
nios2-elf-gcc -xc -MP -MMD -c  -I./HAL/inc -I. -I./drivers/inc -pipe -D__hal__ -DALT_NO_INSTRUCTION_EMULATION -DALT_SINGLE_THREADED    -O0 -g -Wall  -mno-hw-div -mno-hw-mul -mno-hw-mulx -mgpopt=global   -o obj/drivers/src/altera_avalon_jtag_uart_ioctl.o drivers/src/altera_avalon_jtag_uart_ioctl.c
Compiling altera_avalon_jtag_uart_read.c...
nios2-elf-gcc -xc -MP -MMD -c  -I./HAL/inc -I. -I./drivers/inc -pipe -D__hal__ -DALT_NO_INSTRUCTION_EMULATION -DALT_SINGLE_THREADED    -O0 -g -Wall  -mno-hw-div -mno-hw-mul -mno-hw-mulx -mgpopt=global   -o obj/drivers/src/altera_avalon_jtag_uart_read.o drivers/src/altera_avalon_jtag_uart_read.c
Compiling altera_avalon_jtag_uart_write.c...
nios2-elf-gcc -xc -MP -MMD -c  -I./HAL/inc -I. -I./drivers/inc -pipe -D__hal__ -DALT_NO_INSTRUCTION_EMULATION -DALT_SINGLE_THREADED    -O0 -g -Wall  -mno-hw-div -mno-hw-mul -mno-hw-mulx -mgpopt=global   -o obj/drivers/src/altera_avalon_jtag_uart_write.o drivers/src/altera_avalon_jtag_uart_write.c
Compiling altera_avalon_sysid_qsys.c...
nios2-elf-gcc -xc -MP -MMD -c  -I./HAL/inc -I. -I./drivers/inc -pipe -D__hal__ -DALT_NO_INSTRUCTION_EMULATION -DALT_SINGLE_THREADED    -O0 -g -Wall  -mno-hw-div -mno-hw-mul -mno-hw-mulx -mgpopt=global   -o obj/drivers/src/altera_avalon_sysid_qsys.o drivers/src/altera_avalon_sysid_qsys.c
Compiling altera_avalon_timer_sc.c...
nios2-elf-gcc -xc -MP -MMD -c  -I./HAL/inc -I. -I./drivers/inc -pipe -D__hal__ -DALT_NO_INSTRUCTION_EMULATION -DALT_SINGLE_THREADED    -O0 -g -Wall  -mno-hw-div -mno-hw-mul -mno-hw-mulx -mgpopt=global   -o obj/drivers/src/altera_avalon_timer_sc.o drivers/src/altera_avalon_timer_sc.c
Compiling altera_avalon_timer_ts.c...
nios2-elf-gcc -xc -MP -MMD -c  -I./HAL/inc -I. -I./drivers/inc -pipe -D__hal__ -DALT_NO_INSTRUCTION_EMULATION -DALT_SINGLE_THREADED    -O0 -g -Wall  -mno-hw-div -mno-hw-mul -mno-hw-mulx -mgpopt=global   -o obj/drivers/src/altera_avalon_timer_ts.o drivers/src/altera_avalon_timer_ts.c
Compiling altera_avalon_timer_vars.c...
nios2-elf-gcc -xc -MP -MMD -c  -I./HAL/inc -I. -I./drivers/inc -pipe -D__hal__ -DALT_NO_INSTRUCTION_EMULATION -DALT_SINGLE_THREADED    -O0 -g -Wall  -mno-hw-div -mno-hw-mul -mno-hw-mulx -mgpopt=global   -o obj/drivers/src/altera_avalon_timer_vars.o drivers/src/altera_avalon_timer_vars.c
Creating libhal_bsp.a...
rm -f -f libhal_bsp.a
nios2-elf-ar -src libhal_bsp.a obj/HAL/src/alt_alarm_start.o obj/HAL/src/alt_busy_sleep.o obj/HAL/src/alt_close.o obj/HAL/src/alt_dcache_flush.o obj/HAL/src/alt_dcache_flush_all.o obj/HAL/src/alt_dcache_flush_no_writeback.o obj/HAL/src/alt_dev.o obj/HAL/src/alt_dev_llist_insert.o obj/HAL/src/alt_dma_rxchan_open.o obj/HAL/src/alt_dma_txchan_open.o obj/HAL/src/alt_do_ctors.o obj/HAL/src/alt_do_dtors.o obj/HAL/src/alt_ecc_fatal_entry.o obj/HAL/src/alt_ecc_fatal_exception.o obj/HAL/src/alt_env_lock.o obj/HAL/src/alt_environ.o obj/HAL/src/alt_errno.o obj/HAL/src/alt_exception_entry.o obj/HAL/src/alt_exception_muldiv.o obj/HAL/src/alt_exception_trap.o obj/HAL/src/alt_execve.o obj/HAL/src/alt_exit.o obj/HAL/src/alt_fcntl.o obj/HAL/src/alt_fd_lock.o obj/HAL/src/alt_fd_unlock.o obj/HAL/src/alt_find_dev.o obj/HAL/src/alt_find_file.o obj/HAL/src/alt_flash_dev.o obj/HAL/src/alt_fork.o obj/HAL/src/alt_fs_reg.o obj/HAL/src/alt_fstat.o obj/HAL/src/alt_get_fd.o obj/HAL/src/alt_getchar.o obj/HAL/src/alt_getpid.o obj/HAL/src/alt_gettod.o obj/HAL/src/alt_gmon.o obj/HAL/src/alt_icache_flush.o obj/HAL/src/alt_icache_flush_all.o obj/HAL/src/alt_iic.o obj/HAL/src/alt_iic_isr_register.o obj/HAL/src/alt_instruction_exception_entry.o obj/HAL/src/alt_instruction_exception_register.o obj/HAL/src/alt_io_redirect.o obj/HAL/src/alt_ioctl.o obj/HAL/src/alt_irq_entry.o obj/HAL/src/alt_irq_handler.o obj/HAL/src/alt_irq_register.o obj/HAL/src/alt_irq_vars.o obj/HAL/src/alt_isatty.o obj/HAL/src/alt_kill.o obj/HAL/src/alt_link.o obj/HAL/src/alt_load.o obj/HAL/src/alt_log_macro.o obj/HAL/src/alt_log_printf.o obj/HAL/src/alt_lseek.o obj/HAL/src/alt_main.o obj/HAL/src/alt_malloc_lock.o obj/HAL/src/alt_mcount.o obj/HAL/src/alt_open.o obj/HAL/src/alt_printf.o obj/HAL/src/alt_putchar.o obj/HAL/src/alt_putcharbuf.o obj/HAL/src/alt_putstr.o obj/HAL/src/alt_read.o obj/HAL/src/alt_release_fd.o obj/HAL/src/alt_remap_cached.o obj/HAL/src/alt_remap_uncached.o obj/HAL/src/alt_rename.o obj/HAL/src/alt_sbrk.o obj/HAL/src/alt_settod.o obj/HAL/src/alt_software_exception.o obj/HAL/src/alt_stat.o obj/HAL/src/alt_tick.o obj/HAL/src/alt_times.o obj/HAL/src/alt_uncached_free.o obj/HAL/src/alt_uncached_malloc.o obj/HAL/src/alt_unlink.o obj/HAL/src/alt_usleep.o obj/HAL/src/alt_wait.o obj/HAL/src/alt_write.o obj/HAL/src/altera_nios2_gen2_irq.o obj/HAL/src/crt0.o obj/alt_sys_init.o obj/drivers/src/altera_avalon_jtag_uart_fd.o obj/drivers/src/altera_avalon_jtag_uart_init.o obj/drivers/src/altera_avalon_jtag_uart_ioctl.o obj/drivers/src/altera_avalon_jtag_uart_read.o obj/drivers/src/altera_avalon_jtag_uart_write.o obj/drivers/src/altera_avalon_sysid_qsys.o obj/drivers/src/altera_avalon_timer_sc.o obj/drivers/src/altera_avalon_timer_ts.o obj/drivers/src/altera_avalon_timer_vars.o
[BSP build complete]
Info: Compiling main.c to obj/default/main.o
nios2-elf-gcc -xc -MP -MMD -c -I../lab3_bsp//HAL/inc -I../lab3_bsp/ -I../lab3_bsp//drivers/inc  -pipe -D__hal__ -DALT_NO_INSTRUCTION_EMULATION -DALT_SINGLE_THREADED    -O0 -g -Wall   -mno-hw-div -mno-hw-mul -mno-hw-mulx -mgpopt=global  -o obj/default/main.o main.c
main.c:5:0: warning: "HEX0_BASE" redefined
 #define HEX0_BASE  // from system.h
 ^
In file included from main.c:1:0:
system.h:197:0: note: this is the location of the previous definition
 #define HEX0_BASE 0x21020
 ^
In file included from ../lab3_bsp//drivers/inc/altera_avalon_pio_regs.h:34:0,
                 from main.c:2:
main.c: In function 'main':
../lab3_bsp//HAL/inc/io.h:75:51: error: expected expression before ')' token
   __builtin_stwio (__IO_CALC_ADDRESS_NATIVE ((BASE), (REGNUM)), (DATA))
                                                   ^
../lab3_bsp//HAL/inc/io.h:70:23: note: in definition of macro '__IO_CALC_ADDRESS_NATIVE'
   ((void *)(((alt_u8*)BASE) + ((REGNUM) * (SYSTEM_BUS_WIDTH/8))))
                       ^
../lab3_bsp//drivers/inc/altera_avalon_pio_regs.h:38:55: note: in expansion of macro 'IOWR'
 #define IOWR_ALTERA_AVALON_PIO_DATA(base, data)       IOWR(base, 0, data)
                                                       ^
main.c:13:5: note: in expansion of macro 'IOWR_ALTERA_AVALON_PIO_DATA'
     IOWR_ALTERA_AVALON_PIO_DATA(HEX0_BASE, /*some pattern for '0'*/);
     ^
../lab3_bsp//HAL/inc/io.h:75:70: error: expected expression before ')' token
   __builtin_stwio (__IO_CALC_ADDRESS_NATIVE ((BASE), (REGNUM)), (DATA))
                                                                      ^
../lab3_bsp//drivers/inc/altera_avalon_pio_regs.h:38:55: note: in expansion of macro 'IOWR'
 #define IOWR_ALTERA_AVALON_PIO_DATA(base, data)       IOWR(base, 0, data)
                                                       ^
main.c:13:5: note: in expansion of macro 'IOWR_ALTERA_AVALON_PIO_DATA'
     IOWR_ALTERA_AVALON_PIO_DATA(HEX0_BASE, /*some pattern for '0'*/);
     ^
../lab3_bsp//HAL/inc/io.h:73:51: error: expected expression before ')' token
   __builtin_ldwio (__IO_CALC_ADDRESS_NATIVE ((BASE), (REGNUM)))
                                                   ^
../lab3_bsp//HAL/inc/io.h:70:23: note: in definition of macro '__IO_CALC_ADDRESS_NATIVE'
   ((void *)(((alt_u8*)BASE) + ((REGNUM) * (SYSTEM_BUS_WIDTH/8))))
                       ^
../lab3_bsp//drivers/inc/altera_avalon_pio_regs.h:37:55: note: in expansion of macro 'IORD'
 #define IORD_ALTERA_AVALON_PIO_DATA(base)             IORD(base, 0) 
                                                       ^
main.c:18:20: note: in expansion of macro 'IORD_ALTERA_AVALON_PIO_DATA'
         int keys = IORD_ALTERA_AVALON_PIO_DATA(KEY_PIO_BASE);
                    ^
../lab3_bsp//HAL/inc/io.h:73:51: error: expected expression before ')' token
   __builtin_ldwio (__IO_CALC_ADDRESS_NATIVE ((BASE), (REGNUM)))
                                                   ^
../lab3_bsp//HAL/inc/io.h:70:23: note: in definition of macro '__IO_CALC_ADDRESS_NATIVE'
   ((void *)(((alt_u8*)BASE) + ((REGNUM) * (SYSTEM_BUS_WIDTH/8))))
                       ^
../lab3_bsp//drivers/inc/altera_avalon_pio_regs.h:37:55: note: in expansion of macro 'IORD'
 #define IORD_ALTERA_AVALON_PIO_DATA(base)             IORD(base, 0) 
                                                       ^
main.c:24:22: note: in expansion of macro 'IORD_ALTERA_AVALON_PIO_DATA'
             int sw = IORD_ALTERA_AVALON_PIO_DATA(SW_PIO_BASE) & 0x1;
                      ^
../lab3_bsp//HAL/inc/io.h:75:51: error: expected expression before ')' token
   __builtin_stwio (__IO_CALC_ADDRESS_NATIVE ((BASE), (REGNUM)), (DATA))
                                                   ^
../lab3_bsp//HAL/inc/io.h:70:23: note: in definition of macro '__IO_CALC_ADDRESS_NATIVE'
   ((void *)(((alt_u8*)BASE) + ((REGNUM) * (SYSTEM_BUS_WIDTH/8))))
                       ^
../lab3_bsp//drivers/inc/altera_avalon_pio_regs.h:38:55: note: in expansion of macro 'IOWR'
 #define IOWR_ALTERA_AVALON_PIO_DATA(base, data)       IOWR(base, 0, data)
                                                       ^
main.c:36:13: note: in expansion of macro 'IOWR_ALTERA_AVALON_PIO_DATA'
             IOWR_ALTERA_AVALON_PIO_DATA(HEX0_BASE, seven_seg_decode(count));
             ^
main.c:36:52: warning: implicit declaration of function 'seven_seg_decode' [-Wimplicit-function-declaration]
             IOWR_ALTERA_AVALON_PIO_DATA(HEX0_BASE, seven_seg_decode(count));
                                                    ^
../lab3_bsp//HAL/inc/io.h:75:66: note: in definition of macro 'IOWR'
   __builtin_stwio (__IO_CALC_ADDRESS_NATIVE ((BASE), (REGNUM)), (DATA))
                                                                  ^
main.c:36:13: note: in expansion of macro 'IOWR_ALTERA_AVALON_PIO_DATA'
             IOWR_ALTERA_AVALON_PIO_DATA(HEX0_BASE, seven_seg_decode(count));
             ^
../lab3_bsp//HAL/inc/io.h:73:51: error: expected expression before ')' token
   __builtin_ldwio (__IO_CALC_ADDRESS_NATIVE ((BASE), (REGNUM)))
                                                   ^
../lab3_bsp//HAL/inc/io.h:70:23: note: in definition of macro '__IO_CALC_ADDRESS_NATIVE'
   ((void *)(((alt_u8*)BASE) + ((REGNUM) * (SYSTEM_BUS_WIDTH/8))))
                       ^
../lab3_bsp//drivers/inc/altera_avalon_pio_regs.h:37:55: note: in expansion of macro 'IORD'
 #define IORD_ALTERA_AVALON_PIO_DATA(base)             IORD(base, 0) 
                                                       ^
main.c:39:21: note: in expansion of macro 'IORD_ALTERA_AVALON_PIO_DATA'
             while ((IORD_ALTERA_AVALON_PIO_DATA(KEY_PIO_BASE) & 0x2) == 0);
                     ^
main.c: At top level:
main.c:45:15: error: conflicting types for 'seven_seg_decode'
 unsigned char seven_seg_decode(int digit)
               ^
In file included from ../lab3_bsp//drivers/inc/altera_avalon_pio_regs.h:34:0,
                 from main.c:2:
main.c:36:52: note: previous implicit declaration of 'seven_seg_decode' was here
             IOWR_ALTERA_AVALON_PIO_DATA(HEX0_BASE, seven_seg_decode(count));
                                                    ^
../lab3_bsp//HAL/inc/io.h:75:66: note: in definition of macro 'IOWR'
   __builtin_stwio (__IO_CALC_ADDRESS_NATIVE ((BASE), (REGNUM)), (DATA))
                                                                  ^
main.c:36:13: note: in expansion of macro 'IOWR_ALTERA_AVALON_PIO_DATA'
             IOWR_ALTERA_AVALON_PIO_DATA(HEX0_BASE, seven_seg_decode(count));
             ^
make: *** [obj/default/main.o] Error 1
18:02:56 **** Build of configuration Nios II for project lab3_bsp ****
make all 
[BSP build complete]
18:04:56 **** Build of configuration Nios II for project lab3 ****
make all 
Info: Building ../lab3_bsp/
C:/intelFPGA_lite/18.1/nios2eds/bin/gnu/H-x86_64-mingw32/bin/make --no-print-directory -C ../lab3_bsp/
[BSP build complete]
Info: Compiling main.c to obj/default/main.o
nios2-elf-gcc -xc -MP -MMD -c -I../lab3_bsp//HAL/inc -I../lab3_bsp/ -I../lab3_bsp//drivers/inc  -pipe -D__hal__ -DALT_NO_INSTRUCTION_EMULATION -DALT_SINGLE_THREADED    -O0 -g -Wall   -mno-hw-div -mno-hw-mul -mno-hw-mulx -mgpopt=global  -o obj/default/main.o main.c
main.c:5:0: warning: "HEX0_BASE" redefined
 #define HEX0_BASE  // from system.h
 ^
In file included from main.c:1:0:
system.h:197:0: note: this is the location of the previous definition
 #define HEX0_BASE 0x21020
 ^
In file included from ../lab3_bsp//drivers/inc/altera_avalon_pio_regs.h:34:0,
                 from main.c:2:
main.c: In function 'main':
../lab3_bsp//HAL/inc/io.h:75:51: error: expected expression before ')' token
   __builtin_stwio (__IO_CALC_ADDRESS_NATIVE ((BASE), (REGNUM)), (DATA))
                                                   ^
../lab3_bsp//HAL/inc/io.h:70:23: note: in definition of macro '__IO_CALC_ADDRESS_NATIVE'
   ((void *)(((alt_u8*)BASE) + ((REGNUM) * (SYSTEM_BUS_WIDTH/8))))
                       ^
../lab3_bsp//drivers/inc/altera_avalon_pio_regs.h:38:55: note: in expansion of macro 'IOWR'
 #define IOWR_ALTERA_AVALON_PIO_DATA(base, data)       IOWR(base, 0, data)
                                                       ^
main.c:13:5: note: in expansion of macro 'IOWR_ALTERA_AVALON_PIO_DATA'
     IOWR_ALTERA_AVALON_PIO_DATA(HEX0_BASE, /*some pattern for '0'*/);
     ^
../lab3_bsp//HAL/inc/io.h:75:70: error: expected expression before ')' token
   __builtin_stwio (__IO_CALC_ADDRESS_NATIVE ((BASE), (REGNUM)), (DATA))
                                                                      ^
../lab3_bsp//drivers/inc/altera_avalon_pio_regs.h:38:55: note: in expansion of macro 'IOWR'
 #define IOWR_ALTERA_AVALON_PIO_DATA(base, data)       IOWR(base, 0, data)
                                                       ^
main.c:13:5: note: in expansion of macro 'IOWR_ALTERA_AVALON_PIO_DATA'
     IOWR_ALTERA_AVALON_PIO_DATA(HEX0_BASE, /*some pattern for '0'*/);
     ^
../lab3_bsp//HAL/inc/io.h:73:51: error: expected expression before ')' token
   __builtin_ldwio (__IO_CALC_ADDRESS_NATIVE ((BASE), (REGNUM)))
                                                   ^
../lab3_bsp//HAL/inc/io.h:70:23: note: in definition of macro '__IO_CALC_ADDRESS_NATIVE'
   ((void *)(((alt_u8*)BASE) + ((REGNUM) * (SYSTEM_BUS_WIDTH/8))))
                       ^
../lab3_bsp//drivers/inc/altera_avalon_pio_regs.h:37:55: note: in expansion of macro 'IORD'
 #define IORD_ALTERA_AVALON_PIO_DATA(base)             IORD(base, 0) 
                                                       ^
main.c:18:20: note: in expansion of macro 'IORD_ALTERA_AVALON_PIO_DATA'
         int keys = IORD_ALTERA_AVALON_PIO_DATA(KEY_PIO_BASE);
                    ^
../lab3_bsp//HAL/inc/io.h:73:51: error: expected expression before ')' token
   __builtin_ldwio (__IO_CALC_ADDRESS_NATIVE ((BASE), (REGNUM)))
                                                   ^
../lab3_bsp//HAL/inc/io.h:70:23: note: in definition of macro '__IO_CALC_ADDRESS_NATIVE'
   ((void *)(((alt_u8*)BASE) + ((REGNUM) * (SYSTEM_BUS_WIDTH/8))))
                       ^
../lab3_bsp//drivers/inc/altera_avalon_pio_regs.h:37:55: note: in expansion of macro 'IORD'
 #define IORD_ALTERA_AVALON_PIO_DATA(base)             IORD(base, 0) 
                                                       ^
main.c:24:22: note: in expansion of macro 'IORD_ALTERA_AVALON_PIO_DATA'
             int sw = IORD_ALTERA_AVALON_PIO_DATA(SW_PIO_BASE) & 0x1;
                      ^
../lab3_bsp//HAL/inc/io.h:75:51: error: expected expression before ')' token
   __builtin_stwio (__IO_CALC_ADDRESS_NATIVE ((BASE), (REGNUM)), (DATA))
                                                   ^
../lab3_bsp//HAL/inc/io.h:70:23: note: in definition of macro '__IO_CALC_ADDRESS_NATIVE'
   ((void *)(((alt_u8*)BASE) + ((REGNUM) * (SYSTEM_BUS_WIDTH/8))))
                       ^
../lab3_bsp//drivers/inc/altera_avalon_pio_regs.h:38:55: note: in expansion of macro 'IOWR'
 #define IOWR_ALTERA_AVALON_PIO_DATA(base, data)       IOWR(base, 0, data)
                                                       ^
main.c:36:13: note: in expansion of macro 'IOWR_ALTERA_AVALON_PIO_DATA'
             IOWR_ALTERA_AVALON_PIO_DATA(HEX0_BASE, seven_seg_decode(count));
             ^
main.c:36:52: warning: implicit declaration of function 'seven_seg_decode' [-Wimplicit-function-declaration]
             IOWR_ALTERA_AVALON_PIO_DATA(HEX0_BASE, seven_seg_decode(count));
                                                    ^
../lab3_bsp//HAL/inc/io.h:75:66: note: in definition of macro 'IOWR'
   __builtin_stwio (__IO_CALC_ADDRESS_NATIVE ((BASE), (REGNUM)), (DATA))
                                                                  ^
main.c:36:13: note: in expansion of macro 'IOWR_ALTERA_AVALON_PIO_DATA'
             IOWR_ALTERA_AVALON_PIO_DATA(HEX0_BASE, seven_seg_decode(count));
             ^
../lab3_bsp//HAL/inc/io.h:73:51: error: expected expression before ')' token
   __builtin_ldwio (__IO_CALC_ADDRESS_NATIVE ((BASE), (REGNUM)))
                                                   ^
../lab3_bsp//HAL/inc/io.h:70:23: note: in definition of macro '__IO_CALC_ADDRESS_NATIVE'
   ((void *)(((alt_u8*)BASE) + ((REGNUM) * (SYSTEM_BUS_WIDTH/8))))
                       ^
../lab3_bsp//drivers/inc/altera_avalon_pio_regs.h:37:55: note: in expansion of macro 'IORD'
 #define IORD_ALTERA_AVALON_PIO_DATA(base)             IORD(base, 0) 
                                                       ^
main.c:39:21: note: in expansion of macro 'IORD_ALTERA_AVALON_PIO_DATA'
             while ((IORD_ALTERA_AVALON_PIO_DATA(KEY_PIO_BASE) & 0x2) == 0);
                     ^
main.c: At top level:
main.c:45:15: error: conflicting types for 'seven_seg_decode'
 unsigned char seven_seg_decode(int digit)
               ^
In file included from ../lab3_bsp//drivers/inc/altera_avalon_pio_regs.h:34:0,
                 from main.c:2:
main.c:36:52: note: previous implicit declaration of 'seven_seg_decode' was here
             IOWR_ALTERA_AVALON_PIO_DATA(HEX0_BASE, seven_seg_decode(count));
                                                    ^
../lab3_bsp//HAL/inc/io.h:75:66: note: in definition of macro 'IOWR'
   __builtin_stwio (__IO_CALC_ADDRESS_NATIVE ((BASE), (REGNUM)), (DATA))
                                                                  ^
main.c:36:13: note: in expansion of macro 'IOWR_ALTERA_AVALON_PIO_DATA'
             IOWR_ALTERA_AVALON_PIO_DATA(HEX0_BASE, seven_seg_decode(count));
             ^
make: *** [obj/default/main.o] Error 1
18:05:03 **** Incremental Build of configuration Nios II for project lab3 ****
make all 
Info: Building ../lab3_bsp/
C:/intelFPGA_lite/18.1/nios2eds/bin/gnu/H-x86_64-mingw32/bin/make --no-print-directory -C ../lab3_bsp/
[BSP build complete]
Info: Compiling main.c to obj/default/main.o
nios2-elf-gcc -xc -MP -MMD -c -I../lab3_bsp//HAL/inc -I../lab3_bsp/ -I../lab3_bsp//drivers/inc  -pipe -D__hal__ -DALT_NO_INSTRUCTION_EMULATION -DALT_SINGLE_THREADED    -O0 -g -Wall   -mno-hw-div -mno-hw-mul -mno-hw-mulx -mgpopt=global  -o obj/default/main.o main.c
main.c:5:0: warning: "HEX0_BASE" redefined
 #define HEX0_BASE  // from system.h
 ^
In file included from main.c:1:0:
system.h:197:0: note: this is the location of the previous definition
 #define HEX0_BASE 0x21020
 ^
In file included from ../lab3_bsp//drivers/inc/altera_avalon_pio_regs.h:34:0,
                 from main.c:2:
main.c: In function 'main':
../lab3_bsp//HAL/inc/io.h:75:51: error: expected expression before ')' token
   __builtin_stwio (__IO_CALC_ADDRESS_NATIVE ((BASE), (REGNUM)), (DATA))
                                                   ^
../lab3_bsp//HAL/inc/io.h:70:23: note: in definition of macro '__IO_CALC_ADDRESS_NATIVE'
   ((void *)(((alt_u8*)BASE) + ((REGNUM) * (SYSTEM_BUS_WIDTH/8))))
                       ^
../lab3_bsp//drivers/inc/altera_avalon_pio_regs.h:38:55: note: in expansion of macro 'IOWR'
 #define IOWR_ALTERA_AVALON_PIO_DATA(base, data)       IOWR(base, 0, data)
                                                       ^
main.c:13:5: note: in expansion of macro 'IOWR_ALTERA_AVALON_PIO_DATA'
     IOWR_ALTERA_AVALON_PIO_DATA(HEX0_BASE, /*some pattern for '0'*/);
     ^
../lab3_bsp//HAL/inc/io.h:75:70: error: expected expression before ')' token
   __builtin_stwio (__IO_CALC_ADDRESS_NATIVE ((BASE), (REGNUM)), (DATA))
                                                                      ^
../lab3_bsp//drivers/inc/altera_avalon_pio_regs.h:38:55: note: in expansion of macro 'IOWR'
 #define IOWR_ALTERA_AVALON_PIO_DATA(base, data)       IOWR(base, 0, data)
                                                       ^
main.c:13:5: note: in expansion of macro 'IOWR_ALTERA_AVALON_PIO_DATA'
     IOWR_ALTERA_AVALON_PIO_DATA(HEX0_BASE, /*some pattern for '0'*/);
     ^
../lab3_bsp//HAL/inc/io.h:73:51: error: expected expression before ')' token
   __builtin_ldwio (__IO_CALC_ADDRESS_NATIVE ((BASE), (REGNUM)))
                                                   ^
../lab3_bsp//HAL/inc/io.h:70:23: note: in definition of macro '__IO_CALC_ADDRESS_NATIVE'
   ((void *)(((alt_u8*)BASE) + ((REGNUM) * (SYSTEM_BUS_WIDTH/8))))
                       ^
../lab3_bsp//drivers/inc/altera_avalon_pio_regs.h:37:55: note: in expansion of macro 'IORD'
 #define IORD_ALTERA_AVALON_PIO_DATA(base)             IORD(base, 0) 
                                                       ^
main.c:18:20: note: in expansion of macro 'IORD_ALTERA_AVALON_PIO_DATA'
         int keys = IORD_ALTERA_AVALON_PIO_DATA(KEY_PIO_BASE);
                    ^
../lab3_bsp//HAL/inc/io.h:73:51: error: expected expression before ')' token
   __builtin_ldwio (__IO_CALC_ADDRESS_NATIVE ((BASE), (REGNUM)))
                                                   ^
../lab3_bsp//HAL/inc/io.h:70:23: note: in definition of macro '__IO_CALC_ADDRESS_NATIVE'
   ((void *)(((alt_u8*)BASE) + ((REGNUM) * (SYSTEM_BUS_WIDTH/8))))
                       ^
../lab3_bsp//drivers/inc/altera_avalon_pio_regs.h:37:55: note: in expansion of macro 'IORD'
 #define IORD_ALTERA_AVALON_PIO_DATA(base)             IORD(base, 0) 
                                                       ^
main.c:24:22: note: in expansion of macro 'IORD_ALTERA_AVALON_PIO_DATA'
             int sw = IORD_ALTERA_AVALON_PIO_DATA(SW_PIO_BASE) & 0x1;
                      ^
../lab3_bsp//HAL/inc/io.h:75:51: error: expected expression before ')' token
   __builtin_stwio (__IO_CALC_ADDRESS_NATIVE ((BASE), (REGNUM)), (DATA))
                                                   ^
../lab3_bsp//HAL/inc/io.h:70:23: note: in definition of macro '__IO_CALC_ADDRESS_NATIVE'
   ((void *)(((alt_u8*)BASE) + ((REGNUM) * (SYSTEM_BUS_WIDTH/8))))
                       ^
../lab3_bsp//drivers/inc/altera_avalon_pio_regs.h:38:55: note: in expansion of macro 'IOWR'
 #define IOWR_ALTERA_AVALON_PIO_DATA(base, data)       IOWR(base, 0, data)
                                                       ^
main.c:36:13: note: in expansion of macro 'IOWR_ALTERA_AVALON_PIO_DATA'
             IOWR_ALTERA_AVALON_PIO_DATA(HEX0_BASE, seven_seg_decode(count));
             ^
main.c:36:52: warning: implicit declaration of function 'seven_seg_decode' [-Wimplicit-function-declaration]
             IOWR_ALTERA_AVALON_PIO_DATA(HEX0_BASE, seven_seg_decode(count));
                                                    ^
../lab3_bsp//HAL/inc/io.h:75:66: note: in definition of macro 'IOWR'
   __builtin_stwio (__IO_CALC_ADDRESS_NATIVE ((BASE), (REGNUM)), (DATA))
                                                                  ^
main.c:36:13: note: in expansion of macro 'IOWR_ALTERA_AVALON_PIO_DATA'
             IOWR_ALTERA_AVALON_PIO_DATA(HEX0_BASE, seven_seg_decode(count));
             ^
../lab3_bsp//HAL/inc/io.h:73:51: error: expected expression before ')' token
   __builtin_ldwio (__IO_CALC_ADDRESS_NATIVE ((BASE), (REGNUM)))
                                                   ^
../lab3_bsp//HAL/inc/io.h:70:23: note: in definition of macro '__IO_CALC_ADDRESS_NATIVE'
   ((void *)(((alt_u8*)BASE) + ((REGNUM) * (SYSTEM_BUS_WIDTH/8))))
                       ^
../lab3_bsp//drivers/inc/altera_avalon_pio_regs.h:37:55: note: in expansion of macro 'IORD'
 #define IORD_ALTERA_AVALON_PIO_DATA(base)             IORD(base, 0) 
                                                       ^
main.c:39:21: note: in expansion of macro 'IORD_ALTERA_AVALON_PIO_DATA'
             while ((IORD_ALTERA_AVALON_PIO_DATA(KEY_PIO_BASE) & 0x2) == 0);
                     ^
main.c: At top level:
main.c:45:15: error: conflicting types for 'seven_seg_decode'
 unsigned char seven_seg_decode(int digit)
               ^
In file included from ../lab3_bsp//drivers/inc/altera_avalon_pio_regs.h:34:0,
                 from main.c:2:
main.c:36:52: note: previous implicit declaration of 'seven_seg_decode' was here
             IOWR_ALTERA_AVALON_PIO_DATA(HEX0_BASE, seven_seg_decode(count));
                                                    ^
../lab3_bsp//HAL/inc/io.h:75:66: note: in definition of macro 'IOWR'
   __builtin_stwio (__IO_CALC_ADDRESS_NATIVE ((BASE), (REGNUM)), (DATA))
                                                                  ^
main.c:36:13: note: in expansion of macro 'IOWR_ALTERA_AVALON_PIO_DATA'
             IOWR_ALTERA_AVALON_PIO_DATA(HEX0_BASE, seven_seg_decode(count));
             ^
make: *** [obj/default/main.o] Error 1
18:05:04 **** Incremental Build of configuration Nios II for project lab3_bsp ****
make all 
[BSP build complete]
18:13:13 **** Build of configuration Nios II for project lab3 ****
make all 
Info: Building ../lab3_bsp/
C:/intelFPGA_lite/18.1/nios2eds/bin/gnu/H-x86_64-mingw32/bin/make --no-print-directory -C ../lab3_bsp/
[BSP build complete]
Info: Compiling main.c to obj/default/main.o
nios2-elf-gcc -xc -MP -MMD -c -I../lab3_bsp//HAL/inc -I../lab3_bsp/ -I../lab3_bsp//drivers/inc  -pipe -D__hal__ -DALT_NO_INSTRUCTION_EMULATION -DALT_SINGLE_THREADED    -O0 -g -Wall   -mno-hw-div -mno-hw-mul -mno-hw-mulx -mgpopt=global  -o obj/default/main.o main.c
main.c: In function 'main':
main.c:25:48: error: 'BUTTONS_BASE' undeclared (first use in this function)
         uint8_t buttons = *(volatile uint8_t *)BUTTONS_BASE;
                                                ^
main.c:25:48: note: each undeclared identifier is reported only once for each function it appears in
make: *** [obj/default/main.o] Error 1
18:13:19 **** Incremental Build of configuration Nios II for project lab3 ****
make all 
Info: Building ../lab3_bsp/
C:/intelFPGA_lite/18.1/nios2eds/bin/gnu/H-x86_64-mingw32/bin/make --no-print-directory -C ../lab3_bsp/
[BSP build complete]
Info: Compiling main.c to obj/default/main.o
nios2-elf-gcc -xc -MP -MMD -c -I../lab3_bsp//HAL/inc -I../lab3_bsp/ -I../lab3_bsp//drivers/inc  -pipe -D__hal__ -DALT_NO_INSTRUCTION_EMULATION -DALT_SINGLE_THREADED    -O0 -g -Wall   -mno-hw-div -mno-hw-mul -mno-hw-mulx -mgpopt=global  -o obj/default/main.o main.c
main.c: In function 'main':
main.c:25:48: error: 'BUTTONS_BASE' undeclared (first use in this function)
         uint8_t buttons = *(volatile uint8_t *)BUTTONS_BASE;
                                                ^
main.c:25:48: note: each undeclared identifier is reported only once for each function it appears in
make: *** [obj/default/main.o] Error 1
18:13:20 **** Incremental Build of configuration Nios II for project lab3_bsp ****
make all 
[BSP build complete]
18:13:52 **** Incremental Build of configuration Nios II for project lab3 ****
make all 
Info: Building ../lab3_bsp/
C:/intelFPGA_lite/18.1/nios2eds/bin/gnu/H-x86_64-mingw32/bin/make --no-print-directory -C ../lab3_bsp/
[BSP build complete]
Info: Compiling main.c to obj/default/main.o
nios2-elf-gcc -xc -MP -MMD -c -I../lab3_bsp//HAL/inc -I../lab3_bsp/ -I../lab3_bsp//drivers/inc  -pipe -D__hal__ -DALT_NO_INSTRUCTION_EMULATION -DALT_SINGLE_THREADED    -O0 -g -Wall   -mno-hw-div -mno-hw-mul -mno-hw-mulx -mgpopt=global  -o obj/default/main.o main.c
main.c: In function 'main':
main.c:50:48: error: 'BUTTONS_BASE' undeclared (first use in this function)
                 buttons = *(volatile uint8_t *)BUTTONS_BASE;
                                                ^
main.c:50:48: note: each undeclared identifier is reported only once for each function it appears in
make: *** [obj/default/main.o] Error 1
18:13:53 **** Incremental Build of configuration Nios II for project lab3_bsp ****
make all 
[BSP build complete]
18:14:04 **** Incremental Build of configuration Nios II for project lab3 ****
make all 
Info: Building ../lab3_bsp/
C:/intelFPGA_lite/18.1/nios2eds/bin/gnu/H-x86_64-mingw32/bin/make --no-print-directory -C ../lab3_bsp/
[BSP build complete]
Info: Compiling main.c to obj/default/main.o
nios2-elf-gcc -xc -MP -MMD -c -I../lab3_bsp//HAL/inc -I../lab3_bsp/ -I../lab3_bsp//drivers/inc  -pipe -D__hal__ -DALT_NO_INSTRUCTION_EMULATION -DALT_SINGLE_THREADED    -O0 -g -Wall   -mno-hw-div -mno-hw-mul -mno-hw-mulx -mgpopt=global  -o obj/default/main.o main.c
Info: Linking lab3.elf
nios2-elf-g++  -T'../lab3_bsp//linker.x' -msys-crt0='../lab3_bsp//obj/HAL/src/crt0.o' -msys-lib=hal_bsp -L../lab3_bsp/   -Wl,-Map=lab3.map   -O0 -g -Wall   -mno-hw-div -mno-hw-mul -mno-hw-mulx -mgpopt=global  -o lab3.elf obj/default/main.o -lm -msys-lib=m
nios2-elf-insert lab3.elf --thread_model hal --cpu_name nios2_gen2_0 --qsys true --simulation_enabled false --id 0 --sidp 0x21060 --timestamp 1739227113 --stderr_dev jtag_uart_0 --stdin_dev jtag_uart_0 --stdout_dev jtag_uart_0 --sopc_system_name nios_system --quartus_project_dir "D:/Documents/CPET_561/DE1_SoC_Lab3" --jdi ../..//output_files/DE1_SoC_Lab3.jdi --sopcinfo D:/Documents/CPET_561/DE1_SoC_Lab3/software/lab3_bsp/../../nios_system.sopcinfo
Info: (lab3.elf) 15 KBytes program size (code + initialized data).
Info:            10 KBytes free for stack + heap.
Info: Creating lab3.objdump
nios2-elf-objdump --disassemble --syms --all-header --source lab3.elf >lab3.objdump
[lab3 build complete]
18:14:06 **** Incremental Build of configuration Nios II for project lab3_bsp ****
make all 
[BSP build complete]
18:14:30 **** Incremental Build of configuration Nios II for project lab3 ****
make all 
Info: Building ../lab3_bsp/
C:/intelFPGA_lite/18.1/nios2eds/bin/gnu/H-x86_64-mingw32/bin/make --no-print-directory -C ../lab3_bsp/
[BSP build complete]
[lab3 build complete]
18:18:58 **** Incremental Build of configuration Nios II for project lab3 ****
make all 
Info: Building ../lab3_bsp/
C:/intelFPGA_lite/18.1/nios2eds/bin/gnu/H-x86_64-mingw32/bin/make --no-print-directory -C ../lab3_bsp/
[BSP build complete]
Info: Compiling interrupts.c to obj/default/interrupts.o
nios2-elf-gcc -xc -MP -MMD -c -I../lab3_bsp//HAL/inc -I../lab3_bsp/ -I../lab3_bsp//drivers/inc  -pipe -D__hal__ -DALT_NO_INSTRUCTION_EMULATION -DALT_SINGLE_THREADED    -O0 -g -Wall   -mno-hw-div -mno-hw-mul -mno-hw-mulx -mgpopt=global  -o obj/default/interrupts.o interrupts.c
interrupts.c: In function 'key_ISR':
interrupts.c:50:15: error: 'KEY_PIO_BASE' undeclared (first use in this function)
     pio_write(KEY_PIO_BASE, PIO_EDGE_CAP_OFFSET, 0);
               ^
interrupts.c:50:15: note: each undeclared identifier is reported only once for each function it appears in
interrupts.c:53:34: error: 'SW_PIO_BASE' undeclared (first use in this function)
     uint32_t sw_value = pio_read(SW_PIO_BASE, PIO_DATA_OFFSET);
                                  ^
interrupts.c: In function 'main':
interrupts.c:84:15: error: 'KEY_PIO_BASE' undeclared (first use in this function)
     pio_write(KEY_PIO_BASE, PIO_EDGE_CAP_OFFSET, 0);
               ^
interrupts.c:93:9: error: 'KEY_PIO_IRQ_INTERRUPT_CONTROLLER_ID' undeclared (first use in this function)
         KEY_PIO_IRQ_INTERRUPT_CONTROLLER_ID,
         ^
interrupts.c:94:9: error: 'KEY_PIO_IRQ' undeclared (first use in this function)
         KEY_PIO_IRQ,
         ^
make: *** [obj/default/interrupts.o] Error 1
18:18:59 **** Incremental Build of configuration Nios II for project lab3_bsp ****
make all 
[BSP build complete]
18:20:08 **** Incremental Build of configuration Nios II for project lab3 ****
make all 
Info: Building ../lab3_bsp/
C:/intelFPGA_lite/18.1/nios2eds/bin/gnu/H-x86_64-mingw32/bin/make --no-print-directory -C ../lab3_bsp/
[BSP build complete]
Info: Compiling interrupts.c to obj/default/interrupts.o
nios2-elf-gcc -xc -MP -MMD -c -I../lab3_bsp//HAL/inc -I../lab3_bsp/ -I../lab3_bsp//drivers/inc  -pipe -D__hal__ -DALT_NO_INSTRUCTION_EMULATION -DALT_SINGLE_THREADED    -O0 -g -Wall   -mno-hw-div -mno-hw-mul -mno-hw-mulx -mgpopt=global  -o obj/default/interrupts.o interrupts.c
Info: Linking lab3.elf
nios2-elf-g++  -T'../lab3_bsp//linker.x' -msys-crt0='../lab3_bsp//obj/HAL/src/crt0.o' -msys-lib=hal_bsp -L../lab3_bsp/   -Wl,-Map=lab3.map   -O0 -g -Wall   -mno-hw-div -mno-hw-mul -mno-hw-mulx -mgpopt=global  -o lab3.elf obj/default/interrupts.o -lm -msys-lib=m
nios2-elf-insert lab3.elf --thread_model hal --cpu_name nios2_gen2_0 --qsys true --simulation_enabled false --id 0 --sidp 0x21060 --timestamp 1739227113 --stderr_dev jtag_uart_0 --stdin_dev jtag_uart_0 --stdout_dev jtag_uart_0 --sopc_system_name nios_system --quartus_project_dir "D:/Documents/CPET_561/DE1_SoC_Lab3" --jdi ../..//output_files/DE1_SoC_Lab3.jdi --sopcinfo D:/Documents/CPET_561/DE1_SoC_Lab3/software/lab3_bsp/../../nios_system.sopcinfo
Info: (lab3.elf) 15 KBytes program size (code + initialized data).
Info:            10 KBytes free for stack + heap.
Info: Creating lab3.objdump
nios2-elf-objdump --disassemble --syms --all-header --source lab3.elf >lab3.objdump
[lab3 build complete]
18:20:10 **** Incremental Build of configuration Nios II for project lab3_bsp ****
make all 
[BSP build complete]
18:20:20 **** Incremental Build of configuration Nios II for project lab3 ****
make all 
Info: Building ../lab3_bsp/
C:/intelFPGA_lite/18.1/nios2eds/bin/gnu/H-x86_64-mingw32/bin/make --no-print-directory -C ../lab3_bsp/
[BSP build complete]
[lab3 build complete]
18:21:15 **** Incremental Build of configuration Nios II for project lab3 ****
make all 
Info: Building ../lab3_bsp/
C:/intelFPGA_lite/18.1/nios2eds/bin/gnu/H-x86_64-mingw32/bin/make --no-print-directory -C ../lab3_bsp/
[BSP build complete]
Info: Compiling interrupts.c to obj/default/interrupts.o
nios2-elf-gcc -xc -MP -MMD -c -I../lab3_bsp//HAL/inc -I../lab3_bsp/ -I../lab3_bsp//drivers/inc  -pipe -D__hal__ -DALT_NO_INSTRUCTION_EMULATION -DALT_SINGLE_THREADED    -O0 -g -Wall   -mno-hw-div -mno-hw-mul -mno-hw-mulx -mgpopt=global  -o obj/default/interrupts.o interrupts.c
Info: Linking lab3.elf
nios2-elf-g++  -T'../lab3_bsp//linker.x' -msys-crt0='../lab3_bsp//obj/HAL/src/crt0.o' -msys-lib=hal_bsp -L../lab3_bsp/   -Wl,-Map=lab3.map   -O0 -g -Wall   -mno-hw-div -mno-hw-mul -mno-hw-mulx -mgpopt=global  -o lab3.elf obj/default/interrupts.o -lm -msys-lib=m
nios2-elf-insert lab3.elf --thread_model hal --cpu_name nios2_gen2_0 --qsys true --simulation_enabled false --id 0 --sidp 0x21060 --timestamp 1739227113 --stderr_dev jtag_uart_0 --stdin_dev jtag_uart_0 --stdout_dev jtag_uart_0 --sopc_system_name nios_system --quartus_project_dir "D:/Documents/CPET_561/DE1_SoC_Lab3" --jdi ../..//output_files/DE1_SoC_Lab3.jdi --sopcinfo D:/Documents/CPET_561/DE1_SoC_Lab3/software/lab3_bsp/../../nios_system.sopcinfo
Info: (lab3.elf) 15 KBytes program size (code + initialized data).
Info:            10 KBytes free for stack + heap.
Info: Creating lab3.objdump
nios2-elf-objdump --disassemble --syms --all-header --source lab3.elf >lab3.objdump
[lab3 build complete]
18:21:23 **** Incremental Build of configuration Nios II for project lab3 ****
make all 
Info: Building ../lab3_bsp/
C:/intelFPGA_lite/18.1/nios2eds/bin/gnu/H-x86_64-mingw32/bin/make --no-print-directory -C ../lab3_bsp/
[BSP build complete]
[lab3 build complete]
18:21:24 **** Incremental Build of configuration Nios II for project lab3_bsp ****
make all 
[BSP build complete]
18:21:28 **** Incremental Build of configuration Nios II for project lab3 ****
make all 
Info: Building ../lab3_bsp/
C:/intelFPGA_lite/18.1/nios2eds/bin/gnu/H-x86_64-mingw32/bin/make --no-print-directory -C ../lab3_bsp/
[BSP build complete]
[lab3 build complete]
18:21:51 **** Incremental Build of configuration Nios II for project lab3 ****
make all 
Info: Building ../lab3_bsp/
C:/intelFPGA_lite/18.1/nios2eds/bin/gnu/H-x86_64-mingw32/bin/make --no-print-directory -C ../lab3_bsp/
[BSP build complete]
[lab3 build complete]
18:23:58 **** Incremental Build of configuration Nios II for project lab3 ****
make all 
Info: Building ../lab3_bsp/
C:/intelFPGA_lite/18.1/nios2eds/bin/gnu/H-x86_64-mingw32/bin/make --no-print-directory -C ../lab3_bsp/
[BSP build complete]
Info: Compiling timers_and_interrupts.c to obj/default/timers_and_interrupts.o
nios2-elf-gcc -xc -MP -MMD -c -I../lab3_bsp//HAL/inc -I../lab3_bsp/ -I../lab3_bsp//drivers/inc  -pipe -D__hal__ -DALT_NO_INSTRUCTION_EMULATION -DALT_SINGLE_THREADED    -O0 -g -Wall   -mno-hw-div -mno-hw-mul -mno-hw-mulx -mgpopt=global  -o obj/default/timers_and_interrupts.o timers_and_interrupts.c
Info: Linking lab3.elf
nios2-elf-g++  -T'../lab3_bsp//linker.x' -msys-crt0='../lab3_bsp//obj/HAL/src/crt0.o' -msys-lib=hal_bsp -L../lab3_bsp/   -Wl,-Map=lab3.map   -O0 -g -Wall   -mno-hw-div -mno-hw-mul -mno-hw-mulx -mgpopt=global  -o lab3.elf obj/default/timers_and_interrupts.o -lm -msys-lib=m
nios2-elf-insert lab3.elf --thread_model hal --cpu_name nios2_gen2_0 --qsys true --simulation_enabled false --id 0 --sidp 0x21060 --timestamp 1739227113 --stderr_dev jtag_uart_0 --stdin_dev jtag_uart_0 --stdout_dev jtag_uart_0 --sopc_system_name nios_system --quartus_project_dir "D:/Documents/CPET_561/DE1_SoC_Lab3" --jdi ../..//output_files/DE1_SoC_Lab3.jdi --sopcinfo D:/Documents/CPET_561/DE1_SoC_Lab3/software/lab3_bsp/../../nios_system.sopcinfo
Info: (lab3.elf) 16 KBytes program size (code + initialized data).
Info:            10 KBytes free for stack + heap.
Info: Creating lab3.objdump
nios2-elf-objdump --disassemble --syms --all-header --source lab3.elf >lab3.objdump
[lab3 build complete]
18:24:00 **** Incremental Build of configuration Nios II for project lab3_bsp ****
make all 
[BSP build complete]
18:24:11 **** Incremental Build of configuration Nios II for project lab3 ****
make all 
Info: Building ../lab3_bsp/
C:/intelFPGA_lite/18.1/nios2eds/bin/gnu/H-x86_64-mingw32/bin/make --no-print-directory -C ../lab3_bsp/
[BSP build complete]
[lab3 build complete]
18:24:42 **** Incremental Build of configuration Nios II for project lab3 ****
make all 
Info: Building ../lab3_bsp/
C:/intelFPGA_lite/18.1/nios2eds/bin/gnu/H-x86_64-mingw32/bin/make --no-print-directory -C ../lab3_bsp/
[BSP build complete]
Info: Compiling timers_and_interrupts.c to obj/default/timers_and_interrupts.o
nios2-elf-gcc -xc -MP -MMD -c -I../lab3_bsp//HAL/inc -I../lab3_bsp/ -I../lab3_bsp//drivers/inc  -pipe -D__hal__ -DALT_NO_INSTRUCTION_EMULATION -DALT_SINGLE_THREADED    -O0 -g -Wall   -mno-hw-div -mno-hw-mul -mno-hw-mulx -mgpopt=global  -o obj/default/timers_and_interrupts.o timers_and_interrupts.c
Info: Linking lab3.elf
nios2-elf-g++  -T'../lab3_bsp//linker.x' -msys-crt0='../lab3_bsp//obj/HAL/src/crt0.o' -msys-lib=hal_bsp -L../lab3_bsp/   -Wl,-Map=lab3.map   -O0 -g -Wall   -mno-hw-div -mno-hw-mul -mno-hw-mulx -mgpopt=global  -o lab3.elf obj/default/timers_and_interrupts.o -lm -msys-lib=m
nios2-elf-insert lab3.elf --thread_model hal --cpu_name nios2_gen2_0 --qsys true --simulation_enabled false --id 0 --sidp 0x21060 --timestamp 1739227113 --stderr_dev jtag_uart_0 --stdin_dev jtag_uart_0 --stdout_dev jtag_uart_0 --sopc_system_name nios_system --quartus_project_dir "D:/Documents/CPET_561/DE1_SoC_Lab3" --jdi ../..//output_files/DE1_SoC_Lab3.jdi --sopcinfo D:/Documents/CPET_561/DE1_SoC_Lab3/software/lab3_bsp/../../nios_system.sopcinfo
Info: (lab3.elf) 16 KBytes program size (code + initialized data).
Info:            10 KBytes free for stack + heap.
Info: Creating lab3.objdump
nios2-elf-objdump --disassemble --syms --all-header --source lab3.elf >lab3.objdump
[lab3 build complete]
18:24:44 **** Incremental Build of configuration Nios II for project lab3_bsp ****
make all 
[BSP build complete]
18:24:49 **** Incremental Build of configuration Nios II for project lab3 ****
make all 
Info: Building ../lab3_bsp/
C:/intelFPGA_lite/18.1/nios2eds/bin/gnu/H-x86_64-mingw32/bin/make --no-print-directory -C ../lab3_bsp/
[BSP build complete]
[lab3 build complete]
18:27:37 **** Incremental Build of configuration Nios II for project lab3 ****
make all 
Info: Building ../lab3_bsp/
C:/intelFPGA_lite/18.1/nios2eds/bin/gnu/H-x86_64-mingw32/bin/make --no-print-directory -C ../lab3_bsp/
[BSP build complete]
Info: Compiling timers_and_interrupts.c to obj/default/timers_and_interrupts.o
nios2-elf-gcc -xc -MP -MMD -c -I../lab3_bsp//HAL/inc -I../lab3_bsp/ -I../lab3_bsp//drivers/inc  -pipe -D__hal__ -DALT_NO_INSTRUCTION_EMULATION -DALT_SINGLE_THREADED    -O0 -g -Wall   -mno-hw-div -mno-hw-mul -mno-hw-mulx -mgpopt=global  -o obj/default/timers_and_interrupts.o timers_and_interrupts.c
Info: Linking lab3.elf
nios2-elf-g++  -T'../lab3_bsp//linker.x' -msys-crt0='../lab3_bsp//obj/HAL/src/crt0.o' -msys-lib=hal_bsp -L../lab3_bsp/   -Wl,-Map=lab3.map   -O0 -g -Wall   -mno-hw-div -mno-hw-mul -mno-hw-mulx -mgpopt=global  -o lab3.elf obj/default/timers_and_interrupts.o -lm -msys-lib=m
nios2-elf-insert lab3.elf --thread_model hal --cpu_name nios2_gen2_0 --qsys true --simulation_enabled false --id 0 --sidp 0x21060 --timestamp 1739227113 --stderr_dev jtag_uart_0 --stdin_dev jtag_uart_0 --stdout_dev jtag_uart_0 --sopc_system_name nios_system --quartus_project_dir "D:/Documents/CPET_561/DE1_SoC_Lab3" --jdi ../..//output_files/DE1_SoC_Lab3.jdi --sopcinfo D:/Documents/CPET_561/DE1_SoC_Lab3/software/lab3_bsp/../../nios_system.sopcinfo
Info: (lab3.elf) 16 KBytes program size (code + initialized data).
Info:            10 KBytes free for stack + heap.
Info: Creating lab3.objdump
nios2-elf-objdump --disassemble --syms --all-header --source lab3.elf >lab3.objdump
[lab3 build complete]
18:27:38 **** Incremental Build of configuration Nios II for project lab3_bsp ****
make all 
[BSP build complete]
