15:50:25 **** Clean-only build of configuration Nios II for project Lab7_Part4_bsp ****
make clean 
[BSP clean complete]
15:50:27 **** Clean-only build of configuration Nios II for project Lab7_Part4 ****
make clean 
[Lab7_Part4 clean complete]
13:31:14 **** Build of configuration Nios II for project Lab7_Part4 ****
make all 
Info: Building ../Lab7_Part4_bsp/
C:/intelFPGA/18.1/nios2eds/bin/gnu/H-x86_64-mingw32/bin/make --no-print-directory -C ../Lab7_Part4_bsp/
Compiling alt_alarm_start.c...
nios2-elf-gcc -xc -MP -MMD -c  -I./HAL/inc -I. -I./drivers/inc -pipe -D__hal__ -DALT_NO_C_PLUS_PLUS -DALT_NO_INSTRUCTION_EMULATION -DALT_USE_SMALL_DRIVERS -DSMALL_C_LIB -DALT_SINGLE_THREADED    -O0 -g -Wall  -mno-hw-div -mno-hw-mul -mno-hw-mulx -mgpopt=global   -o obj/HAL/src/alt_alarm_start.o HAL/src/alt_alarm_start.c
Compiling alt_busy_sleep.c...
nios2-elf-gcc -xc -MP -MMD -c  -I./HAL/inc -I. -I./drivers/inc -pipe -D__hal__ -DALT_NO_C_PLUS_PLUS -DALT_NO_INSTRUCTION_EMULATION -DALT_USE_SMALL_DRIVERS -DSMALL_C_LIB -DALT_SINGLE_THREADED    -O0 -g -Wall  -mno-hw-div -mno-hw-mul -mno-hw-mulx -mgpopt=global   -o obj/HAL/src/alt_busy_sleep.o HAL/src/alt_busy_sleep.c
Compiling alt_close.c...
nios2-elf-gcc -xc -MP -MMD -c  -I./HAL/inc -I. -I./drivers/inc -pipe -D__hal__ -DALT_NO_C_PLUS_PLUS -DALT_NO_INSTRUCTION_EMULATION -DALT_USE_SMALL_DRIVERS -DSMALL_C_LIB -DALT_SINGLE_THREADED    -O0 -g -Wall  -mno-hw-div -mno-hw-mul -mno-hw-mulx -mgpopt=global   -o obj/HAL/src/alt_close.o HAL/src/alt_close.c
Compiling alt_dcache_flush.c...
nios2-elf-gcc -xc -MP -MMD -c  -I./HAL/inc -I. -I./drivers/inc -pipe -D__hal__ -DALT_NO_C_PLUS_PLUS -DALT_NO_INSTRUCTION_EMULATION -DALT_USE_SMALL_DRIVERS -DSMALL_C_LIB -DALT_SINGLE_THREADED    -O0 -g -Wall  -mno-hw-div -mno-hw-mul -mno-hw-mulx -mgpopt=global   -o obj/HAL/src/alt_dcache_flush.o HAL/src/alt_dcache_flush.c
Compiling alt_dcache_flush_all.c...
nios2-elf-gcc -xc -MP -MMD -c  -I./HAL/inc -I. -I./drivers/inc -pipe -D__hal__ -DALT_NO_C_PLUS_PLUS -DALT_NO_INSTRUCTION_EMULATION -DALT_USE_SMALL_DRIVERS -DSMALL_C_LIB -DALT_SINGLE_THREADED    -O0 -g -Wall  -mno-hw-div -mno-hw-mul -mno-hw-mulx -mgpopt=global   -o obj/HAL/src/alt_dcache_flush_all.o HAL/src/alt_dcache_flush_all.c
Compiling alt_dcache_flush_no_writeback.c...
nios2-elf-gcc -xc -MP -MMD -c  -I./HAL/inc -I. -I./drivers/inc -pipe -D__hal__ -DALT_NO_C_PLUS_PLUS -DALT_NO_INSTRUCTION_EMULATION -DALT_USE_SMALL_DRIVERS -DSMALL_C_LIB -DALT_SINGLE_THREADED    -O0 -g -Wall  -mno-hw-div -mno-hw-mul -mno-hw-mulx -mgpopt=global   -o obj/HAL/src/alt_dcache_flush_no_writeback.o HAL/src/alt_dcache_flush_no_writeback.c
Compiling alt_dev.c...
nios2-elf-gcc -xc -MP -MMD -c  -I./HAL/inc -I. -I./drivers/inc -pipe -D__hal__ -DALT_NO_C_PLUS_PLUS -DALT_NO_INSTRUCTION_EMULATION -DALT_USE_SMALL_DRIVERS -DSMALL_C_LIB -DALT_SINGLE_THREADED    -O0 -g -Wall  -mno-hw-div -mno-hw-mul -mno-hw-mulx -mgpopt=global   -o obj/HAL/src/alt_dev.o HAL/src/alt_dev.c
Compiling alt_dev_llist_insert.c...
nios2-elf-gcc -xc -MP -MMD -c  -I./HAL/inc -I. -I./drivers/inc -pipe -D__hal__ -DALT_NO_C_PLUS_PLUS -DALT_NO_INSTRUCTION_EMULATION -DALT_USE_SMALL_DRIVERS -DSMALL_C_LIB -DALT_SINGLE_THREADED    -O0 -g -Wall  -mno-hw-div -mno-hw-mul -mno-hw-mulx -mgpopt=global   -o obj/HAL/src/alt_dev_llist_insert.o HAL/src/alt_dev_llist_insert.c
Compiling alt_dma_rxchan_open.c...
nios2-elf-gcc -xc -MP -MMD -c  -I./HAL/inc -I. -I./drivers/inc -pipe -D__hal__ -DALT_NO_C_PLUS_PLUS -DALT_NO_INSTRUCTION_EMULATION -DALT_USE_SMALL_DRIVERS -DSMALL_C_LIB -DALT_SINGLE_THREADED    -O0 -g -Wall  -mno-hw-div -mno-hw-mul -mno-hw-mulx -mgpopt=global   -o obj/HAL/src/alt_dma_rxchan_open.o HAL/src/alt_dma_rxchan_open.c
Compiling alt_dma_txchan_open.c...
nios2-elf-gcc -xc -MP -MMD -c  -I./HAL/inc -I. -I./drivers/inc -pipe -D__hal__ -DALT_NO_C_PLUS_PLUS -DALT_NO_INSTRUCTION_EMULATION -DALT_USE_SMALL_DRIVERS -DSMALL_C_LIB -DALT_SINGLE_THREADED    -O0 -g -Wall  -mno-hw-div -mno-hw-mul -mno-hw-mulx -mgpopt=global   -o obj/HAL/src/alt_dma_txchan_open.o HAL/src/alt_dma_txchan_open.c
Compiling alt_do_ctors.c...
nios2-elf-gcc -xc -MP -MMD -c  -I./HAL/inc -I. -I./drivers/inc -pipe -D__hal__ -DALT_NO_C_PLUS_PLUS -DALT_NO_INSTRUCTION_EMULATION -DALT_USE_SMALL_DRIVERS -DSMALL_C_LIB -DALT_SINGLE_THREADED    -O0 -g -Wall  -mno-hw-div -mno-hw-mul -mno-hw-mulx -mgpopt=global   -o obj/HAL/src/alt_do_ctors.o HAL/src/alt_do_ctors.c
Compiling alt_do_dtors.c...
nios2-elf-gcc -xc -MP -MMD -c  -I./HAL/inc -I. -I./drivers/inc -pipe -D__hal__ -DALT_NO_C_PLUS_PLUS -DALT_NO_INSTRUCTION_EMULATION -DALT_USE_SMALL_DRIVERS -DSMALL_C_LIB -DALT_SINGLE_THREADED    -O0 -g -Wall  -mno-hw-div -mno-hw-mul -mno-hw-mulx -mgpopt=global   -o obj/HAL/src/alt_do_dtors.o HAL/src/alt_do_dtors.c
Compiling alt_ecc_fatal_entry.S...
nios2-elf-gcc -MP -MMD -c   -O0 -g -Wall  -mno-hw-div -mno-hw-mul -mno-hw-mulx -mgpopt=global    -I./HAL/inc -I. -I./drivers/inc -pipe -D__hal__ -DALT_NO_C_PLUS_PLUS -DALT_NO_INSTRUCTION_EMULATION -DALT_USE_SMALL_DRIVERS -DSMALL_C_LIB -DALT_SINGLE_THREADED  -Wa,-gdwarf2  -o obj/HAL/src/alt_ecc_fatal_entry.o HAL/src/alt_ecc_fatal_entry.S
Compiling alt_ecc_fatal_exception.c...
nios2-elf-gcc -xc -MP -MMD -c  -I./HAL/inc -I. -I./drivers/inc -pipe -D__hal__ -DALT_NO_C_PLUS_PLUS -DALT_NO_INSTRUCTION_EMULATION -DALT_USE_SMALL_DRIVERS -DSMALL_C_LIB -DALT_SINGLE_THREADED    -O0 -g -Wall  -mno-hw-div -mno-hw-mul -mno-hw-mulx -mgpopt=global   -o obj/HAL/src/alt_ecc_fatal_exception.o HAL/src/alt_ecc_fatal_exception.c
Compiling alt_env_lock.c...
nios2-elf-gcc -xc -MP -MMD -c  -I./HAL/inc -I. -I./drivers/inc -pipe -D__hal__ -DALT_NO_C_PLUS_PLUS -DALT_NO_INSTRUCTION_EMULATION -DALT_USE_SMALL_DRIVERS -DSMALL_C_LIB -DALT_SINGLE_THREADED    -O0 -g -Wall  -mno-hw-div -mno-hw-mul -mno-hw-mulx -mgpopt=global   -o obj/HAL/src/alt_env_lock.o HAL/src/alt_env_lock.c
Compiling alt_environ.c...
nios2-elf-gcc -xc -MP -MMD -c  -I./HAL/inc -I. -I./drivers/inc -pipe -D__hal__ -DALT_NO_C_PLUS_PLUS -DALT_NO_INSTRUCTION_EMULATION -DALT_USE_SMALL_DRIVERS -DSMALL_C_LIB -DALT_SINGLE_THREADED    -O0 -g -Wall  -mno-hw-div -mno-hw-mul -mno-hw-mulx -mgpopt=global   -o obj/HAL/src/alt_environ.o HAL/src/alt_environ.c
Compiling alt_errno.c...
nios2-elf-gcc -xc -MP -MMD -c  -I./HAL/inc -I. -I./drivers/inc -pipe -D__hal__ -DALT_NO_C_PLUS_PLUS -DALT_NO_INSTRUCTION_EMULATION -DALT_USE_SMALL_DRIVERS -DSMALL_C_LIB -DALT_SINGLE_THREADED    -O0 -g -Wall  -mno-hw-div -mno-hw-mul -mno-hw-mulx -mgpopt=global   -o obj/HAL/src/alt_errno.o HAL/src/alt_errno.c
Compiling alt_exception_entry.S...
nios2-elf-gcc -MP -MMD -c   -O0 -g -Wall  -mno-hw-div -mno-hw-mul -mno-hw-mulx -mgpopt=global    -I./HAL/inc -I. -I./drivers/inc -pipe -D__hal__ -DALT_NO_C_PLUS_PLUS -DALT_NO_INSTRUCTION_EMULATION -DALT_USE_SMALL_DRIVERS -DSMALL_C_LIB -DALT_SINGLE_THREADED  -Wa,-gdwarf2  -o obj/HAL/src/alt_exception_entry.o HAL/src/alt_exception_entry.S
Compiling alt_exception_muldiv.S...
nios2-elf-gcc -MP -MMD -c   -O0 -g -Wall  -mno-hw-div -mno-hw-mul -mno-hw-mulx -mgpopt=global    -I./HAL/inc -I. -I./drivers/inc -pipe -D__hal__ -DALT_NO_C_PLUS_PLUS -DALT_NO_INSTRUCTION_EMULATION -DALT_USE_SMALL_DRIVERS -DSMALL_C_LIB -DALT_SINGLE_THREADED  -Wa,-gdwarf2  -o obj/HAL/src/alt_exception_muldiv.o HAL/src/alt_exception_muldiv.S
Compiling alt_exception_trap.S...
nios2-elf-gcc -MP -MMD -c   -O0 -g -Wall  -mno-hw-div -mno-hw-mul -mno-hw-mulx -mgpopt=global    -I./HAL/inc -I. -I./drivers/inc -pipe -D__hal__ -DALT_NO_C_PLUS_PLUS -DALT_NO_INSTRUCTION_EMULATION -DALT_USE_SMALL_DRIVERS -DSMALL_C_LIB -DALT_SINGLE_THREADED  -Wa,-gdwarf2  -o obj/HAL/src/alt_exception_trap.o HAL/src/alt_exception_trap.S
Compiling alt_execve.c...
nios2-elf-gcc -xc -MP -MMD -c  -I./HAL/inc -I. -I./drivers/inc -pipe -D__hal__ -DALT_NO_C_PLUS_PLUS -DALT_NO_INSTRUCTION_EMULATION -DALT_USE_SMALL_DRIVERS -DSMALL_C_LIB -DALT_SINGLE_THREADED    -O0 -g -Wall  -mno-hw-div -mno-hw-mul -mno-hw-mulx -mgpopt=global   -o obj/HAL/src/alt_execve.o HAL/src/alt_execve.c
Compiling alt_exit.c...
nios2-elf-gcc -xc -MP -MMD -c  -I./HAL/inc -I. -I./drivers/inc -pipe -D__hal__ -DALT_NO_C_PLUS_PLUS -DALT_NO_INSTRUCTION_EMULATION -DALT_USE_SMALL_DRIVERS -DSMALL_C_LIB -DALT_SINGLE_THREADED    -O0 -g -Wall  -mno-hw-div -mno-hw-mul -mno-hw-mulx -mgpopt=global   -o obj/HAL/src/alt_exit.o HAL/src/alt_exit.c
Compiling alt_fcntl.c...
nios2-elf-gcc -xc -MP -MMD -c  -I./HAL/inc -I. -I./drivers/inc -pipe -D__hal__ -DALT_NO_C_PLUS_PLUS -DALT_NO_INSTRUCTION_EMULATION -DALT_USE_SMALL_DRIVERS -DSMALL_C_LIB -DALT_SINGLE_THREADED    -O0 -g -Wall  -mno-hw-div -mno-hw-mul -mno-hw-mulx -mgpopt=global   -o obj/HAL/src/alt_fcntl.o HAL/src/alt_fcntl.c
Compiling alt_fd_lock.c...
nios2-elf-gcc -xc -MP -MMD -c  -I./HAL/inc -I. -I./drivers/inc -pipe -D__hal__ -DALT_NO_C_PLUS_PLUS -DALT_NO_INSTRUCTION_EMULATION -DALT_USE_SMALL_DRIVERS -DSMALL_C_LIB -DALT_SINGLE_THREADED    -O0 -g -Wall  -mno-hw-div -mno-hw-mul -mno-hw-mulx -mgpopt=global   -o obj/HAL/src/alt_fd_lock.o HAL/src/alt_fd_lock.c
Compiling alt_fd_unlock.c...
nios2-elf-gcc -xc -MP -MMD -c  -I./HAL/inc -I. -I./drivers/inc -pipe -D__hal__ -DALT_NO_C_PLUS_PLUS -DALT_NO_INSTRUCTION_EMULATION -DALT_USE_SMALL_DRIVERS -DSMALL_C_LIB -DALT_SINGLE_THREADED    -O0 -g -Wall  -mno-hw-div -mno-hw-mul -mno-hw-mulx -mgpopt=global   -o obj/HAL/src/alt_fd_unlock.o HAL/src/alt_fd_unlock.c
Compiling alt_find_dev.c...
nios2-elf-gcc -xc -MP -MMD -c  -I./HAL/inc -I. -I./drivers/inc -pipe -D__hal__ -DALT_NO_C_PLUS_PLUS -DALT_NO_INSTRUCTION_EMULATION -DALT_USE_SMALL_DRIVERS -DSMALL_C_LIB -DALT_SINGLE_THREADED    -O0 -g -Wall  -mno-hw-div -mno-hw-mul -mno-hw-mulx -mgpopt=global   -o obj/HAL/src/alt_find_dev.o HAL/src/alt_find_dev.c
Compiling alt_find_file.c...
nios2-elf-gcc -xc -MP -MMD -c  -I./HAL/inc -I. -I./drivers/inc -pipe -D__hal__ -DALT_NO_C_PLUS_PLUS -DALT_NO_INSTRUCTION_EMULATION -DALT_USE_SMALL_DRIVERS -DSMALL_C_LIB -DALT_SINGLE_THREADED    -O0 -g -Wall  -mno-hw-div -mno-hw-mul -mno-hw-mulx -mgpopt=global   -o obj/HAL/src/alt_find_file.o HAL/src/alt_find_file.c
Compiling alt_flash_dev.c...
nios2-elf-gcc -xc -MP -MMD -c  -I./HAL/inc -I. -I./drivers/inc -pipe -D__hal__ -DALT_NO_C_PLUS_PLUS -DALT_NO_INSTRUCTION_EMULATION -DALT_USE_SMALL_DRIVERS -DSMALL_C_LIB -DALT_SINGLE_THREADED    -O0 -g -Wall  -mno-hw-div -mno-hw-mul -mno-hw-mulx -mgpopt=global   -o obj/HAL/src/alt_flash_dev.o HAL/src/alt_flash_dev.c
Compiling alt_fork.c...
nios2-elf-gcc -xc -MP -MMD -c  -I./HAL/inc -I. -I./drivers/inc -pipe -D__hal__ -DALT_NO_C_PLUS_PLUS -DALT_NO_INSTRUCTION_EMULATION -DALT_USE_SMALL_DRIVERS -DSMALL_C_LIB -DALT_SINGLE_THREADED    -O0 -g -Wall  -mno-hw-div -mno-hw-mul -mno-hw-mulx -mgpopt=global   -o obj/HAL/src/alt_fork.o HAL/src/alt_fork.c
Compiling alt_fs_reg.c...
nios2-elf-gcc -xc -MP -MMD -c  -I./HAL/inc -I. -I./drivers/inc -pipe -D__hal__ -DALT_NO_C_PLUS_PLUS -DALT_NO_INSTRUCTION_EMULATION -DALT_USE_SMALL_DRIVERS -DSMALL_C_LIB -DALT_SINGLE_THREADED    -O0 -g -Wall  -mno-hw-div -mno-hw-mul -mno-hw-mulx -mgpopt=global   -o obj/HAL/src/alt_fs_reg.o HAL/src/alt_fs_reg.c
Compiling alt_fstat.c...
nios2-elf-gcc -xc -MP -MMD -c  -I./HAL/inc -I. -I./drivers/inc -pipe -D__hal__ -DALT_NO_C_PLUS_PLUS -DALT_NO_INSTRUCTION_EMULATION -DALT_USE_SMALL_DRIVERS -DSMALL_C_LIB -DALT_SINGLE_THREADED    -O0 -g -Wall  -mno-hw-div -mno-hw-mul -mno-hw-mulx -mgpopt=global   -o obj/HAL/src/alt_fstat.o HAL/src/alt_fstat.c
Compiling alt_get_fd.c...
nios2-elf-gcc -xc -MP -MMD -c  -I./HAL/inc -I. -I./drivers/inc -pipe -D__hal__ -DALT_NO_C_PLUS_PLUS -DALT_NO_INSTRUCTION_EMULATION -DALT_USE_SMALL_DRIVERS -DSMALL_C_LIB -DALT_SINGLE_THREADED    -O0 -g -Wall  -mno-hw-div -mno-hw-mul -mno-hw-mulx -mgpopt=global   -o obj/HAL/src/alt_get_fd.o HAL/src/alt_get_fd.c
Compiling alt_getchar.c...
nios2-elf-gcc -xc -MP -MMD -c  -I./HAL/inc -I. -I./drivers/inc -pipe -D__hal__ -DALT_NO_C_PLUS_PLUS -DALT_NO_INSTRUCTION_EMULATION -DALT_USE_SMALL_DRIVERS -DSMALL_C_LIB -DALT_SINGLE_THREADED    -O0 -g -Wall  -mno-hw-div -mno-hw-mul -mno-hw-mulx -mgpopt=global   -o obj/HAL/src/alt_getchar.o HAL/src/alt_getchar.c
Compiling alt_getpid.c...
nios2-elf-gcc -xc -MP -MMD -c  -I./HAL/inc -I. -I./drivers/inc -pipe -D__hal__ -DALT_NO_C_PLUS_PLUS -DALT_NO_INSTRUCTION_EMULATION -DALT_USE_SMALL_DRIVERS -DSMALL_C_LIB -DALT_SINGLE_THREADED    -O0 -g -Wall  -mno-hw-div -mno-hw-mul -mno-hw-mulx -mgpopt=global   -o obj/HAL/src/alt_getpid.o HAL/src/alt_getpid.c
Compiling alt_gettod.c...
nios2-elf-gcc -xc -MP -MMD -c  -I./HAL/inc -I. -I./drivers/inc -pipe -D__hal__ -DALT_NO_C_PLUS_PLUS -DALT_NO_INSTRUCTION_EMULATION -DALT_USE_SMALL_DRIVERS -DSMALL_C_LIB -DALT_SINGLE_THREADED    -O0 -g -Wall  -mno-hw-div -mno-hw-mul -mno-hw-mulx -mgpopt=global   -o obj/HAL/src/alt_gettod.o HAL/src/alt_gettod.c
Compiling alt_gmon.c...
nios2-elf-gcc -xc -MP -MMD -c  -I./HAL/inc -I. -I./drivers/inc -pipe -D__hal__ -DALT_NO_C_PLUS_PLUS -DALT_NO_INSTRUCTION_EMULATION -DALT_USE_SMALL_DRIVERS -DSMALL_C_LIB -DALT_SINGLE_THREADED    -O0 -g -Wall  -mno-hw-div -mno-hw-mul -mno-hw-mulx -mgpopt=global   -o obj/HAL/src/alt_gmon.o HAL/src/alt_gmon.c
Compiling alt_icache_flush.c...
nios2-elf-gcc -xc -MP -MMD -c  -I./HAL/inc -I. -I./drivers/inc -pipe -D__hal__ -DALT_NO_C_PLUS_PLUS -DALT_NO_INSTRUCTION_EMULATION -DALT_USE_SMALL_DRIVERS -DSMALL_C_LIB -DALT_SINGLE_THREADED    -O0 -g -Wall  -mno-hw-div -mno-hw-mul -mno-hw-mulx -mgpopt=global   -o obj/HAL/src/alt_icache_flush.o HAL/src/alt_icache_flush.c
Compiling alt_icache_flush_all.c...
nios2-elf-gcc -xc -MP -MMD -c  -I./HAL/inc -I. -I./drivers/inc -pipe -D__hal__ -DALT_NO_C_PLUS_PLUS -DALT_NO_INSTRUCTION_EMULATION -DALT_USE_SMALL_DRIVERS -DSMALL_C_LIB -DALT_SINGLE_THREADED    -O0 -g -Wall  -mno-hw-div -mno-hw-mul -mno-hw-mulx -mgpopt=global   -o obj/HAL/src/alt_icache_flush_all.o HAL/src/alt_icache_flush_all.c
Compiling alt_iic.c...
nios2-elf-gcc -xc -MP -MMD -c  -I./HAL/inc -I. -I./drivers/inc -pipe -D__hal__ -DALT_NO_C_PLUS_PLUS -DALT_NO_INSTRUCTION_EMULATION -DALT_USE_SMALL_DRIVERS -DSMALL_C_LIB -DALT_SINGLE_THREADED    -O0 -g -Wall  -mno-hw-div -mno-hw-mul -mno-hw-mulx -mgpopt=global   -o obj/HAL/src/alt_iic.o HAL/src/alt_iic.c
Compiling alt_iic_isr_register.c...
nios2-elf-gcc -xc -MP -MMD -c  -I./HAL/inc -I. -I./drivers/inc -pipe -D__hal__ -DALT_NO_C_PLUS_PLUS -DALT_NO_INSTRUCTION_EMULATION -DALT_USE_SMALL_DRIVERS -DSMALL_C_LIB -DALT_SINGLE_THREADED    -O0 -g -Wall  -mno-hw-div -mno-hw-mul -mno-hw-mulx -mgpopt=global   -o obj/HAL/src/alt_iic_isr_register.o HAL/src/alt_iic_isr_register.c
Compiling alt_instruction_exception_entry.c...
nios2-elf-gcc -xc -MP -MMD -c  -I./HAL/inc -I. -I./drivers/inc -pipe -D__hal__ -DALT_NO_C_PLUS_PLUS -DALT_NO_INSTRUCTION_EMULATION -DALT_USE_SMALL_DRIVERS -DSMALL_C_LIB -DALT_SINGLE_THREADED    -O0 -g -Wall  -mno-hw-div -mno-hw-mul -mno-hw-mulx -mgpopt=global   -o obj/HAL/src/alt_instruction_exception_entry.o HAL/src/alt_instruction_exception_entry.c
Compiling alt_instruction_exception_register.c...
nios2-elf-gcc -xc -MP -MMD -c  -I./HAL/inc -I. -I./drivers/inc -pipe -D__hal__ -DALT_NO_C_PLUS_PLUS -DALT_NO_INSTRUCTION_EMULATION -DALT_USE_SMALL_DRIVERS -DSMALL_C_LIB -DALT_SINGLE_THREADED    -O0 -g -Wall  -mno-hw-div -mno-hw-mul -mno-hw-mulx -mgpopt=global   -o obj/HAL/src/alt_instruction_exception_register.o HAL/src/alt_instruction_exception_register.c
Compiling alt_io_redirect.c...
nios2-elf-gcc -xc -MP -MMD -c  -I./HAL/inc -I. -I./drivers/inc -pipe -D__hal__ -DALT_NO_C_PLUS_PLUS -DALT_NO_INSTRUCTION_EMULATION -DALT_USE_SMALL_DRIVERS -DSMALL_C_LIB -DALT_SINGLE_THREADED    -O0 -g -Wall  -mno-hw-div -mno-hw-mul -mno-hw-mulx -mgpopt=global   -o obj/HAL/src/alt_io_redirect.o HAL/src/alt_io_redirect.c
Compiling alt_ioctl.c...
nios2-elf-gcc -xc -MP -MMD -c  -I./HAL/inc -I. -I./drivers/inc -pipe -D__hal__ -DALT_NO_C_PLUS_PLUS -DALT_NO_INSTRUCTION_EMULATION -DALT_USE_SMALL_DRIVERS -DSMALL_C_LIB -DALT_SINGLE_THREADED    -O0 -g -Wall  -mno-hw-div -mno-hw-mul -mno-hw-mulx -mgpopt=global   -o obj/HAL/src/alt_ioctl.o HAL/src/alt_ioctl.c
Compiling alt_irq_entry.S...
nios2-elf-gcc -MP -MMD -c   -O0 -g -Wall  -mno-hw-div -mno-hw-mul -mno-hw-mulx -mgpopt=global    -I./HAL/inc -I. -I./drivers/inc -pipe -D__hal__ -DALT_NO_C_PLUS_PLUS -DALT_NO_INSTRUCTION_EMULATION -DALT_USE_SMALL_DRIVERS -DSMALL_C_LIB -DALT_SINGLE_THREADED  -Wa,-gdwarf2  -o obj/HAL/src/alt_irq_entry.o HAL/src/alt_irq_entry.S
Compiling alt_irq_handler.c...
nios2-elf-gcc -xc -MP -MMD -c  -I./HAL/inc -I. -I./drivers/inc -pipe -D__hal__ -DALT_NO_C_PLUS_PLUS -DALT_NO_INSTRUCTION_EMULATION -DALT_USE_SMALL_DRIVERS -DSMALL_C_LIB -DALT_SINGLE_THREADED    -O0 -g -Wall  -mno-hw-div -mno-hw-mul -mno-hw-mulx -mgpopt=global   -o obj/HAL/src/alt_irq_handler.o HAL/src/alt_irq_handler.c
Compiling alt_irq_register.c...
nios2-elf-gcc -xc -MP -MMD -c  -I./HAL/inc -I. -I./drivers/inc -pipe -D__hal__ -DALT_NO_C_PLUS_PLUS -DALT_NO_INSTRUCTION_EMULATION -DALT_USE_SMALL_DRIVERS -DSMALL_C_LIB -DALT_SINGLE_THREADED    -O0 -g -Wall  -mno-hw-div -mno-hw-mul -mno-hw-mulx -mgpopt=global   -o obj/HAL/src/alt_irq_register.o HAL/src/alt_irq_register.c
Compiling alt_irq_vars.c...
nios2-elf-gcc -xc -MP -MMD -c  -I./HAL/inc -I. -I./drivers/inc -pipe -D__hal__ -DALT_NO_C_PLUS_PLUS -DALT_NO_INSTRUCTION_EMULATION -DALT_USE_SMALL_DRIVERS -DSMALL_C_LIB -DALT_SINGLE_THREADED    -O0 -g -Wall  -mno-hw-div -mno-hw-mul -mno-hw-mulx -mgpopt=global   -o obj/HAL/src/alt_irq_vars.o HAL/src/alt_irq_vars.c
Compiling alt_isatty.c...
nios2-elf-gcc -xc -MP -MMD -c  -I./HAL/inc -I. -I./drivers/inc -pipe -D__hal__ -DALT_NO_C_PLUS_PLUS -DALT_NO_INSTRUCTION_EMULATION -DALT_USE_SMALL_DRIVERS -DSMALL_C_LIB -DALT_SINGLE_THREADED    -O0 -g -Wall  -mno-hw-div -mno-hw-mul -mno-hw-mulx -mgpopt=global   -o obj/HAL/src/alt_isatty.o HAL/src/alt_isatty.c
Compiling alt_kill.c...
nios2-elf-gcc -xc -MP -MMD -c  -I./HAL/inc -I. -I./drivers/inc -pipe -D__hal__ -DALT_NO_C_PLUS_PLUS -DALT_NO_INSTRUCTION_EMULATION -DALT_USE_SMALL_DRIVERS -DSMALL_C_LIB -DALT_SINGLE_THREADED    -O0 -g -Wall  -mno-hw-div -mno-hw-mul -mno-hw-mulx -mgpopt=global   -o obj/HAL/src/alt_kill.o HAL/src/alt_kill.c
Compiling alt_link.c...
nios2-elf-gcc -xc -MP -MMD -c  -I./HAL/inc -I. -I./drivers/inc -pipe -D__hal__ -DALT_NO_C_PLUS_PLUS -DALT_NO_INSTRUCTION_EMULATION -DALT_USE_SMALL_DRIVERS -DSMALL_C_LIB -DALT_SINGLE_THREADED    -O0 -g -Wall  -mno-hw-div -mno-hw-mul -mno-hw-mulx -mgpopt=global   -o obj/HAL/src/alt_link.o HAL/src/alt_link.c
Compiling alt_load.c...
nios2-elf-gcc -xc -MP -MMD -c  -I./HAL/inc -I. -I./drivers/inc -pipe -D__hal__ -DALT_NO_C_PLUS_PLUS -DALT_NO_INSTRUCTION_EMULATION -DALT_USE_SMALL_DRIVERS -DSMALL_C_LIB -DALT_SINGLE_THREADED    -O0 -g -Wall  -mno-hw-div -mno-hw-mul -mno-hw-mulx -mgpopt=global   -o obj/HAL/src/alt_load.o HAL/src/alt_load.c
Compiling alt_log_macro.S...
nios2-elf-gcc -MP -MMD -c   -O0 -g -Wall  -mno-hw-div -mno-hw-mul -mno-hw-mulx -mgpopt=global    -I./HAL/inc -I. -I./drivers/inc -pipe -D__hal__ -DALT_NO_C_PLUS_PLUS -DALT_NO_INSTRUCTION_EMULATION -DALT_USE_SMALL_DRIVERS -DSMALL_C_LIB -DALT_SINGLE_THREADED  -Wa,-gdwarf2  -o obj/HAL/src/alt_log_macro.o HAL/src/alt_log_macro.S
Compiling alt_log_printf.c...
nios2-elf-gcc -xc -MP -MMD -c  -I./HAL/inc -I. -I./drivers/inc -pipe -D__hal__ -DALT_NO_C_PLUS_PLUS -DALT_NO_INSTRUCTION_EMULATION -DALT_USE_SMALL_DRIVERS -DSMALL_C_LIB -DALT_SINGLE_THREADED    -O0 -g -Wall  -mno-hw-div -mno-hw-mul -mno-hw-mulx -mgpopt=global   -o obj/HAL/src/alt_log_printf.o HAL/src/alt_log_printf.c
Compiling alt_lseek.c...
nios2-elf-gcc -xc -MP -MMD -c  -I./HAL/inc -I. -I./drivers/inc -pipe -D__hal__ -DALT_NO_C_PLUS_PLUS -DALT_NO_INSTRUCTION_EMULATION -DALT_USE_SMALL_DRIVERS -DSMALL_C_LIB -DALT_SINGLE_THREADED    -O0 -g -Wall  -mno-hw-div -mno-hw-mul -mno-hw-mulx -mgpopt=global   -o obj/HAL/src/alt_lseek.o HAL/src/alt_lseek.c
Compiling alt_main.c...
nios2-elf-gcc -xc -MP -MMD -c  -I./HAL/inc -I. -I./drivers/inc -pipe -D__hal__ -DALT_NO_C_PLUS_PLUS -DALT_NO_INSTRUCTION_EMULATION -DALT_USE_SMALL_DRIVERS -DSMALL_C_LIB -DALT_SINGLE_THREADED    -O0 -g -Wall  -mno-hw-div -mno-hw-mul -mno-hw-mulx -mgpopt=global   -o obj/HAL/src/alt_main.o HAL/src/alt_main.c
Compiling alt_malloc_lock.c...
nios2-elf-gcc -xc -MP -MMD -c  -I./HAL/inc -I. -I./drivers/inc -pipe -D__hal__ -DALT_NO_C_PLUS_PLUS -DALT_NO_INSTRUCTION_EMULATION -DALT_USE_SMALL_DRIVERS -DSMALL_C_LIB -DALT_SINGLE_THREADED    -O0 -g -Wall  -mno-hw-div -mno-hw-mul -mno-hw-mulx -mgpopt=global   -o obj/HAL/src/alt_malloc_lock.o HAL/src/alt_malloc_lock.c
Compiling alt_mcount.S...
nios2-elf-gcc -MP -MMD -c   -O0 -g -Wall  -mno-hw-div -mno-hw-mul -mno-hw-mulx -mgpopt=global    -I./HAL/inc -I. -I./drivers/inc -pipe -D__hal__ -DALT_NO_C_PLUS_PLUS -DALT_NO_INSTRUCTION_EMULATION -DALT_USE_SMALL_DRIVERS -DSMALL_C_LIB -DALT_SINGLE_THREADED  -Wa,-gdwarf2  -o obj/HAL/src/alt_mcount.o HAL/src/alt_mcount.S
Compiling alt_open.c...
nios2-elf-gcc -xc -MP -MMD -c  -I./HAL/inc -I. -I./drivers/inc -pipe -D__hal__ -DALT_NO_C_PLUS_PLUS -DALT_NO_INSTRUCTION_EMULATION -DALT_USE_SMALL_DRIVERS -DSMALL_C_LIB -DALT_SINGLE_THREADED    -O0 -g -Wall  -mno-hw-div -mno-hw-mul -mno-hw-mulx -mgpopt=global   -o obj/HAL/src/alt_open.o HAL/src/alt_open.c
Compiling alt_printf.c...
nios2-elf-gcc -xc -MP -MMD -c  -I./HAL/inc -I. -I./drivers/inc -pipe -D__hal__ -DALT_NO_C_PLUS_PLUS -DALT_NO_INSTRUCTION_EMULATION -DALT_USE_SMALL_DRIVERS -DSMALL_C_LIB -DALT_SINGLE_THREADED    -O0 -g -Wall  -mno-hw-div -mno-hw-mul -mno-hw-mulx -mgpopt=global   -o obj/HAL/src/alt_printf.o HAL/src/alt_printf.c
Compiling alt_putchar.c...
nios2-elf-gcc -xc -MP -MMD -c  -I./HAL/inc -I. -I./drivers/inc -pipe -D__hal__ -DALT_NO_C_PLUS_PLUS -DALT_NO_INSTRUCTION_EMULATION -DALT_USE_SMALL_DRIVERS -DSMALL_C_LIB -DALT_SINGLE_THREADED    -O0 -g -Wall  -mno-hw-div -mno-hw-mul -mno-hw-mulx -mgpopt=global   -o obj/HAL/src/alt_putchar.o HAL/src/alt_putchar.c
Compiling alt_putcharbuf.c...
nios2-elf-gcc -xc -MP -MMD -c  -I./HAL/inc -I. -I./drivers/inc -pipe -D__hal__ -DALT_NO_C_PLUS_PLUS -DALT_NO_INSTRUCTION_EMULATION -DALT_USE_SMALL_DRIVERS -DSMALL_C_LIB -DALT_SINGLE_THREADED    -O0 -g -Wall  -mno-hw-div -mno-hw-mul -mno-hw-mulx -mgpopt=global   -o obj/HAL/src/alt_putcharbuf.o HAL/src/alt_putcharbuf.c
Compiling alt_putstr.c...
nios2-elf-gcc -xc -MP -MMD -c  -I./HAL/inc -I. -I./drivers/inc -pipe -D__hal__ -DALT_NO_C_PLUS_PLUS -DALT_NO_INSTRUCTION_EMULATION -DALT_USE_SMALL_DRIVERS -DSMALL_C_LIB -DALT_SINGLE_THREADED    -O0 -g -Wall  -mno-hw-div -mno-hw-mul -mno-hw-mulx -mgpopt=global   -o obj/HAL/src/alt_putstr.o HAL/src/alt_putstr.c
Compiling alt_read.c...
nios2-elf-gcc -xc -MP -MMD -c  -I./HAL/inc -I. -I./drivers/inc -pipe -D__hal__ -DALT_NO_C_PLUS_PLUS -DALT_NO_INSTRUCTION_EMULATION -DALT_USE_SMALL_DRIVERS -DSMALL_C_LIB -DALT_SINGLE_THREADED    -O0 -g -Wall  -mno-hw-div -mno-hw-mul -mno-hw-mulx -mgpopt=global   -o obj/HAL/src/alt_read.o HAL/src/alt_read.c
Compiling alt_release_fd.c...
nios2-elf-gcc -xc -MP -MMD -c  -I./HAL/inc -I. -I./drivers/inc -pipe -D__hal__ -DALT_NO_C_PLUS_PLUS -DALT_NO_INSTRUCTION_EMULATION -DALT_USE_SMALL_DRIVERS -DSMALL_C_LIB -DALT_SINGLE_THREADED    -O0 -g -Wall  -mno-hw-div -mno-hw-mul -mno-hw-mulx -mgpopt=global   -o obj/HAL/src/alt_release_fd.o HAL/src/alt_release_fd.c
Compiling alt_remap_cached.c...
nios2-elf-gcc -xc -MP -MMD -c  -I./HAL/inc -I. -I./drivers/inc -pipe -D__hal__ -DALT_NO_C_PLUS_PLUS -DALT_NO_INSTRUCTION_EMULATION -DALT_USE_SMALL_DRIVERS -DSMALL_C_LIB -DALT_SINGLE_THREADED    -O0 -g -Wall  -mno-hw-div -mno-hw-mul -mno-hw-mulx -mgpopt=global   -o obj/HAL/src/alt_remap_cached.o HAL/src/alt_remap_cached.c
Compiling alt_remap_uncached.c...
nios2-elf-gcc -xc -MP -MMD -c  -I./HAL/inc -I. -I./drivers/inc -pipe -D__hal__ -DALT_NO_C_PLUS_PLUS -DALT_NO_INSTRUCTION_EMULATION -DALT_USE_SMALL_DRIVERS -DSMALL_C_LIB -DALT_SINGLE_THREADED    -O0 -g -Wall  -mno-hw-div -mno-hw-mul -mno-hw-mulx -mgpopt=global   -o obj/HAL/src/alt_remap_uncached.o HAL/src/alt_remap_uncached.c
Compiling alt_rename.c...
nios2-elf-gcc -xc -MP -MMD -c  -I./HAL/inc -I. -I./drivers/inc -pipe -D__hal__ -DALT_NO_C_PLUS_PLUS -DALT_NO_INSTRUCTION_EMULATION -DALT_USE_SMALL_DRIVERS -DSMALL_C_LIB -DALT_SINGLE_THREADED    -O0 -g -Wall  -mno-hw-div -mno-hw-mul -mno-hw-mulx -mgpopt=global   -o obj/HAL/src/alt_rename.o HAL/src/alt_rename.c
Compiling alt_sbrk.c...
nios2-elf-gcc -xc -MP -MMD -c  -I./HAL/inc -I. -I./drivers/inc -pipe -D__hal__ -DALT_NO_C_PLUS_PLUS -DALT_NO_INSTRUCTION_EMULATION -DALT_USE_SMALL_DRIVERS -DSMALL_C_LIB -DALT_SINGLE_THREADED    -O0 -g -Wall  -mno-hw-div -mno-hw-mul -mno-hw-mulx -mgpopt=global   -o obj/HAL/src/alt_sbrk.o HAL/src/alt_sbrk.c
Compiling alt_settod.c...
nios2-elf-gcc -xc -MP -MMD -c  -I./HAL/inc -I. -I./drivers/inc -pipe -D__hal__ -DALT_NO_C_PLUS_PLUS -DALT_NO_INSTRUCTION_EMULATION -DALT_USE_SMALL_DRIVERS -DSMALL_C_LIB -DALT_SINGLE_THREADED    -O0 -g -Wall  -mno-hw-div -mno-hw-mul -mno-hw-mulx -mgpopt=global   -o obj/HAL/src/alt_settod.o HAL/src/alt_settod.c
Compiling alt_software_exception.S...
nios2-elf-gcc -MP -MMD -c   -O0 -g -Wall  -mno-hw-div -mno-hw-mul -mno-hw-mulx -mgpopt=global    -I./HAL/inc -I. -I./drivers/inc -pipe -D__hal__ -DALT_NO_C_PLUS_PLUS -DALT_NO_INSTRUCTION_EMULATION -DALT_USE_SMALL_DRIVERS -DSMALL_C_LIB -DALT_SINGLE_THREADED  -Wa,-gdwarf2  -o obj/HAL/src/alt_software_exception.o HAL/src/alt_software_exception.S
Compiling alt_stat.c...
nios2-elf-gcc -xc -MP -MMD -c  -I./HAL/inc -I. -I./drivers/inc -pipe -D__hal__ -DALT_NO_C_PLUS_PLUS -DALT_NO_INSTRUCTION_EMULATION -DALT_USE_SMALL_DRIVERS -DSMALL_C_LIB -DALT_SINGLE_THREADED    -O0 -g -Wall  -mno-hw-div -mno-hw-mul -mno-hw-mulx -mgpopt=global   -o obj/HAL/src/alt_stat.o HAL/src/alt_stat.c
Compiling alt_tick.c...
nios2-elf-gcc -xc -MP -MMD -c  -I./HAL/inc -I. -I./drivers/inc -pipe -D__hal__ -DALT_NO_C_PLUS_PLUS -DALT_NO_INSTRUCTION_EMULATION -DALT_USE_SMALL_DRIVERS -DSMALL_C_LIB -DALT_SINGLE_THREADED    -O0 -g -Wall  -mno-hw-div -mno-hw-mul -mno-hw-mulx -mgpopt=global   -o obj/HAL/src/alt_tick.o HAL/src/alt_tick.c
Compiling alt_times.c...
nios2-elf-gcc -xc -MP -MMD -c  -I./HAL/inc -I. -I./drivers/inc -pipe -D__hal__ -DALT_NO_C_PLUS_PLUS -DALT_NO_INSTRUCTION_EMULATION -DALT_USE_SMALL_DRIVERS -DSMALL_C_LIB -DALT_SINGLE_THREADED    -O0 -g -Wall  -mno-hw-div -mno-hw-mul -mno-hw-mulx -mgpopt=global   -o obj/HAL/src/alt_times.o HAL/src/alt_times.c
Compiling alt_uncached_free.c...
nios2-elf-gcc -xc -MP -MMD -c  -I./HAL/inc -I. -I./drivers/inc -pipe -D__hal__ -DALT_NO_C_PLUS_PLUS -DALT_NO_INSTRUCTION_EMULATION -DALT_USE_SMALL_DRIVERS -DSMALL_C_LIB -DALT_SINGLE_THREADED    -O0 -g -Wall  -mno-hw-div -mno-hw-mul -mno-hw-mulx -mgpopt=global   -o obj/HAL/src/alt_uncached_free.o HAL/src/alt_uncached_free.c
Compiling alt_uncached_malloc.c...
nios2-elf-gcc -xc -MP -MMD -c  -I./HAL/inc -I. -I./drivers/inc -pipe -D__hal__ -DALT_NO_C_PLUS_PLUS -DALT_NO_INSTRUCTION_EMULATION -DALT_USE_SMALL_DRIVERS -DSMALL_C_LIB -DALT_SINGLE_THREADED    -O0 -g -Wall  -mno-hw-div -mno-hw-mul -mno-hw-mulx -mgpopt=global   -o obj/HAL/src/alt_uncached_malloc.o HAL/src/alt_uncached_malloc.c
Compiling alt_unlink.c...
nios2-elf-gcc -xc -MP -MMD -c  -I./HAL/inc -I. -I./drivers/inc -pipe -D__hal__ -DALT_NO_C_PLUS_PLUS -DALT_NO_INSTRUCTION_EMULATION -DALT_USE_SMALL_DRIVERS -DSMALL_C_LIB -DALT_SINGLE_THREADED    -O0 -g -Wall  -mno-hw-div -mno-hw-mul -mno-hw-mulx -mgpopt=global   -o obj/HAL/src/alt_unlink.o HAL/src/alt_unlink.c
Compiling alt_usleep.c...
nios2-elf-gcc -xc -MP -MMD -c  -I./HAL/inc -I. -I./drivers/inc -pipe -D__hal__ -DALT_NO_C_PLUS_PLUS -DALT_NO_INSTRUCTION_EMULATION -DALT_USE_SMALL_DRIVERS -DSMALL_C_LIB -DALT_SINGLE_THREADED    -O0 -g -Wall  -mno-hw-div -mno-hw-mul -mno-hw-mulx -mgpopt=global   -o obj/HAL/src/alt_usleep.o HAL/src/alt_usleep.c
Compiling alt_wait.c...
nios2-elf-gcc -xc -MP -MMD -c  -I./HAL/inc -I. -I./drivers/inc -pipe -D__hal__ -DALT_NO_C_PLUS_PLUS -DALT_NO_INSTRUCTION_EMULATION -DALT_USE_SMALL_DRIVERS -DSMALL_C_LIB -DALT_SINGLE_THREADED    -O0 -g -Wall  -mno-hw-div -mno-hw-mul -mno-hw-mulx -mgpopt=global   -o obj/HAL/src/alt_wait.o HAL/src/alt_wait.c
Compiling alt_write.c...
nios2-elf-gcc -xc -MP -MMD -c  -I./HAL/inc -I. -I./drivers/inc -pipe -D__hal__ -DALT_NO_C_PLUS_PLUS -DALT_NO_INSTRUCTION_EMULATION -DALT_USE_SMALL_DRIVERS -DSMALL_C_LIB -DALT_SINGLE_THREADED    -O0 -g -Wall  -mno-hw-div -mno-hw-mul -mno-hw-mulx -mgpopt=global   -o obj/HAL/src/alt_write.o HAL/src/alt_write.c
Compiling altera_nios2_gen2_irq.c...
nios2-elf-gcc -xc -MP -MMD -c  -I./HAL/inc -I. -I./drivers/inc -pipe -D__hal__ -DALT_NO_C_PLUS_PLUS -DALT_NO_INSTRUCTION_EMULATION -DALT_USE_SMALL_DRIVERS -DSMALL_C_LIB -DALT_SINGLE_THREADED    -O0 -g -Wall  -mno-hw-div -mno-hw-mul -mno-hw-mulx -mgpopt=global   -o obj/HAL/src/altera_nios2_gen2_irq.o HAL/src/altera_nios2_gen2_irq.c
Compiling crt0.S...
nios2-elf-gcc -MP -MMD -c   -O0 -g -Wall  -mno-hw-div -mno-hw-mul -mno-hw-mulx -mgpopt=global    -I./HAL/inc -I. -I./drivers/inc -pipe -D__hal__ -DALT_NO_C_PLUS_PLUS -DALT_NO_INSTRUCTION_EMULATION -DALT_USE_SMALL_DRIVERS -DSMALL_C_LIB -DALT_SINGLE_THREADED  -Wa,-gdwarf2  -o obj/HAL/src/crt0.o HAL/src/crt0.S
Compiling alt_sys_init.c...
nios2-elf-gcc -xc -MP -MMD -c  -I./HAL/inc -I. -I./drivers/inc -pipe -D__hal__ -DALT_NO_C_PLUS_PLUS -DALT_NO_INSTRUCTION_EMULATION -DALT_USE_SMALL_DRIVERS -DSMALL_C_LIB -DALT_SINGLE_THREADED    -O0 -g -Wall  -mno-hw-div -mno-hw-mul -mno-hw-mulx -mgpopt=global   -o obj/alt_sys_init.o alt_sys_init.c
Compiling altera_avalon_jtag_uart_fd.c...
nios2-elf-gcc -xc -MP -MMD -c  -I./HAL/inc -I. -I./drivers/inc -pipe -D__hal__ -DALT_NO_C_PLUS_PLUS -DALT_NO_INSTRUCTION_EMULATION -DALT_USE_SMALL_DRIVERS -DSMALL_C_LIB -DALT_SINGLE_THREADED    -O0 -g -Wall  -mno-hw-div -mno-hw-mul -mno-hw-mulx -mgpopt=global   -o obj/drivers/src/altera_avalon_jtag_uart_fd.o drivers/src/altera_avalon_jtag_uart_fd.c
Compiling altera_avalon_jtag_uart_init.c...
nios2-elf-gcc -xc -MP -MMD -c  -I./HAL/inc -I. -I./drivers/inc -pipe -D__hal__ -DALT_NO_C_PLUS_PLUS -DALT_NO_INSTRUCTION_EMULATION -DALT_USE_SMALL_DRIVERS -DSMALL_C_LIB -DALT_SINGLE_THREADED    -O0 -g -Wall  -mno-hw-div -mno-hw-mul -mno-hw-mulx -mgpopt=global   -o obj/drivers/src/altera_avalon_jtag_uart_init.o drivers/src/altera_avalon_jtag_uart_init.c
Compiling altera_avalon_jtag_uart_ioctl.c...
nios2-elf-gcc -xc -MP -MMD -c  -I./HAL/inc -I. -I./drivers/inc -pipe -D__hal__ -DALT_NO_C_PLUS_PLUS -DALT_NO_INSTRUCTION_EMULATION -DALT_USE_SMALL_DRIVERS -DSMALL_C_LIB -DALT_SINGLE_THREADED    -O0 -g -Wall  -mno-hw-div -mno-hw-mul -mno-hw-mulx -mgpopt=global   -o obj/drivers/src/altera_avalon_jtag_uart_ioctl.o drivers/src/altera_avalon_jtag_uart_ioctl.c
Compiling altera_avalon_jtag_uart_read.c...
nios2-elf-gcc -xc -MP -MMD -c  -I./HAL/inc -I. -I./drivers/inc -pipe -D__hal__ -DALT_NO_C_PLUS_PLUS -DALT_NO_INSTRUCTION_EMULATION -DALT_USE_SMALL_DRIVERS -DSMALL_C_LIB -DALT_SINGLE_THREADED    -O0 -g -Wall  -mno-hw-div -mno-hw-mul -mno-hw-mulx -mgpopt=global   -o obj/drivers/src/altera_avalon_jtag_uart_read.o drivers/src/altera_avalon_jtag_uart_read.c
Compiling altera_avalon_jtag_uart_write.c...
nios2-elf-gcc -xc -MP -MMD -c  -I./HAL/inc -I. -I./drivers/inc -pipe -D__hal__ -DALT_NO_C_PLUS_PLUS -DALT_NO_INSTRUCTION_EMULATION -DALT_USE_SMALL_DRIVERS -DSMALL_C_LIB -DALT_SINGLE_THREADED    -O0 -g -Wall  -mno-hw-div -mno-hw-mul -mno-hw-mulx -mgpopt=global   -o obj/drivers/src/altera_avalon_jtag_uart_write.o drivers/src/altera_avalon_jtag_uart_write.c
Compiling altera_avalon_sysid_qsys.c...
nios2-elf-gcc -xc -MP -MMD -c  -I./HAL/inc -I. -I./drivers/inc -pipe -D__hal__ -DALT_NO_C_PLUS_PLUS -DALT_NO_INSTRUCTION_EMULATION -DALT_USE_SMALL_DRIVERS -DSMALL_C_LIB -DALT_SINGLE_THREADED    -O0 -g -Wall  -mno-hw-div -mno-hw-mul -mno-hw-mulx -mgpopt=global   -o obj/drivers/src/altera_avalon_sysid_qsys.o drivers/src/altera_avalon_sysid_qsys.c
Creating libhal_bsp.a...
rm -f -f libhal_bsp.a
nios2-elf-ar -src libhal_bsp.a obj/HAL/src/alt_alarm_start.o obj/HAL/src/alt_busy_sleep.o obj/HAL/src/alt_close.o obj/HAL/src/alt_dcache_flush.o obj/HAL/src/alt_dcache_flush_all.o obj/HAL/src/alt_dcache_flush_no_writeback.o obj/HAL/src/alt_dev.o obj/HAL/src/alt_dev_llist_insert.o obj/HAL/src/alt_dma_rxchan_open.o obj/HAL/src/alt_dma_txchan_open.o obj/HAL/src/alt_do_ctors.o obj/HAL/src/alt_do_dtors.o obj/HAL/src/alt_ecc_fatal_entry.o obj/HAL/src/alt_ecc_fatal_exception.o obj/HAL/src/alt_env_lock.o obj/HAL/src/alt_environ.o obj/HAL/src/alt_errno.o obj/HAL/src/alt_exception_entry.o obj/HAL/src/alt_exception_muldiv.o obj/HAL/src/alt_exception_trap.o obj/HAL/src/alt_execve.o obj/HAL/src/alt_exit.o obj/HAL/src/alt_fcntl.o obj/HAL/src/alt_fd_lock.o obj/HAL/src/alt_fd_unlock.o obj/HAL/src/alt_find_dev.o obj/HAL/src/alt_find_file.o obj/HAL/src/alt_flash_dev.o obj/HAL/src/alt_fork.o obj/HAL/src/alt_fs_reg.o obj/HAL/src/alt_fstat.o obj/HAL/src/alt_get_fd.o obj/HAL/src/alt_getchar.o obj/HAL/src/alt_getpid.o obj/HAL/src/alt_gettod.o obj/HAL/src/alt_gmon.o obj/HAL/src/alt_icache_flush.o obj/HAL/src/alt_icache_flush_all.o obj/HAL/src/alt_iic.o obj/HAL/src/alt_iic_isr_register.o obj/HAL/src/alt_instruction_exception_entry.o obj/HAL/src/alt_instruction_exception_register.o obj/HAL/src/alt_io_redirect.o obj/HAL/src/alt_ioctl.o obj/HAL/src/alt_irq_entry.o obj/HAL/src/alt_irq_handler.o obj/HAL/src/alt_irq_register.o obj/HAL/src/alt_irq_vars.o obj/HAL/src/alt_isatty.o obj/HAL/src/alt_kill.o obj/HAL/src/alt_link.o obj/HAL/src/alt_load.o obj/HAL/src/alt_log_macro.o obj/HAL/src/alt_log_printf.o obj/HAL/src/alt_lseek.o obj/HAL/src/alt_main.o obj/HAL/src/alt_malloc_lock.o obj/HAL/src/alt_mcount.o obj/HAL/src/alt_open.o obj/HAL/src/alt_printf.o obj/HAL/src/alt_putchar.o obj/HAL/src/alt_putcharbuf.o obj/HAL/src/alt_putstr.o obj/HAL/src/alt_read.o obj/HAL/src/alt_release_fd.o obj/HAL/src/alt_remap_cached.o obj/HAL/src/alt_remap_uncached.o obj/HAL/src/alt_rename.o obj/HAL/src/alt_sbrk.o obj/HAL/src/alt_settod.o obj/HAL/src/alt_software_exception.o obj/HAL/src/alt_stat.o obj/HAL/src/alt_tick.o obj/HAL/src/alt_times.o obj/HAL/src/alt_uncached_free.o obj/HAL/src/alt_uncached_malloc.o obj/HAL/src/alt_unlink.o obj/HAL/src/alt_usleep.o obj/HAL/src/alt_wait.o obj/HAL/src/alt_write.o obj/HAL/src/altera_nios2_gen2_irq.o obj/HAL/src/crt0.o obj/alt_sys_init.o obj/drivers/src/altera_avalon_jtag_uart_fd.o obj/drivers/src/altera_avalon_jtag_uart_init.o obj/drivers/src/altera_avalon_jtag_uart_ioctl.o obj/drivers/src/altera_avalon_jtag_uart_read.o obj/drivers/src/altera_avalon_jtag_uart_write.o obj/drivers/src/altera_avalon_sysid_qsys.o
[BSP build complete]
Info: Compiling Lab7_Part4.c to obj/default/Lab7_Part4.o
nios2-elf-gcc -xc -MP -MMD -c -I../Lab7_Part4_bsp//HAL/inc -I../Lab7_Part4_bsp/ -I../Lab7_Part4_bsp//drivers/inc  -pipe -D__hal__ -DALT_NO_C_PLUS_PLUS -DALT_NO_INSTRUCTION_EMULATION -DALT_USE_SMALL_DRIVERS -DSMALL_C_LIB -DALT_SINGLE_THREADED    -O0 -g -Wall   -mno-hw-div -mno-hw-mul -mno-hw-mulx -mgpopt=global  -o obj/default/Lab7_Part4.o Lab7_Part4.c
Lab7_Part4.c: In function 'main':
Lab7_Part4.c:86:3: warning: passing argument 1 of 'memory_test_byte' from incompatible pointer type [-Wincompatible-pointer-types]
   (unsigned int *)INFERRED_RAM_BE_0_BASE,
   ^
Lab7_Part4.c:13:6: note: expected 'unsigned char *' but argument is of type 'unsigned int *'
 void memory_test_byte(unsigned char *startAddr, unsigned int numBytes, unsigned char testData)
      ^
Lab7_Part4.c:96:21: error: 'TEST_RAM_BASE' undeclared (first use in this function)
   (unsigned short *)TEST_RAM_BASE,
                     ^
Lab7_Part4.c:96:21: note: each undeclared identifier is reported only once for each function it appears in
Lab7_Part4.c:107:25: error: 'INFERRED_RAM_0_BASE' undeclared (first use in this function)
         (unsigned int *)INFERRED_RAM_0_BASE,     // Start address
                         ^
make: *** [obj/default/Lab7_Part4.o] Error 1
13:31:29 **** Build of configuration Nios II for project Lab7_Part4_bsp ****
make all 
[BSP build complete]
13:33:50 **** Incremental Build of configuration Nios II for project Lab7_Part4 ****
make all 
Info: Building ../Lab7_Part4_bsp/
C:/intelFPGA/18.1/nios2eds/bin/gnu/H-x86_64-mingw32/bin/make --no-print-directory -C ../Lab7_Part4_bsp/
[BSP build complete]
Info: Compiling Lab7_Part4.c to obj/default/Lab7_Part4.o
nios2-elf-gcc -xc -MP -MMD -c -I../Lab7_Part4_bsp//HAL/inc -I../Lab7_Part4_bsp/ -I../Lab7_Part4_bsp//drivers/inc  -pipe -D__hal__ -DALT_NO_C_PLUS_PLUS -DALT_NO_INSTRUCTION_EMULATION -DALT_USE_SMALL_DRIVERS -DSMALL_C_LIB -DALT_SINGLE_THREADED    -O0 -g -Wall   -mno-hw-div -mno-hw-mul -mno-hw-mulx -mgpopt=global  -o obj/default/Lab7_Part4.o Lab7_Part4.c
Lab7_Part4.c: In function 'main':
Lab7_Part4.c:86:3: warning: passing argument 1 of 'memory_test_byte' from incompatible pointer type [-Wincompatible-pointer-types]
   (unsigned int *)INFERRED_RAM_BE_0_BASE,
   ^
Lab7_Part4.c:13:6: note: expected 'unsigned char *' but argument is of type 'unsigned int *'
 void memory_test_byte(unsigned char *startAddr, unsigned int numBytes, unsigned char testData)
      ^
Lab7_Part4.c:96:21: error: 'TEST_RAM_BASE' undeclared (first use in this function)
   (unsigned short *)TEST_RAM_BASE,
                     ^
Lab7_Part4.c:96:21: note: each undeclared identifier is reported only once for each function it appears in
Lab7_Part4.c:107:25: error: 'INFERRED_RAM_0_BASE' undeclared (first use in this function)
         (unsigned int *)INFERRED_RAM_0_BASE,     // Start address
                         ^
make: *** [obj/default/Lab7_Part4.o] Error 1
13:33:51 **** Incremental Build of configuration Nios II for project Lab7_Part4_bsp ****
make all 
[BSP build complete]
13:34:15 **** Incremental Build of configuration Nios II for project Lab7_Part4 ****
make all 
Info: Building ../Lab7_Part4_bsp/
C:/intelFPGA/18.1/nios2eds/bin/gnu/H-x86_64-mingw32/bin/make --no-print-directory -C ../Lab7_Part4_bsp/
[BSP build complete]
Info: Compiling Lab7_Part4.c to obj/default/Lab7_Part4.o
nios2-elf-gcc -xc -MP -MMD -c -I../Lab7_Part4_bsp//HAL/inc -I../Lab7_Part4_bsp/ -I../Lab7_Part4_bsp//drivers/inc  -pipe -D__hal__ -DALT_NO_C_PLUS_PLUS -DALT_NO_INSTRUCTION_EMULATION -DALT_USE_SMALL_DRIVERS -DSMALL_C_LIB -DALT_SINGLE_THREADED    -O0 -g -Wall   -mno-hw-div -mno-hw-mul -mno-hw-mulx -mgpopt=global  -o obj/default/Lab7_Part4.o Lab7_Part4.c
Lab7_Part4.c: In function 'main':
Lab7_Part4.c:86:3: warning: passing argument 1 of 'memory_test_byte' from incompatible pointer type [-Wincompatible-pointer-types]
   (unsigned int *)INFERRED_RAM_BE_0_BASE,
   ^
Lab7_Part4.c:13:6: note: expected 'unsigned char *' but argument is of type 'unsigned int *'
 void memory_test_byte(unsigned char *startAddr, unsigned int numBytes, unsigned char testData)
      ^
Info: Linking Lab7_Part4.elf
nios2-elf-g++  -T'../Lab7_Part4_bsp//linker.x' -msys-crt0='../Lab7_Part4_bsp//obj/HAL/src/crt0.o' -msys-lib=hal_bsp -L../Lab7_Part4_bsp/  -msmallc  -Wl,-Map=Lab7_Part4.map   -O0 -g -Wall   -mno-hw-div -mno-hw-mul -mno-hw-mulx -mgpopt=global  -o Lab7_Part4.elf obj/default/Lab7_Part4.o -lm -msys-lib=m
nios2-elf-insert Lab7_Part4.elf --thread_model hal --cpu_name nios2_gen2_0 --qsys true --simulation_enabled false --id 0 --sidp 0x9028 --timestamp 1743013979 --stderr_dev jtag_uart_0 --stdin_dev jtag_uart_0 --stdout_dev jtag_uart_0 --sopc_system_name nios_system --quartus_project_dir "S:/CPET_561/DE1_SoC_Lab7" --jdi ../..//output_files/DE1_SoC_Lab7.jdi --sopcinfo S:/CPET_561/DE1_SoC_Lab7/software/Lab7_Part4_bsp/../../nios_system.sopcinfo
Info: (Lab7_Part4.elf) 6628 Bytes program size (code + initialized data).
Info:                  9032 Bytes free for stack + heap.
Info: Creating Lab7_Part4.objdump
nios2-elf-objdump --disassemble --syms --all-header --source Lab7_Part4.elf >Lab7_Part4.objdump
[Lab7_Part4 build complete]
13:34:18 **** Incremental Build of configuration Nios II for project Lab7_Part4_bsp ****
make all 
[BSP build complete]
13:36:12 **** Incremental Build of configuration Nios II for project Lab7_Part4 ****
make all 
Info: Building ../Lab7_Part4_bsp/
C:/intelFPGA/18.1/nios2eds/bin/gnu/H-x86_64-mingw32/bin/make --no-print-directory -C ../Lab7_Part4_bsp/
[BSP build complete]
Info: Compiling Lab7_Part4.c to obj/default/Lab7_Part4.o
nios2-elf-gcc -xc -MP -MMD -c -I../Lab7_Part4_bsp//HAL/inc -I../Lab7_Part4_bsp/ -I../Lab7_Part4_bsp//drivers/inc  -pipe -D__hal__ -DALT_NO_C_PLUS_PLUS -DALT_NO_INSTRUCTION_EMULATION -DALT_USE_SMALL_DRIVERS -DSMALL_C_LIB -DALT_SINGLE_THREADED    -O0 -g -Wall   -mno-hw-div -mno-hw-mul -mno-hw-mulx -mgpopt=global  -o obj/default/Lab7_Part4.o Lab7_Part4.c
Info: Linking Lab7_Part4.elf
nios2-elf-g++  -T'../Lab7_Part4_bsp//linker.x' -msys-crt0='../Lab7_Part4_bsp//obj/HAL/src/crt0.o' -msys-lib=hal_bsp -L../Lab7_Part4_bsp/  -msmallc  -Wl,-Map=Lab7_Part4.map   -O0 -g -Wall   -mno-hw-div -mno-hw-mul -mno-hw-mulx -mgpopt=global  -o Lab7_Part4.elf obj/default/Lab7_Part4.o -lm -msys-lib=m
nios2-elf-insert Lab7_Part4.elf --thread_model hal --cpu_name nios2_gen2_0 --qsys true --simulation_enabled false --id 0 --sidp 0x9028 --timestamp 1743013979 --stderr_dev jtag_uart_0 --stdin_dev jtag_uart_0 --stdout_dev jtag_uart_0 --sopc_system_name nios_system --quartus_project_dir "S:/CPET_561/DE1_SoC_Lab7" --jdi ../..//output_files/DE1_SoC_Lab7.jdi --sopcinfo S:/CPET_561/DE1_SoC_Lab7/software/Lab7_Part4_bsp/../../nios_system.sopcinfo
Info: (Lab7_Part4.elf) 6628 Bytes program size (code + initialized data).
Info:                  9032 Bytes free for stack + heap.
Info: Creating Lab7_Part4.objdump
nios2-elf-objdump --disassemble --syms --all-header --source Lab7_Part4.elf >Lab7_Part4.objdump
[Lab7_Part4 build complete]
13:36:14 **** Incremental Build of configuration Nios II for project Lab7_Part4_bsp ****
make all 
[BSP build complete]
13:48:52 **** Incremental Build of configuration Nios II for project Lab7_Part4 ****
make all 
Info: Building ../Lab7_Part4_bsp/
C:/intelFPGA/18.1/nios2eds/bin/gnu/H-x86_64-mingw32/bin/make --no-print-directory -C ../Lab7_Part4_bsp/
[BSP build complete]
Info: Compiling Lab7_Part4.c to obj/default/Lab7_Part4.o
nios2-elf-gcc -xc -MP -MMD -c -I../Lab7_Part4_bsp//HAL/inc -I../Lab7_Part4_bsp/ -I../Lab7_Part4_bsp//drivers/inc  -pipe -D__hal__ -DALT_NO_C_PLUS_PLUS -DALT_NO_INSTRUCTION_EMULATION -DALT_USE_SMALL_DRIVERS -DSMALL_C_LIB -DALT_SINGLE_THREADED    -O0 -g -Wall   -mno-hw-div -mno-hw-mul -mno-hw-mulx -mgpopt=global  -o obj/default/Lab7_Part4.o Lab7_Part4.c
Info: Linking Lab7_Part4.elf
nios2-elf-g++  -T'../Lab7_Part4_bsp//linker.x' -msys-crt0='../Lab7_Part4_bsp//obj/HAL/src/crt0.o' -msys-lib=hal_bsp -L../Lab7_Part4_bsp/  -msmallc  -Wl,-Map=Lab7_Part4.map   -O0 -g -Wall   -mno-hw-div -mno-hw-mul -mno-hw-mulx -mgpopt=global  -o Lab7_Part4.elf obj/default/Lab7_Part4.o -lm -msys-lib=m
nios2-elf-insert Lab7_Part4.elf --thread_model hal --cpu_name nios2_gen2_0 --qsys true --simulation_enabled false --id 0 --sidp 0x9028 --timestamp 1743013979 --stderr_dev jtag_uart_0 --stdin_dev jtag_uart_0 --stdout_dev jtag_uart_0 --sopc_system_name nios_system --quartus_project_dir "S:/CPET_561/DE1_SoC_Lab7" --jdi ../..//output_files/DE1_SoC_Lab7.jdi --sopcinfo S:/CPET_561/DE1_SoC_Lab7/software/Lab7_Part4_bsp/../../nios_system.sopcinfo
Info: (Lab7_Part4.elf) 9388 Bytes program size (code + initialized data).
Info:                  6272 Bytes free for stack + heap.
Info: Creating Lab7_Part4.objdump
nios2-elf-objdump --disassemble --syms --all-header --source Lab7_Part4.elf >Lab7_Part4.objdump
[Lab7_Part4 build complete]
13:48:55 **** Incremental Build of configuration Nios II for project Lab7_Part4_bsp ****
make all 
[BSP build complete]
13:49:23 **** Incremental Build of configuration Nios II for project Lab7_Part4 ****
make all 
Info: Building ../Lab7_Part4_bsp/
C:/intelFPGA/18.1/nios2eds/bin/gnu/H-x86_64-mingw32/bin/make --no-print-directory -C ../Lab7_Part4_bsp/
[BSP build complete]
Info: Compiling Lab7_Part4.c to obj/default/Lab7_Part4.o
nios2-elf-gcc -xc -MP -MMD -c -I../Lab7_Part4_bsp//HAL/inc -I../Lab7_Part4_bsp/ -I../Lab7_Part4_bsp//drivers/inc  -pipe -D__hal__ -DALT_NO_C_PLUS_PLUS -DALT_NO_INSTRUCTION_EMULATION -DALT_USE_SMALL_DRIVERS -DSMALL_C_LIB -DALT_SINGLE_THREADED    -O0 -g -Wall   -mno-hw-div -mno-hw-mul -mno-hw-mulx -mgpopt=global  -o obj/default/Lab7_Part4.o Lab7_Part4.c
Info: Linking Lab7_Part4.elf
nios2-elf-g++  -T'../Lab7_Part4_bsp//linker.x' -msys-crt0='../Lab7_Part4_bsp//obj/HAL/src/crt0.o' -msys-lib=hal_bsp -L../Lab7_Part4_bsp/  -msmallc  -Wl,-Map=Lab7_Part4.map   -O0 -g -Wall   -mno-hw-div -mno-hw-mul -mno-hw-mulx -mgpopt=global  -o Lab7_Part4.elf obj/default/Lab7_Part4.o -lm -msys-lib=m
nios2-elf-insert Lab7_Part4.elf --thread_model hal --cpu_name nios2_gen2_0 --qsys true --simulation_enabled false --id 0 --sidp 0x9028 --timestamp 1743013979 --stderr_dev jtag_uart_0 --stdin_dev jtag_uart_0 --stdout_dev jtag_uart_0 --sopc_system_name nios_system --quartus_project_dir "S:/CPET_561/DE1_SoC_Lab7" --jdi ../..//output_files/DE1_SoC_Lab7.jdi --sopcinfo S:/CPET_561/DE1_SoC_Lab7/software/Lab7_Part4_bsp/../../nios_system.sopcinfo
Info: (Lab7_Part4.elf) 9388 Bytes program size (code + initialized data).
Info:                  6272 Bytes free for stack + heap.
Info: Creating Lab7_Part4.objdump
nios2-elf-objdump --disassemble --syms --all-header --source Lab7_Part4.elf >Lab7_Part4.objdump
[Lab7_Part4 build complete]
13:49:26 **** Incremental Build of configuration Nios II for project Lab7_Part4_bsp ****
make all 
[BSP build complete]
13:49:42 **** Incremental Build of configuration Nios II for project Lab7_Part4 ****
make all 
Info: Building ../Lab7_Part4_bsp/
C:/intelFPGA/18.1/nios2eds/bin/gnu/H-x86_64-mingw32/bin/make --no-print-directory -C ../Lab7_Part4_bsp/
[BSP build complete]
[Lab7_Part4 build complete]
13:51:35 **** Incremental Build of configuration Nios II for project Lab7_Part4 ****
make all 
Info: Building ../Lab7_Part4_bsp/
C:/intelFPGA/18.1/nios2eds/bin/gnu/H-x86_64-mingw32/bin/make --no-print-directory -C ../Lab7_Part4_bsp/
[BSP build complete]
Info: Compiling Lab7_Part4.c to obj/default/Lab7_Part4.o
nios2-elf-gcc -xc -MP -MMD -c -I../Lab7_Part4_bsp//HAL/inc -I../Lab7_Part4_bsp/ -I../Lab7_Part4_bsp//drivers/inc  -pipe -D__hal__ -DALT_NO_C_PLUS_PLUS -DALT_NO_INSTRUCTION_EMULATION -DALT_USE_SMALL_DRIVERS -DSMALL_C_LIB -DALT_SINGLE_THREADED    -O0 -g -Wall   -mno-hw-div -mno-hw-mul -mno-hw-mulx -mgpopt=global  -o obj/default/Lab7_Part4.o Lab7_Part4.c
Info: Linking Lab7_Part4.elf
nios2-elf-g++  -T'../Lab7_Part4_bsp//linker.x' -msys-crt0='../Lab7_Part4_bsp//obj/HAL/src/crt0.o' -msys-lib=hal_bsp -L../Lab7_Part4_bsp/  -msmallc  -Wl,-Map=Lab7_Part4.map   -O0 -g -Wall   -mno-hw-div -mno-hw-mul -mno-hw-mulx -mgpopt=global  -o Lab7_Part4.elf obj/default/Lab7_Part4.o -lm -msys-lib=m
nios2-elf-insert Lab7_Part4.elf --thread_model hal --cpu_name nios2_gen2_0 --qsys true --simulation_enabled false --id 0 --sidp 0x9028 --timestamp 1743013979 --stderr_dev jtag_uart_0 --stdin_dev jtag_uart_0 --stdout_dev jtag_uart_0 --sopc_system_name nios_system --quartus_project_dir "S:/CPET_561/DE1_SoC_Lab7" --jdi ../..//output_files/DE1_SoC_Lab7.jdi --sopcinfo S:/CPET_561/DE1_SoC_Lab7/software/Lab7_Part4_bsp/../../nios_system.sopcinfo
Info: (Lab7_Part4.elf) 9388 Bytes program size (code + initialized data).
Info:                  6272 Bytes free for stack + heap.
Info: Creating Lab7_Part4.objdump
nios2-elf-objdump --disassemble --syms --all-header --source Lab7_Part4.elf >Lab7_Part4.objdump
[Lab7_Part4 build complete]
13:51:38 **** Incremental Build of configuration Nios II for project Lab7_Part4_bsp ****
make all 
[BSP build complete]
13:51:55 **** Incremental Build of configuration Nios II for project Lab7_Part4 ****
make all 
Info: Building ../Lab7_Part4_bsp/
C:/intelFPGA/18.1/nios2eds/bin/gnu/H-x86_64-mingw32/bin/make --no-print-directory -C ../Lab7_Part4_bsp/
[BSP build complete]
Info: Compiling Lab7_Part4.c to obj/default/Lab7_Part4.o
nios2-elf-gcc -xc -MP -MMD -c -I../Lab7_Part4_bsp//HAL/inc -I../Lab7_Part4_bsp/ -I../Lab7_Part4_bsp//drivers/inc  -pipe -D__hal__ -DALT_NO_C_PLUS_PLUS -DALT_NO_INSTRUCTION_EMULATION -DALT_USE_SMALL_DRIVERS -DSMALL_C_LIB -DALT_SINGLE_THREADED    -O0 -g -Wall   -mno-hw-div -mno-hw-mul -mno-hw-mulx -mgpopt=global  -o obj/default/Lab7_Part4.o Lab7_Part4.c
Info: Linking Lab7_Part4.elf
nios2-elf-g++  -T'../Lab7_Part4_bsp//linker.x' -msys-crt0='../Lab7_Part4_bsp//obj/HAL/src/crt0.o' -msys-lib=hal_bsp -L../Lab7_Part4_bsp/  -msmallc  -Wl,-Map=Lab7_Part4.map   -O0 -g -Wall   -mno-hw-div -mno-hw-mul -mno-hw-mulx -mgpopt=global  -o Lab7_Part4.elf obj/default/Lab7_Part4.o -lm -msys-lib=m
nios2-elf-insert Lab7_Part4.elf --thread_model hal --cpu_name nios2_gen2_0 --qsys true --simulation_enabled false --id 0 --sidp 0x9028 --timestamp 1743013979 --stderr_dev jtag_uart_0 --stdin_dev jtag_uart_0 --stdout_dev jtag_uart_0 --sopc_system_name nios_system --quartus_project_dir "S:/CPET_561/DE1_SoC_Lab7" --jdi ../..//output_files/DE1_SoC_Lab7.jdi --sopcinfo S:/CPET_561/DE1_SoC_Lab7/software/Lab7_Part4_bsp/../../nios_system.sopcinfo
Info: (Lab7_Part4.elf) 9244 Bytes program size (code + initialized data).
Info:                  6416 Bytes free for stack + heap.
Info: Creating Lab7_Part4.objdump
nios2-elf-objdump --disassemble --syms --all-header --source Lab7_Part4.elf >Lab7_Part4.objdump
[Lab7_Part4 build complete]
13:55:13 **** Incremental Build of configuration Nios II for project Lab7_Part4 ****
make all 
Info: Building ../Lab7_Part4_bsp/
C:/intelFPGA/18.1/nios2eds/bin/gnu/H-x86_64-mingw32/bin/make --no-print-directory -C ../Lab7_Part4_bsp/
[BSP build complete]
Info: Compiling Lab7_Part4.c to obj/default/Lab7_Part4.o
nios2-elf-gcc -xc -MP -MMD -c -I../Lab7_Part4_bsp//HAL/inc -I../Lab7_Part4_bsp/ -I../Lab7_Part4_bsp//drivers/inc  -pipe -D__hal__ -DALT_NO_C_PLUS_PLUS -DALT_NO_INSTRUCTION_EMULATION -DALT_USE_SMALL_DRIVERS -DSMALL_C_LIB -DALT_SINGLE_THREADED    -O0 -g -Wall   -mno-hw-div -mno-hw-mul -mno-hw-mulx -mgpopt=global  -o obj/default/Lab7_Part4.o Lab7_Part4.c
Lab7_Part4.c: In function 'main':
Lab7_Part4.c:137:9: error: 'key_val' undeclared (first use in this function)
         key_val = (pio_read(KEY_BASE, 0);
         ^
Lab7_Part4.c:137:9: note: each undeclared identifier is reported only once for each function it appears in
Lab7_Part4.c:137:41: error: expected ')' before ';' token
         key_val = (pio_read(KEY_BASE, 0);
                                         ^
Lab7_Part4.c:146:5: error: expected ';' before '}' token
     }
     ^
make: *** [obj/default/Lab7_Part4.o] Error 1
13:55:16 **** Incremental Build of configuration Nios II for project Lab7_Part4_bsp ****
make all 
[BSP build complete]
13:55:33 **** Incremental Build of configuration Nios II for project Lab7_Part4 ****
make all 
Info: Building ../Lab7_Part4_bsp/
C:/intelFPGA/18.1/nios2eds/bin/gnu/H-x86_64-mingw32/bin/make --no-print-directory -C ../Lab7_Part4_bsp/
[BSP build complete]
Info: Compiling Lab7_Part4.c to obj/default/Lab7_Part4.o
nios2-elf-gcc -xc -MP -MMD -c -I../Lab7_Part4_bsp//HAL/inc -I../Lab7_Part4_bsp/ -I../Lab7_Part4_bsp//drivers/inc  -pipe -D__hal__ -DALT_NO_C_PLUS_PLUS -DALT_NO_INSTRUCTION_EMULATION -DALT_USE_SMALL_DRIVERS -DSMALL_C_LIB -DALT_SINGLE_THREADED    -O0 -g -Wall   -mno-hw-div -mno-hw-mul -mno-hw-mulx -mgpopt=global  -o obj/default/Lab7_Part4.o Lab7_Part4.c
Lab7_Part4.c: In function 'main':
Lab7_Part4.c:137:9: error: 'key_val' undeclared (first use in this function)
         key_val = (pio_read(KEY_BASE, 0));
         ^
Lab7_Part4.c:137:9: note: each undeclared identifier is reported only once for each function it appears in
make: *** [obj/default/Lab7_Part4.o] Error 1
13:55:35 **** Incremental Build of configuration Nios II for project Lab7_Part4_bsp ****
make all 
[BSP build complete]
13:55:44 **** Incremental Build of configuration Nios II for project Lab7_Part4 ****
make all 
Info: Building ../Lab7_Part4_bsp/
C:/intelFPGA/18.1/nios2eds/bin/gnu/H-x86_64-mingw32/bin/make --no-print-directory -C ../Lab7_Part4_bsp/
[BSP build complete]
Info: Compiling Lab7_Part4.c to obj/default/Lab7_Part4.o
nios2-elf-gcc -xc -MP -MMD -c -I../Lab7_Part4_bsp//HAL/inc -I../Lab7_Part4_bsp/ -I../Lab7_Part4_bsp//drivers/inc  -pipe -D__hal__ -DALT_NO_C_PLUS_PLUS -DALT_NO_INSTRUCTION_EMULATION -DALT_USE_SMALL_DRIVERS -DSMALL_C_LIB -DALT_SINGLE_THREADED    -O0 -g -Wall   -mno-hw-div -mno-hw-mul -mno-hw-mulx -mgpopt=global  -o obj/default/Lab7_Part4.o Lab7_Part4.c
Info: Linking Lab7_Part4.elf
nios2-elf-g++  -T'../Lab7_Part4_bsp//linker.x' -msys-crt0='../Lab7_Part4_bsp//obj/HAL/src/crt0.o' -msys-lib=hal_bsp -L../Lab7_Part4_bsp/  -msmallc  -Wl,-Map=Lab7_Part4.map   -O0 -g -Wall   -mno-hw-div -mno-hw-mul -mno-hw-mulx -mgpopt=global  -o Lab7_Part4.elf obj/default/Lab7_Part4.o -lm -msys-lib=m
nios2-elf-insert Lab7_Part4.elf --thread_model hal --cpu_name nios2_gen2_0 --qsys true --simulation_enabled false --id 0 --sidp 0x9028 --timestamp 1743013979 --stderr_dev jtag_uart_0 --stdin_dev jtag_uart_0 --stdout_dev jtag_uart_0 --sopc_system_name nios_system --quartus_project_dir "S:/CPET_561/DE1_SoC_Lab7" --jdi ../..//output_files/DE1_SoC_Lab7.jdi --sopcinfo S:/CPET_561/DE1_SoC_Lab7/software/Lab7_Part4_bsp/../../nios_system.sopcinfo
Info: (Lab7_Part4.elf) 9412 Bytes program size (code + initialized data).
Info:                  6248 Bytes free for stack + heap.
Info: Creating Lab7_Part4.objdump
nios2-elf-objdump --disassemble --syms --all-header --source Lab7_Part4.elf >Lab7_Part4.objdump
[Lab7_Part4 build complete]
13:55:47 **** Incremental Build of configuration Nios II for project Lab7_Part4_bsp ****
make all 
[BSP build complete]
13:56:02 **** Incremental Build of configuration Nios II for project Lab7_Part4 ****
make all 
Info: Building ../Lab7_Part4_bsp/
C:/intelFPGA/18.1/nios2eds/bin/gnu/H-x86_64-mingw32/bin/make --no-print-directory -C ../Lab7_Part4_bsp/
[BSP build complete]
Info: Compiling Lab7_Part4.c to obj/default/Lab7_Part4.o
nios2-elf-gcc -xc -MP -MMD -c -I../Lab7_Part4_bsp//HAL/inc -I../Lab7_Part4_bsp/ -I../Lab7_Part4_bsp//drivers/inc  -pipe -D__hal__ -DALT_NO_C_PLUS_PLUS -DALT_NO_INSTRUCTION_EMULATION -DALT_USE_SMALL_DRIVERS -DSMALL_C_LIB -DALT_SINGLE_THREADED    -O0 -g -Wall   -mno-hw-div -mno-hw-mul -mno-hw-mulx -mgpopt=global  -o obj/default/Lab7_Part4.o Lab7_Part4.c
Info: Linking Lab7_Part4.elf
nios2-elf-g++  -T'../Lab7_Part4_bsp//linker.x' -msys-crt0='../Lab7_Part4_bsp//obj/HAL/src/crt0.o' -msys-lib=hal_bsp -L../Lab7_Part4_bsp/  -msmallc  -Wl,-Map=Lab7_Part4.map   -O0 -g -Wall   -mno-hw-div -mno-hw-mul -mno-hw-mulx -mgpopt=global  -o Lab7_Part4.elf obj/default/Lab7_Part4.o -lm -msys-lib=m
nios2-elf-insert Lab7_Part4.elf --thread_model hal --cpu_name nios2_gen2_0 --qsys true --simulation_enabled false --id 0 --sidp 0x9028 --timestamp 1743013979 --stderr_dev jtag_uart_0 --stdin_dev jtag_uart_0 --stdout_dev jtag_uart_0 --sopc_system_name nios_system --quartus_project_dir "S:/CPET_561/DE1_SoC_Lab7" --jdi ../..//output_files/DE1_SoC_Lab7.jdi --sopcinfo S:/CPET_561/DE1_SoC_Lab7/software/Lab7_Part4_bsp/../../nios_system.sopcinfo
Info: (Lab7_Part4.elf) 9412 Bytes program size (code + initialized data).
Info:                  6248 Bytes free for stack + heap.
Info: Creating Lab7_Part4.objdump
nios2-elf-objdump --disassemble --syms --all-header --source Lab7_Part4.elf >Lab7_Part4.objdump
[Lab7_Part4 build complete]
14:11:39 **** Incremental Build of configuration Nios II for project Lab7_Part4 ****
make all 
Info: Building ../Lab7_Part4_bsp/
C:/intelFPGA/18.1/nios2eds/bin/gnu/H-x86_64-mingw32/bin/make --no-print-directory -C ../Lab7_Part4_bsp/
[BSP build complete]
Info: Compiling Lab7_Part4.c to obj/default/Lab7_Part4.o
nios2-elf-gcc -xc -MP -MMD -c -I../Lab7_Part4_bsp//HAL/inc -I../Lab7_Part4_bsp/ -I../Lab7_Part4_bsp//drivers/inc  -pipe -D__hal__ -DALT_NO_C_PLUS_PLUS -DALT_NO_INSTRUCTION_EMULATION -DALT_USE_SMALL_DRIVERS -DSMALL_C_LIB -DALT_SINGLE_THREADED    -O0 -g -Wall   -mno-hw-div -mno-hw-mul -mno-hw-mulx -mgpopt=global  -o obj/default/Lab7_Part4.o Lab7_Part4.c
Lab7_Part4.c: In function 'main':
Lab7_Part4.c:154:9: warning: implicit declaration of function 'alt_ic_isr_register' [-Wimplicit-function-declaration]
         alt_ic_isr_register(
         ^
Info: Linking Lab7_Part4.elf
nios2-elf-g++  -T'../Lab7_Part4_bsp//linker.x' -msys-crt0='../Lab7_Part4_bsp//obj/HAL/src/crt0.o' -msys-lib=hal_bsp -L../Lab7_Part4_bsp/  -msmallc  -Wl,-Map=Lab7_Part4.map   -O0 -g -Wall   -mno-hw-div -mno-hw-mul -mno-hw-mulx -mgpopt=global  -o Lab7_Part4.elf obj/default/Lab7_Part4.o -lm -msys-lib=m
nios2-elf-insert Lab7_Part4.elf --thread_model hal --cpu_name nios2_gen2_0 --qsys true --simulation_enabled false --id 0 --sidp 0x9028 --timestamp 1743013979 --stderr_dev jtag_uart_0 --stdin_dev jtag_uart_0 --stdout_dev jtag_uart_0 --sopc_system_name nios_system --quartus_project_dir "S:/CPET_561/DE1_SoC_Lab7" --jdi ../..//output_files/DE1_SoC_Lab7.jdi --sopcinfo S:/CPET_561/DE1_SoC_Lab7/software/Lab7_Part4_bsp/../../nios_system.sopcinfo
Info: (Lab7_Part4.elf) 10 KBytes program size (code + initialized data).
Info:                  4508 Bytes free for stack + heap.
Info: Creating Lab7_Part4.objdump
nios2-elf-objdump --disassemble --syms --all-header --source Lab7_Part4.elf >Lab7_Part4.objdump
[Lab7_Part4 build complete]
14:13:04 **** Incremental Build of configuration Nios II for project Lab7_Part4 ****
make all 
Info: Building ../Lab7_Part4_bsp/
C:/intelFPGA/18.1/nios2eds/bin/gnu/H-x86_64-mingw32/bin/make --no-print-directory -C ../Lab7_Part4_bsp/
[BSP build complete]
Info: Compiling Lab7_Part4.c to obj/default/Lab7_Part4.o
nios2-elf-gcc -xc -MP -MMD -c -I../Lab7_Part4_bsp//HAL/inc -I../Lab7_Part4_bsp/ -I../Lab7_Part4_bsp//drivers/inc  -pipe -D__hal__ -DALT_NO_C_PLUS_PLUS -DALT_NO_INSTRUCTION_EMULATION -DALT_USE_SMALL_DRIVERS -DSMALL_C_LIB -DALT_SINGLE_THREADED    -O0 -g -Wall   -mno-hw-div -mno-hw-mul -mno-hw-mulx -mgpopt=global  -o obj/default/Lab7_Part4.o Lab7_Part4.c
Lab7_Part4.c: In function 'main':
Lab7_Part4.c:154:9: warning: implicit declaration of function 'alt_ic_isr_register' [-Wimplicit-function-declaration]
         alt_ic_isr_register(
         ^
Info: Linking Lab7_Part4.elf
nios2-elf-g++  -T'../Lab7_Part4_bsp//linker.x' -msys-crt0='../Lab7_Part4_bsp//obj/HAL/src/crt0.o' -msys-lib=hal_bsp -L../Lab7_Part4_bsp/  -msmallc  -Wl,-Map=Lab7_Part4.map   -O0 -g -Wall   -mno-hw-div -mno-hw-mul -mno-hw-mulx -mgpopt=global  -o Lab7_Part4.elf obj/default/Lab7_Part4.o -lm -msys-lib=m
nios2-elf-insert Lab7_Part4.elf --thread_model hal --cpu_name nios2_gen2_0 --qsys true --simulation_enabled false --id 0 --sidp 0x9028 --timestamp 1743013979 --stderr_dev jtag_uart_0 --stdin_dev jtag_uart_0 --stdout_dev jtag_uart_0 --sopc_system_name nios_system --quartus_project_dir "S:/CPET_561/DE1_SoC_Lab7" --jdi ../..//output_files/DE1_SoC_Lab7.jdi --sopcinfo S:/CPET_561/DE1_SoC_Lab7/software/Lab7_Part4_bsp/../../nios_system.sopcinfo
Info: (Lab7_Part4.elf) 10 KBytes program size (code + initialized data).
Info:                  4508 Bytes free for stack + heap.
Info: Creating Lab7_Part4.objdump
nios2-elf-objdump --disassemble --syms --all-header --source Lab7_Part4.elf >Lab7_Part4.objdump
[Lab7_Part4 build complete]
14:13:06 **** Incremental Build of configuration Nios II for project Lab7_Part4_bsp ****
make all 
[BSP build complete]
14:13:40 **** Incremental Build of configuration Nios II for project Lab7_Part4 ****
make all 
Info: Building ../Lab7_Part4_bsp/
C:/intelFPGA/18.1/nios2eds/bin/gnu/H-x86_64-mingw32/bin/make --no-print-directory -C ../Lab7_Part4_bsp/
[BSP build complete]
[Lab7_Part4 build complete]
14:18:33 **** Incremental Build of configuration Nios II for project Lab7_Part4 ****
make all 
Info: Building ../Lab7_Part4_bsp/
C:/intelFPGA/18.1/nios2eds/bin/gnu/H-x86_64-mingw32/bin/make --no-print-directory -C ../Lab7_Part4_bsp/
[BSP build complete]
Info: Compiling Lab7_Part4.c to obj/default/Lab7_Part4.o
nios2-elf-gcc -xc -MP -MMD -c -I../Lab7_Part4_bsp//HAL/inc -I../Lab7_Part4_bsp/ -I../Lab7_Part4_bsp//drivers/inc  -pipe -D__hal__ -DALT_NO_C_PLUS_PLUS -DALT_NO_INSTRUCTION_EMULATION -DALT_USE_SMALL_DRIVERS -DSMALL_C_LIB -DALT_SINGLE_THREADED    -O0 -g -Wall   -mno-hw-div -mno-hw-mul -mno-hw-mulx -mgpopt=global  -o obj/default/Lab7_Part4.o Lab7_Part4.c
Lab7_Part4.c: In function 'main':
Lab7_Part4.c:158:9: warning: implicit declaration of function 'alt_ic_isr_register' [-Wimplicit-function-declaration]
         alt_ic_isr_register(
         ^
Info: Linking Lab7_Part4.elf
nios2-elf-g++  -T'../Lab7_Part4_bsp//linker.x' -msys-crt0='../Lab7_Part4_bsp//obj/HAL/src/crt0.o' -msys-lib=hal_bsp -L../Lab7_Part4_bsp/  -msmallc  -Wl,-Map=Lab7_Part4.map   -O0 -g -Wall   -mno-hw-div -mno-hw-mul -mno-hw-mulx -mgpopt=global  -o Lab7_Part4.elf obj/default/Lab7_Part4.o -lm -msys-lib=m
nios2-elf-insert Lab7_Part4.elf --thread_model hal --cpu_name nios2_gen2_0 --qsys true --simulation_enabled false --id 0 --sidp 0x9028 --timestamp 1743013979 --stderr_dev jtag_uart_0 --stdin_dev jtag_uart_0 --stdout_dev jtag_uart_0 --sopc_system_name nios_system --quartus_project_dir "S:/CPET_561/DE1_SoC_Lab7" --jdi ../..//output_files/DE1_SoC_Lab7.jdi --sopcinfo S:/CPET_561/DE1_SoC_Lab7/software/Lab7_Part4_bsp/../../nios_system.sopcinfo
Info: (Lab7_Part4.elf) 10 KBytes program size (code + initialized data).
Info:                  4456 Bytes free for stack + heap.
Info: Creating Lab7_Part4.objdump
nios2-elf-objdump --disassemble --syms --all-header --source Lab7_Part4.elf >Lab7_Part4.objdump
[Lab7_Part4 build complete]
14:19:28 **** Incremental Build of configuration Nios II for project Lab7_Part4 ****
make all 
Info: Building ../Lab7_Part4_bsp/
C:/intelFPGA/18.1/nios2eds/bin/gnu/H-x86_64-mingw32/bin/make --no-print-directory -C ../Lab7_Part4_bsp/
[BSP build complete]
Info: Compiling Lab7_Part4.c to obj/default/Lab7_Part4.o
nios2-elf-gcc -xc -MP -MMD -c -I../Lab7_Part4_bsp//HAL/inc -I../Lab7_Part4_bsp/ -I../Lab7_Part4_bsp//drivers/inc  -pipe -D__hal__ -DALT_NO_C_PLUS_PLUS -DALT_NO_INSTRUCTION_EMULATION -DALT_USE_SMALL_DRIVERS -DSMALL_C_LIB -DALT_SINGLE_THREADED    -O0 -g -Wall   -mno-hw-div -mno-hw-mul -mno-hw-mulx -mgpopt=global  -o obj/default/Lab7_Part4.o Lab7_Part4.c
Info: Linking Lab7_Part4.elf
nios2-elf-g++  -T'../Lab7_Part4_bsp//linker.x' -msys-crt0='../Lab7_Part4_bsp//obj/HAL/src/crt0.o' -msys-lib=hal_bsp -L../Lab7_Part4_bsp/  -msmallc  -Wl,-Map=Lab7_Part4.map   -O0 -g -Wall   -mno-hw-div -mno-hw-mul -mno-hw-mulx -mgpopt=global  -o Lab7_Part4.elf obj/default/Lab7_Part4.o -lm -msys-lib=m
nios2-elf-insert Lab7_Part4.elf --thread_model hal --cpu_name nios2_gen2_0 --qsys true --simulation_enabled false --id 0 --sidp 0x9028 --timestamp 1743013979 --stderr_dev jtag_uart_0 --stdin_dev jtag_uart_0 --stdout_dev jtag_uart_0 --sopc_system_name nios_system --quartus_project_dir "S:/CPET_561/DE1_SoC_Lab7" --jdi ../..//output_files/DE1_SoC_Lab7.jdi --sopcinfo S:/CPET_561/DE1_SoC_Lab7/software/Lab7_Part4_bsp/../../nios_system.sopcinfo
Info: (Lab7_Part4.elf) 10 KBytes program size (code + initialized data).
Info:                  4456 Bytes free for stack + heap.
Info: Creating Lab7_Part4.objdump
nios2-elf-objdump --disassemble --syms --all-header --source Lab7_Part4.elf >Lab7_Part4.objdump
[Lab7_Part4 build complete]
14:19:32 **** Incremental Build of configuration Nios II for project Lab7_Part4_bsp ****
make all 
[BSP build complete]
14:20:09 **** Incremental Build of configuration Nios II for project Lab7_Part4 ****
make all 
Info: Building ../Lab7_Part4_bsp/
C:/intelFPGA/18.1/nios2eds/bin/gnu/H-x86_64-mingw32/bin/make --no-print-directory -C ../Lab7_Part4_bsp/
[BSP build complete]
Info: Compiling Lab7_Part4.c to obj/default/Lab7_Part4.o
nios2-elf-gcc -xc -MP -MMD -c -I../Lab7_Part4_bsp//HAL/inc -I../Lab7_Part4_bsp/ -I../Lab7_Part4_bsp//drivers/inc  -pipe -D__hal__ -DALT_NO_C_PLUS_PLUS -DALT_NO_INSTRUCTION_EMULATION -DALT_USE_SMALL_DRIVERS -DSMALL_C_LIB -DALT_SINGLE_THREADED    -O0 -g -Wall   -mno-hw-div -mno-hw-mul -mno-hw-mulx -mgpopt=global  -o obj/default/Lab7_Part4.o Lab7_Part4.c
Info: Linking Lab7_Part4.elf
nios2-elf-g++  -T'../Lab7_Part4_bsp//linker.x' -msys-crt0='../Lab7_Part4_bsp//obj/HAL/src/crt0.o' -msys-lib=hal_bsp -L../Lab7_Part4_bsp/  -msmallc  -Wl,-Map=Lab7_Part4.map   -O0 -g -Wall   -mno-hw-div -mno-hw-mul -mno-hw-mulx -mgpopt=global  -o Lab7_Part4.elf obj/default/Lab7_Part4.o -lm -msys-lib=m
nios2-elf-insert Lab7_Part4.elf --thread_model hal --cpu_name nios2_gen2_0 --qsys true --simulation_enabled false --id 0 --sidp 0x9028 --timestamp 1743013979 --stderr_dev jtag_uart_0 --stdin_dev jtag_uart_0 --stdout_dev jtag_uart_0 --sopc_system_name nios_system --quartus_project_dir "S:/CPET_561/DE1_SoC_Lab7" --jdi ../..//output_files/DE1_SoC_Lab7.jdi --sopcinfo S:/CPET_561/DE1_SoC_Lab7/software/Lab7_Part4_bsp/../../nios_system.sopcinfo
Info: (Lab7_Part4.elf) 10 KBytes program size (code + initialized data).
Info:                  4456 Bytes free for stack + heap.
Info: Creating Lab7_Part4.objdump
nios2-elf-objdump --disassemble --syms --all-header --source Lab7_Part4.elf >Lab7_Part4.objdump
[Lab7_Part4 build complete]
14:20:12 **** Incremental Build of configuration Nios II for project Lab7_Part4_bsp ****
make all 
[BSP build complete]
14:20:24 **** Incremental Build of configuration Nios II for project Lab7_Part4 ****
make all 
Info: Building ../Lab7_Part4_bsp/
C:/intelFPGA/18.1/nios2eds/bin/gnu/H-x86_64-mingw32/bin/make --no-print-directory -C ../Lab7_Part4_bsp/
[BSP build complete]
[Lab7_Part4 build complete]
14:35:37 **** Incremental Build of configuration Nios II for project Lab7_Part4 ****
make all 
Info: Building ../Lab7_Part4_bsp/
C:/intelFPGA/18.1/nios2eds/bin/gnu/H-x86_64-mingw32/bin/make --no-print-directory -C ../Lab7_Part4_bsp/
[BSP build complete]
Info: Compiling Lab7_Part4.c to obj/default/Lab7_Part4.o
nios2-elf-gcc -xc -MP -MMD -c -I../Lab7_Part4_bsp//HAL/inc -I../Lab7_Part4_bsp/ -I../Lab7_Part4_bsp//drivers/inc  -pipe -D__hal__ -DALT_NO_C_PLUS_PLUS -DALT_NO_INSTRUCTION_EMULATION -DALT_USE_SMALL_DRIVERS -DSMALL_C_LIB -DALT_SINGLE_THREADED    -O0 -g -Wall   -mno-hw-div -mno-hw-mul -mno-hw-mulx -mgpopt=global  -o obj/default/Lab7_Part4.o Lab7_Part4.c
Info: Linking Lab7_Part4.elf
nios2-elf-g++  -T'../Lab7_Part4_bsp//linker.x' -msys-crt0='../Lab7_Part4_bsp//obj/HAL/src/crt0.o' -msys-lib=hal_bsp -L../Lab7_Part4_bsp/  -msmallc  -Wl,-Map=Lab7_Part4.map   -O0 -g -Wall   -mno-hw-div -mno-hw-mul -mno-hw-mulx -mgpopt=global  -o Lab7_Part4.elf obj/default/Lab7_Part4.o -lm -msys-lib=m
nios2-elf-insert Lab7_Part4.elf --thread_model hal --cpu_name nios2_gen2_0 --qsys true --simulation_enabled false --id 0 --sidp 0x9028 --timestamp 1743013979 --stderr_dev jtag_uart_0 --stdin_dev jtag_uart_0 --stdout_dev jtag_uart_0 --sopc_system_name nios_system --quartus_project_dir "S:/CPET_561/DE1_SoC_Lab7" --jdi ../..//output_files/DE1_SoC_Lab7.jdi --sopcinfo S:/CPET_561/DE1_SoC_Lab7/software/Lab7_Part4_bsp/../../nios_system.sopcinfo
Info: (Lab7_Part4.elf) 10 KBytes program size (code + initialized data).
Info:                  4456 Bytes free for stack + heap.
Info: Creating Lab7_Part4.objdump
nios2-elf-objdump --disassemble --syms --all-header --source Lab7_Part4.elf >Lab7_Part4.objdump
[Lab7_Part4 build complete]
14:35:40 **** Incremental Build of configuration Nios II for project Lab7_Part4_bsp ****
make all 
[BSP build complete]
14:35:46 **** Incremental Build of configuration Nios II for project Lab7_Part4 ****
make all 
Info: Building ../Lab7_Part4_bsp/
C:/intelFPGA/18.1/nios2eds/bin/gnu/H-x86_64-mingw32/bin/make --no-print-directory -C ../Lab7_Part4_bsp/
[BSP build complete]
[Lab7_Part4 build complete]
14:35:48 **** Incremental Build of configuration Nios II for project Lab7_Part4_bsp ****
make all 
[BSP build complete]
14:35:55 **** Incremental Build of configuration Nios II for project Lab7_Part4 ****
make all 
Info: Building ../Lab7_Part4_bsp/
C:/intelFPGA/18.1/nios2eds/bin/gnu/H-x86_64-mingw32/bin/make --no-print-directory -C ../Lab7_Part4_bsp/
[BSP build complete]
Info: Compiling Lab7_Part4.c to obj/default/Lab7_Part4.o
nios2-elf-gcc -xc -MP -MMD -c -I../Lab7_Part4_bsp//HAL/inc -I../Lab7_Part4_bsp/ -I../Lab7_Part4_bsp//drivers/inc  -pipe -D__hal__ -DALT_NO_C_PLUS_PLUS -DALT_NO_INSTRUCTION_EMULATION -DALT_USE_SMALL_DRIVERS -DSMALL_C_LIB -DALT_SINGLE_THREADED    -O0 -g -Wall   -mno-hw-div -mno-hw-mul -mno-hw-mulx -mgpopt=global  -o obj/default/Lab7_Part4.o Lab7_Part4.c
Info: Linking Lab7_Part4.elf
nios2-elf-g++  -T'../Lab7_Part4_bsp//linker.x' -msys-crt0='../Lab7_Part4_bsp//obj/HAL/src/crt0.o' -msys-lib=hal_bsp -L../Lab7_Part4_bsp/  -msmallc  -Wl,-Map=Lab7_Part4.map   -O0 -g -Wall   -mno-hw-div -mno-hw-mul -mno-hw-mulx -mgpopt=global  -o Lab7_Part4.elf obj/default/Lab7_Part4.o -lm -msys-lib=m
nios2-elf-insert Lab7_Part4.elf --thread_model hal --cpu_name nios2_gen2_0 --qsys true --simulation_enabled false --id 0 --sidp 0x9028 --timestamp 1743013979 --stderr_dev jtag_uart_0 --stdin_dev jtag_uart_0 --stdout_dev jtag_uart_0 --sopc_system_name nios_system --quartus_project_dir "S:/CPET_561/DE1_SoC_Lab7" --jdi ../..//output_files/DE1_SoC_Lab7.jdi --sopcinfo S:/CPET_561/DE1_SoC_Lab7/software/Lab7_Part4_bsp/../../nios_system.sopcinfo
Info: (Lab7_Part4.elf) 10 KBytes program size (code + initialized data).
Info:                  4456 Bytes free for stack + heap.
Info: Creating Lab7_Part4.objdump
nios2-elf-objdump --disassemble --syms --all-header --source Lab7_Part4.elf >Lab7_Part4.objdump
[Lab7_Part4 build complete]
14:39:02 **** Incremental Build of configuration Nios II for project Lab7_Part4 ****
make all 
Info: Building ../Lab7_Part4_bsp/
C:/intelFPGA/18.1/nios2eds/bin/gnu/H-x86_64-mingw32/bin/make --no-print-directory -C ../Lab7_Part4_bsp/
[BSP build complete]
[Lab7_Part4 build complete]
14:39:55 **** Incremental Build of configuration Nios II for project Lab7_Part4 ****
make all 
Info: Building ../Lab7_Part4_bsp/
C:/intelFPGA/18.1/nios2eds/bin/gnu/H-x86_64-mingw32/bin/make --no-print-directory -C ../Lab7_Part4_bsp/
[BSP build complete]
[Lab7_Part4 build complete]
14:41:00 **** Incremental Build of configuration Nios II for project Lab7_Part4 ****
make all 
Info: Building ../Lab7_Part4_bsp/
C:/intelFPGA/18.1/nios2eds/bin/gnu/H-x86_64-mingw32/bin/make --no-print-directory -C ../Lab7_Part4_bsp/
[BSP build complete]
[Lab7_Part4 build complete]
15:00:58 **** Incremental Build of configuration Nios II for project Lab7_Part4 ****
make all 
Info: Building ../Lab7_Part4_bsp/
C:/intelFPGA/18.1/nios2eds/bin/gnu/H-x86_64-mingw32/bin/make --no-print-directory -C ../Lab7_Part4_bsp/
[BSP build complete]
Info: Compiling Lab7_Part4.c to obj/default/Lab7_Part4.o
nios2-elf-gcc -xc -MP -MMD -c -I../Lab7_Part4_bsp//HAL/inc -I../Lab7_Part4_bsp/ -I../Lab7_Part4_bsp//drivers/inc  -pipe -D__hal__ -DALT_NO_C_PLUS_PLUS -DALT_NO_INSTRUCTION_EMULATION -DALT_USE_SMALL_DRIVERS -DSMALL_C_LIB -DALT_SINGLE_THREADED    -O0 -g -Wall   -mno-hw-div -mno-hw-mul -mno-hw-mulx -mgpopt=global  -o obj/default/Lab7_Part4.o Lab7_Part4.c
Info: Linking Lab7_Part4.elf
nios2-elf-g++  -T'../Lab7_Part4_bsp//linker.x' -msys-crt0='../Lab7_Part4_bsp//obj/HAL/src/crt0.o' -msys-lib=hal_bsp -L../Lab7_Part4_bsp/  -msmallc  -Wl,-Map=Lab7_Part4.map   -O0 -g -Wall   -mno-hw-div -mno-hw-mul -mno-hw-mulx -mgpopt=global  -o Lab7_Part4.elf obj/default/Lab7_Part4.o -lm -msys-lib=m
nios2-elf-insert Lab7_Part4.elf --thread_model hal --cpu_name nios2_gen2_0 --qsys true --simulation_enabled false --id 0 --sidp 0x9028 --timestamp 1743013979 --stderr_dev jtag_uart_0 --stdin_dev jtag_uart_0 --stdout_dev jtag_uart_0 --sopc_system_name nios_system --quartus_project_dir "S:/CPET_561/DE1_SoC_Lab7/Part3" --jdi ../..//output_files/DE1_SoC_Lab7.jdi --sopcinfo S:/CPET_561/DE1_SoC_Lab7/Part3/software/Lab7_Part4_bsp/../../nios_system.sopcinfo
Info: (Lab7_Part4.elf) 9384 Bytes program size (code + initialized data).
Info:                  6276 Bytes free for stack + heap.
Info: Creating Lab7_Part4.objdump
nios2-elf-objdump --disassemble --syms --all-header --source Lab7_Part4.elf >Lab7_Part4.objdump
[Lab7_Part4 build complete]
15:01:01 **** Incremental Build of configuration Nios II for project Lab7_Part4_bsp ****
make all 
[BSP build complete]
15:01:05 **** Incremental Build of configuration Nios II for project Lab7_Part4 ****
make all 
Info: Building ../Lab7_Part4_bsp/
C:/intelFPGA/18.1/nios2eds/bin/gnu/H-x86_64-mingw32/bin/make --no-print-directory -C ../Lab7_Part4_bsp/
[BSP build complete]
[Lab7_Part4 build complete]
15:01:22 **** Incremental Build of configuration Nios II for project Lab7_Part4 ****
make all 
Info: Building ../Lab7_Part4_bsp/
C:/intelFPGA/18.1/nios2eds/bin/gnu/H-x86_64-mingw32/bin/make --no-print-directory -C ../Lab7_Part4_bsp/
[BSP build complete]
[Lab7_Part4 build complete]
15:02:34 **** Incremental Build of configuration Nios II for project Lab7_Part4 ****
make all 
Info: Building ../Lab7_Part4_bsp/
C:/intelFPGA/18.1/nios2eds/bin/gnu/H-x86_64-mingw32/bin/make --no-print-directory -C ../Lab7_Part4_bsp/
[BSP build complete]
Info: Compiling Lab7_Part4.c to obj/default/Lab7_Part4.o
nios2-elf-gcc -xc -MP -MMD -c -I../Lab7_Part4_bsp//HAL/inc -I../Lab7_Part4_bsp/ -I../Lab7_Part4_bsp//drivers/inc  -pipe -D__hal__ -DALT_NO_C_PLUS_PLUS -DALT_NO_INSTRUCTION_EMULATION -DALT_USE_SMALL_DRIVERS -DSMALL_C_LIB -DALT_SINGLE_THREADED    -O0 -g -Wall   -mno-hw-div -mno-hw-mul -mno-hw-mulx -mgpopt=global  -o obj/default/Lab7_Part4.o Lab7_Part4.c
Info: Linking Lab7_Part4.elf
nios2-elf-g++  -T'../Lab7_Part4_bsp//linker.x' -msys-crt0='../Lab7_Part4_bsp//obj/HAL/src/crt0.o' -msys-lib=hal_bsp -L../Lab7_Part4_bsp/  -msmallc  -Wl,-Map=Lab7_Part4.map   -O0 -g -Wall   -mno-hw-div -mno-hw-mul -mno-hw-mulx -mgpopt=global  -o Lab7_Part4.elf obj/default/Lab7_Part4.o -lm -msys-lib=m
nios2-elf-insert Lab7_Part4.elf --thread_model hal --cpu_name nios2_gen2_0 --qsys true --simulation_enabled false --id 0 --sidp 0x9028 --timestamp 1743013979 --stderr_dev jtag_uart_0 --stdin_dev jtag_uart_0 --stdout_dev jtag_uart_0 --sopc_system_name nios_system --quartus_project_dir "S:/CPET_561/DE1_SoC_Lab7/Part3" --jdi ../..//output_files/DE1_SoC_Lab7.jdi --sopcinfo S:/CPET_561/DE1_SoC_Lab7/Part3/software/Lab7_Part4_bsp/../../nios_system.sopcinfo
Info: (Lab7_Part4.elf) 9384 Bytes program size (code + initialized data).
Info:                  6276 Bytes free for stack + heap.
Info: Creating Lab7_Part4.objdump
nios2-elf-objdump --disassemble --syms --all-header --source Lab7_Part4.elf >Lab7_Part4.objdump
[Lab7_Part4 build complete]
15:04:33 **** Incremental Build of configuration Nios II for project Lab7_Part4 ****
make all 
Info: Building ../Lab7_Part4_bsp/
C:/intelFPGA/18.1/nios2eds/bin/gnu/H-x86_64-mingw32/bin/make --no-print-directory -C ../Lab7_Part4_bsp/
[BSP build complete]
Info: Compiling Lab7_Part4.c to obj/default/Lab7_Part4.o
nios2-elf-gcc -xc -MP -MMD -c -I../Lab7_Part4_bsp//HAL/inc -I../Lab7_Part4_bsp/ -I../Lab7_Part4_bsp//drivers/inc  -pipe -D__hal__ -DALT_NO_C_PLUS_PLUS -DALT_NO_INSTRUCTION_EMULATION -DALT_USE_SMALL_DRIVERS -DSMALL_C_LIB -DALT_SINGLE_THREADED    -O0 -g -Wall   -mno-hw-div -mno-hw-mul -mno-hw-mulx -mgpopt=global  -o obj/default/Lab7_Part4.o Lab7_Part4.c
Info: Linking Lab7_Part4.elf
nios2-elf-g++  -T'../Lab7_Part4_bsp//linker.x' -msys-crt0='../Lab7_Part4_bsp//obj/HAL/src/crt0.o' -msys-lib=hal_bsp -L../Lab7_Part4_bsp/  -msmallc  -Wl,-Map=Lab7_Part4.map   -O0 -g -Wall   -mno-hw-div -mno-hw-mul -mno-hw-mulx -mgpopt=global  -o Lab7_Part4.elf obj/default/Lab7_Part4.o -lm -msys-lib=m
nios2-elf-insert Lab7_Part4.elf --thread_model hal --cpu_name nios2_gen2_0 --qsys true --simulation_enabled false --id 0 --sidp 0x9028 --timestamp 1743013979 --stderr_dev jtag_uart_0 --stdin_dev jtag_uart_0 --stdout_dev jtag_uart_0 --sopc_system_name nios_system --quartus_project_dir "S:/CPET_561/DE1_SoC_Lab7/Part3" --jdi ../..//output_files/DE1_SoC_Lab7.jdi --sopcinfo S:/CPET_561/DE1_SoC_Lab7/Part3/software/Lab7_Part4_bsp/../../nios_system.sopcinfo
Info: (Lab7_Part4.elf) 9500 Bytes program size (code + initialized data).
Info:                  6160 Bytes free for stack + heap.
Info: Creating Lab7_Part4.objdump
nios2-elf-objdump --disassemble --syms --all-header --source Lab7_Part4.elf >Lab7_Part4.objdump
[Lab7_Part4 build complete]
15:04:35 **** Incremental Build of configuration Nios II for project Lab7_Part4_bsp ****
make all 
[BSP build complete]
15:04:37 **** Incremental Build of configuration Nios II for project Lab7_Part4 ****
make all 
Info: Building ../Lab7_Part4_bsp/
C:/intelFPGA/18.1/nios2eds/bin/gnu/H-x86_64-mingw32/bin/make --no-print-directory -C ../Lab7_Part4_bsp/
[BSP build complete]
[Lab7_Part4 build complete]
15:05:08 **** Incremental Build of configuration Nios II for project Lab7_Part4 ****
make all 
Info: Building ../Lab7_Part4_bsp/
C:/intelFPGA/18.1/nios2eds/bin/gnu/H-x86_64-mingw32/bin/make --no-print-directory -C ../Lab7_Part4_bsp/
[BSP build complete]
Info: Compiling Lab7_Part4.c to obj/default/Lab7_Part4.o
nios2-elf-gcc -xc -MP -MMD -c -I../Lab7_Part4_bsp//HAL/inc -I../Lab7_Part4_bsp/ -I../Lab7_Part4_bsp//drivers/inc  -pipe -D__hal__ -DALT_NO_C_PLUS_PLUS -DALT_NO_INSTRUCTION_EMULATION -DALT_USE_SMALL_DRIVERS -DSMALL_C_LIB -DALT_SINGLE_THREADED    -O0 -g -Wall   -mno-hw-div -mno-hw-mul -mno-hw-mulx -mgpopt=global  -o obj/default/Lab7_Part4.o Lab7_Part4.c
Info: Linking Lab7_Part4.elf
nios2-elf-g++  -T'../Lab7_Part4_bsp//linker.x' -msys-crt0='../Lab7_Part4_bsp//obj/HAL/src/crt0.o' -msys-lib=hal_bsp -L../Lab7_Part4_bsp/  -msmallc  -Wl,-Map=Lab7_Part4.map   -O0 -g -Wall   -mno-hw-div -mno-hw-mul -mno-hw-mulx -mgpopt=global  -o Lab7_Part4.elf obj/default/Lab7_Part4.o -lm -msys-lib=m
nios2-elf-insert Lab7_Part4.elf --thread_model hal --cpu_name nios2_gen2_0 --qsys true --simulation_enabled false --id 0 --sidp 0x9028 --timestamp 1743013979 --stderr_dev jtag_uart_0 --stdin_dev jtag_uart_0 --stdout_dev jtag_uart_0 --sopc_system_name nios_system --quartus_project_dir "S:/CPET_561/DE1_SoC_Lab7/Part3" --jdi ../..//output_files/DE1_SoC_Lab7.jdi --sopcinfo S:/CPET_561/DE1_SoC_Lab7/Part3/software/Lab7_Part4_bsp/../../nios_system.sopcinfo
Info: (Lab7_Part4.elf) 9500 Bytes program size (code + initialized data).
Info:                  6160 Bytes free for stack + heap.
Info: Creating Lab7_Part4.objdump
nios2-elf-objdump --disassemble --syms --all-header --source Lab7_Part4.elf >Lab7_Part4.objdump
[Lab7_Part4 build complete]
15:08:32 **** Incremental Build of configuration Nios II for project Lab7_Part4 ****
make all 
Info: Building ../Lab7_Part4_bsp/
C:/intelFPGA/18.1/nios2eds/bin/gnu/H-x86_64-mingw32/bin/make --no-print-directory -C ../Lab7_Part4_bsp/
[BSP build complete]
Info: Compiling Lab7_Part4.c to obj/default/Lab7_Part4.o
nios2-elf-gcc -xc -MP -MMD -c -I../Lab7_Part4_bsp//HAL/inc -I../Lab7_Part4_bsp/ -I../Lab7_Part4_bsp//drivers/inc  -pipe -D__hal__ -DALT_NO_C_PLUS_PLUS -DALT_NO_INSTRUCTION_EMULATION -DALT_USE_SMALL_DRIVERS -DSMALL_C_LIB -DALT_SINGLE_THREADED    -O0 -g -Wall   -mno-hw-div -mno-hw-mul -mno-hw-mulx -mgpopt=global  -o obj/default/Lab7_Part4.o Lab7_Part4.c
Info: Linking Lab7_Part4.elf
nios2-elf-g++  -T'../Lab7_Part4_bsp//linker.x' -msys-crt0='../Lab7_Part4_bsp//obj/HAL/src/crt0.o' -msys-lib=hal_bsp -L../Lab7_Part4_bsp/  -msmallc  -Wl,-Map=Lab7_Part4.map   -O0 -g -Wall   -mno-hw-div -mno-hw-mul -mno-hw-mulx -mgpopt=global  -o Lab7_Part4.elf obj/default/Lab7_Part4.o -lm -msys-lib=m
nios2-elf-insert Lab7_Part4.elf --thread_model hal --cpu_name nios2_gen2_0 --qsys true --simulation_enabled false --id 0 --sidp 0x9028 --timestamp 1743013979 --stderr_dev jtag_uart_0 --stdin_dev jtag_uart_0 --stdout_dev jtag_uart_0 --sopc_system_name nios_system --quartus_project_dir "S:/CPET_561/DE1_SoC_Lab7/Part3" --jdi ../..//output_files/DE1_SoC_Lab7.jdi --sopcinfo S:/CPET_561/DE1_SoC_Lab7/Part3/software/Lab7_Part4_bsp/../../nios_system.sopcinfo
Info: (Lab7_Part4.elf) 9496 Bytes program size (code + initialized data).
Info:                  6164 Bytes free for stack + heap.
Info: Creating Lab7_Part4.objdump
nios2-elf-objdump --disassemble --syms --all-header --source Lab7_Part4.elf >Lab7_Part4.objdump
[Lab7_Part4 build complete]
