Flow report for DE1_SoC_Lab8
Tue Apr 15 14:04:25 2025
Quartus Prime Version 18.1.0 Build 625 09/12/2018 SJ Standard Edition


---------------------
; Table of Contents ;
---------------------
  1. Legal Notice
  2. Flow Summary
  3. Flow Settings
  4. Flow Non-Default Global Settings
  5. Flow Elapsed Time
  6. Flow OS Summary
  7. Flow Log
  8. Flow Messages
  9. Flow Suppressed Messages



----------------
; Legal Notice ;
----------------
Copyright (C) 2018  Intel Corporation. All rights reserved.
Your use of Intel Corporation's design tools, logic functions 
and other software and tools, and its AMPP partner logic 
functions, and any output files from any of the foregoing 
(including device programming or simulation files), and any 
associated documentation or information are expressly subject 
to the terms and conditions of the Intel Program License 
Subscription Agreement, the Intel Quartus Prime License Agreement,
the Intel FPGA IP License Agreement, or other applicable license
agreement, including, without limitation, that your use is for
the sole purpose of programming logic devices manufactured by
Intel and sold by Intel or its authorized distributors.  Please
refer to the applicable agreement for further details.



+-----------------------------------------------------------------------------------+
; Flow Summary                                                                      ;
+---------------------------------+-------------------------------------------------+
; Flow Status                     ; Successful - Tue Apr 15 14:04:17 2025           ;
; Quartus Prime Version           ; 18.1.0 Build 625 09/12/2018 SJ Standard Edition ;
; Revision Name                   ; DE1_SoC_Lab8                                    ;
; Top-level Entity Name           ; low_pass_filter                                 ;
; Family                          ; Cyclone V                                       ;
; Device                          ; 5CSEMA5F31C6                                    ;
; Timing Models                   ; Final                                           ;
; Logic utilization (in ALMs)     ; 105 / 32,070 ( < 1 % )                          ;
; Total registers                 ; 0                                               ;
; Total pins                      ; 35 / 457 ( 8 % )                                ;
; Total virtual pins              ; 0                                               ;
; Total block memory bits         ; 0 / 4,065,280 ( 0 % )                           ;
; Total DSP Blocks                ; 9 / 87 ( 10 % )                                 ;
; Total HSSI RX PCSs              ; 0                                               ;
; Total HSSI PMA RX Deserializers ; 0                                               ;
; Total HSSI TX PCSs              ; 0                                               ;
; Total HSSI PMA TX Serializers   ; 0                                               ;
; Total PLLs                      ; 0 / 6 ( 0 % )                                   ;
; Total DLLs                      ; 0 / 4 ( 0 % )                                   ;
+---------------------------------+-------------------------------------------------+


+-----------------------------------------+
; Flow Settings                           ;
+-------------------+---------------------+
; Option            ; Setting             ;
+-------------------+---------------------+
; Start date & time ; 04/15/2025 14:03:21 ;
; Main task         ; Compilation         ;
; Revision Name     ; DE1_SoC_Lab8        ;
+-------------------+---------------------+


+-----------------------------------------------------------------------------------------------------------------------------+
; Flow Non-Default Global Settings                                                                                            ;
+-------------------------------------+----------------------------------------+---------------+-----------------+------------+
; Assignment Name                     ; Value                                  ; Default Value ; Entity Name     ; Section Id ;
+-------------------------------------+----------------------------------------+---------------+-----------------+------------+
; COMPILER_SIGNATURE_ID               ; 194042949990933.174474020112096        ; --            ; --              ; --         ;
; MAX_CORE_JUNCTION_TEMP              ; 85                                     ; --            ; --              ; --         ;
; MIN_CORE_JUNCTION_TEMP              ; 0                                      ; --            ; --              ; --         ;
; MISC_FILE                           ; multiplier_inst.vhd                    ; --            ; --              ; --         ;
; MISC_FILE                           ; multiplier.cmp                         ; --            ; --              ; --         ;
; PARTITION_COLOR                     ; -- (Not supported for targeted family) ; --            ; low_pass_filter ; Top        ;
; PARTITION_FITTER_PRESERVATION_LEVEL ; -- (Not supported for targeted family) ; --            ; low_pass_filter ; Top        ;
; PARTITION_NETLIST_TYPE              ; -- (Not supported for targeted family) ; --            ; low_pass_filter ; Top        ;
; PROJECT_OUTPUT_DIRECTORY            ; output_files                           ; --            ; --              ; --         ;
; TOP_LEVEL_ENTITY                    ; low_pass_filter                        ; DE1_SoC_Lab8  ; --              ; --         ;
+-------------------------------------+----------------------------------------+---------------+-----------------+------------+


+--------------------------------------------------------------------------------------------------------------------------+
; Flow Elapsed Time                                                                                                        ;
+----------------------+--------------+-------------------------+---------------------+------------------------------------+
; Module Name          ; Elapsed Time ; Average Processors Used ; Peak Virtual Memory ; Total CPU Time (on all processors) ;
+----------------------+--------------+-------------------------+---------------------+------------------------------------+
; Analysis & Synthesis ; 00:00:11     ; 1.0                     ; 4935 MB             ; 00:00:07                           ;
; Fitter               ; 00:00:33     ; 1.0                     ; 7174 MB             ; 00:00:48                           ;
; Assembler            ; 00:00:06     ; 1.0                     ; 4842 MB             ; 00:00:05                           ;
; Timing Analyzer      ; 00:00:07     ; 1.2                     ; 5222 MB             ; 00:00:03                           ;
; Total                ; 00:00:57     ; --                      ; --                  ; 00:01:03                           ;
+----------------------+--------------+-------------------------+---------------------+------------------------------------+


+------------------------------------------------------------------------------------+
; Flow OS Summary                                                                    ;
+----------------------+------------------+------------+------------+----------------+
; Module Name          ; Machine Hostname ; OS Name    ; OS Version ; Processor type ;
+----------------------+------------------+------------+------------+----------------+
; Analysis & Synthesis ; gol-1360-14      ; Windows 10 ; 10.0       ; x86_64         ;
; Fitter               ; gol-1360-14      ; Windows 10 ; 10.0       ; x86_64         ;
; Assembler            ; gol-1360-14      ; Windows 10 ; 10.0       ; x86_64         ;
; Timing Analyzer      ; gol-1360-14      ; Windows 10 ; 10.0       ; x86_64         ;
+----------------------+------------------+------------+------------+----------------+


------------
; Flow Log ;
------------
quartus_map --read_settings_files=on --write_settings_files=off DE1_SoC_Lab8 -c DE1_SoC_Lab8
quartus_fit --read_settings_files=off --write_settings_files=off DE1_SoC_Lab8 -c DE1_SoC_Lab8
quartus_asm --read_settings_files=off --write_settings_files=off DE1_SoC_Lab8 -c DE1_SoC_Lab8
quartus_sta DE1_SoC_Lab8 -c DE1_SoC_Lab8



